{"numTotalTestSuites":476,"numPassedTestSuites":476,"numFailedTestSuites":0,"numPendingTestSuites":0,"numTotalTests":1246,"numPassedTests":1246,"numFailedTests":0,"numPendingTests":0,"numTodoTests":0,"snapshot":{"added":0,"failure":false,"filesAdded":0,"filesRemoved":0,"filesRemovedList":[],"filesUnmatched":0,"filesUpdated":0,"matched":0,"total":0,"unchecked":0,"uncheckedKeysByFile":[],"unmatched":0,"updated":0,"didUpdate":false},"startTime":1750306515402,"success":true,"testResults":[{"assertionResults":[{"ancestorTitles":["toBase26"],"fullName":"toBase26 converts numbers to base-26 without minimumLength","status":"passed","title":"converts numbers to base-26 without minimumLength","duration":0.6933329999992566,"failureMessages":[],"meta":{}},{"ancestorTitles":["toBase26"],"fullName":"toBase26 handles minimumLength parameter correctly","status":"passed","title":"handles minimumLength parameter correctly","duration":0.3324160000011034,"failureMessages":[],"meta":{}},{"ancestorTitles":["toBase26"],"fullName":"toBase26 no padding applied when minimumLength is less than or equal to current length","status":"passed","title":"no padding applied when minimumLength is less than or equal to current length","duration":0.2400420000012673,"failureMessages":[],"meta":{}},{"ancestorTitles":["toBase26"],"fullName":"toBase26 returns deterministic results for same input","status":"passed","title":"returns deterministic results for same input","duration":0.25141699999949196,"failureMessages":[],"meta":{}},{"ancestorTitles":["toBase26"],"fullName":"toBase26 throws error for negative numbers","status":"passed","title":"throws error for negative numbers","duration":0.3013329999994312,"failureMessages":[],"meta":{}},{"ancestorTitles":["toBase26"],"fullName":"toBase26 round-trip conversion works with fromBase26","status":"passed","title":"round-trip conversion works with fromBase26","duration":0.8777079999999842,"failureMessages":[],"meta":{}},{"ancestorTitles":["toBase36"],"fullName":"toBase36 converts numbers to base-36 without minimumLength","status":"passed","title":"converts numbers to base-36 without minimumLength","duration":0.3013749999990978,"failureMessages":[],"meta":{}},{"ancestorTitles":["toBase36"],"fullName":"toBase36 handles useNumbers parameter","status":"passed","title":"handles useNumbers parameter","duration":0.22862500000337604,"failureMessages":[],"meta":{}},{"ancestorTitles":["toBase36"],"fullName":"toBase36 handles minimumLength parameter correctly","status":"passed","title":"handles minimumLength parameter correctly","duration":0.280084000001807,"failureMessages":[],"meta":{}},{"ancestorTitles":["toBase36"],"fullName":"toBase36 maintains CSS validity with padding","status":"passed","title":"maintains CSS validity with padding","duration":0.24379200000112178,"failureMessages":[],"meta":{}},{"ancestorTitles":["toBase36"],"fullName":"toBase36 preserves original functionality without minimumLength","status":"passed","title":"preserves original functionality without minimumLength","duration":0.23549999999886495,"failureMessages":[],"meta":{}},{"ancestorTitles":["toBase36"],"fullName":"toBase36 round-trip conversion works with fromBase36 for basic cases","status":"passed","title":"round-trip conversion works with fromBase36 for basic cases","duration":0.6045000000012806,"failureMessages":[],"meta":{}},{"ancestorTitles":["toCustomBase"],"fullName":"toCustomBase converts using custom alphabet without minimumLength","status":"passed","title":"converts using custom alphabet without minimumLength","duration":0.3498749999998836,"failureMessages":[],"meta":{}},{"ancestorTitles":["toCustomBase"],"fullName":"toCustomBase handles minimumLength parameter correctly","status":"passed","title":"handles minimumLength parameter correctly","duration":0.24508300000161398,"failureMessages":[],"meta":{}},{"ancestorTitles":["toCustomBase"],"fullName":"toCustomBase ensures CSS validity with ensureCssValid=true","status":"passed","title":"ensures CSS validity with ensureCssValid=true","duration":0.22720900000058464,"failureMessages":[],"meta":{}},{"ancestorTitles":["toCustomBase"],"fullName":"toCustomBase allows invalid CSS start with ensureCssValid=false","status":"passed","title":"allows invalid CSS start with ensureCssValid=false","duration":0.2871670000022277,"failureMessages":[],"meta":{}},{"ancestorTitles":["toCustomBase"],"fullName":"toCustomBase handles ensureCssValid with minimumLength","status":"passed","title":"handles ensureCssValid with minimumLength","duration":0.2642500000001746,"failureMessages":[],"meta":{}},{"ancestorTitles":["toCustomBase"],"fullName":"toCustomBase throws error for invalid alphabet","status":"passed","title":"throws error for invalid alphabet","duration":0.284124999998312,"failureMessages":[],"meta":{}},{"ancestorTitles":["toCustomBase"],"fullName":"toCustomBase throws error for alphabet with no CSS-valid characters when ensureCssValid=true","status":"passed","title":"throws error for alphabet with no CSS-valid characters when ensureCssValid=true","duration":0.34129200000097626,"failureMessages":[],"meta":{}},{"ancestorTitles":["toCustomBase"],"fullName":"toCustomBase handles mixed case alphabet","status":"passed","title":"handles mixed case alphabet","duration":0.2828750000007858,"failureMessages":[],"meta":{}},{"ancestorTitles":["Base Conversion Integration"],"fullName":"Base Conversion Integration all functions respect minimumLength consistently","status":"passed","title":"all functions respect minimumLength consistently","duration":0.2730420000007143,"failureMessages":[],"meta":{}},{"ancestorTitles":["Base Conversion Integration"],"fullName":"Base Conversion Integration functions produce different results for same index but different alphabets","status":"passed","title":"functions produce different results for same index but different alphabets","duration":0.2586669999982405,"failureMessages":[],"meta":{}},{"ancestorTitles":["Base Conversion Integration"],"fullName":"Base Conversion Integration padding provides sufficient randomness to avoid patterns","status":"passed","title":"padding provides sufficient randomness to avoid patterns","duration":0.4642500000009022,"failureMessages":[],"meta":{}},{"ancestorTitles":["Base Conversion Integration"],"fullName":"Base Conversion Integration maintains conversion correctness with different alphabets","status":"passed","title":"maintains conversion correctness with different alphabets","duration":1.0698330000013812,"failureMessages":[],"meta":{}},{"ancestorTitles":["Base Conversion Integration"],"fullName":"Base Conversion Integration handles edge cases for minimumLength","status":"passed","title":"handles edge cases for minimumLength","duration":0.2572909999980766,"failureMessages":[],"meta":{}}],"startTime":1750306544724,"endTime":1750306544733.2573,"status":"passed","message":"","name":"/Users/rowan/github/tw-enigma/tw-enigma/packages/core/tests/baseConversion.test.ts"},{"assertionResults":[{"ancestorTitles":["Configuration System","Schema Validation"],"fullName":"Configuration System Schema Validation should validate a complete valid configuration","status":"passed","title":"should validate a complete valid configuration","duration":2.1069580000003043,"failureMessages":[],"meta":{}},{"ancestorTitles":["Configuration System","Schema Validation"],"fullName":"Configuration System Schema Validation should apply defaults for missing optional fields","status":"passed","title":"should apply defaults for missing optional fields","duration":1.2076659999984258,"failureMessages":[],"meta":{}},{"ancestorTitles":["Configuration System","Schema Validation"],"fullName":"Configuration System Schema Validation should reject invalid maxConcurrency values","status":"passed","title":"should reject invalid maxConcurrency values","duration":0.9128330000021379,"failureMessages":[],"meta":{}},{"ancestorTitles":["Configuration System","Schema Validation"],"fullName":"Configuration System Schema Validation should reject invalid types","status":"passed","title":"should reject invalid types","duration":0.5261659999996482,"failureMessages":[],"meta":{}},{"ancestorTitles":["Configuration System","Schema Validation"],"fullName":"Configuration System Schema Validation should validate HTML extractor configuration","status":"passed","title":"should validate HTML extractor configuration","duration":0.37358300000050804,"failureMessages":[],"meta":{}},{"ancestorTitles":["Configuration System","Schema Validation"],"fullName":"Configuration System Schema Validation should reject invalid HTML extractor options","status":"passed","title":"should reject invalid HTML extractor options","duration":0.4557920000006561,"failureMessages":[],"meta":{}},{"ancestorTitles":["Configuration System","Schema Validation"],"fullName":"Configuration System Schema Validation should allow partial HTML extractor configuration","status":"passed","title":"should allow partial HTML extractor configuration","duration":0.3321250000008149,"failureMessages":[],"meta":{}},{"ancestorTitles":["Configuration System","Schema Validation"],"fullName":"Configuration System Schema Validation should validate JavaScript/JSX extractor configuration","status":"passed","title":"should validate JavaScript/JSX extractor configuration","duration":0.87645799999882,"failureMessages":[],"meta":{}},{"ancestorTitles":["Configuration System","Schema Validation"],"fullName":"Configuration System Schema Validation should reject invalid JavaScript extractor options","status":"passed","title":"should reject invalid JavaScript extractor options","duration":1.0348750000011933,"failureMessages":[],"meta":{}},{"ancestorTitles":["Configuration System","Schema Validation"],"fullName":"Configuration System Schema Validation should allow partial JavaScript extractor configuration","status":"passed","title":"should allow partial JavaScript extractor configuration","duration":1.2206670000014128,"failureMessages":[],"meta":{}},{"ancestorTitles":["Configuration System","Configuration File Loading"],"fullName":"Configuration System Configuration File Loading should load JSON configuration file","status":"passed","title":"should load JSON configuration file","duration":8.620209000000614,"failureMessages":[],"meta":{}},{"ancestorTitles":["Configuration System","Configuration File Loading"],"fullName":"Configuration System Configuration File Loading should handle missing configuration file gracefully","status":"passed","title":"should handle missing configuration file gracefully","duration":2.5668750000004366,"failureMessages":[],"meta":{}},{"ancestorTitles":["Configuration System","Configuration File Loading"],"fullName":"Configuration System Configuration File Loading should throw ConfigError for invalid configuration file","status":"passed","title":"should throw ConfigError for invalid configuration file","duration":2.5224579999994603,"failureMessages":[],"meta":{}},{"ancestorTitles":["Configuration System","Configuration File Loading"],"fullName":"Configuration System Configuration File Loading should handle JavaScript configuration file loading limitations","status":"passed","title":"should handle JavaScript configuration file loading limitations","duration":175.9066669999993,"failureMessages":[],"meta":{}},{"ancestorTitles":["Configuration System","Synchronous Configuration Loading"],"fullName":"Configuration System Synchronous Configuration Loading should load configuration synchronously","status":"passed","title":"should load configuration synchronously","duration":1.3547919999982696,"failureMessages":[],"meta":{}},{"ancestorTitles":["Configuration System","Synchronous Configuration Loading"],"fullName":"Configuration System Synchronous Configuration Loading should handle sync loading errors","status":"passed","title":"should handle sync loading errors","duration":1.2931250000001455,"failureMessages":[],"meta":{}},{"ancestorTitles":["Configuration System","CLI Arguments Integration"],"fullName":"Configuration System CLI Arguments Integration should merge CLI arguments with defaults","status":"passed","title":"should merge CLI arguments with defaults","duration":1.8205419999976584,"failureMessages":[],"meta":{}},{"ancestorTitles":["Configuration System","CLI Arguments Integration"],"fullName":"Configuration System CLI Arguments Integration should give CLI arguments precedence over config file","status":"passed","title":"should give CLI arguments precedence over config file","duration":9.014624999999796,"failureMessages":[],"meta":{}},{"ancestorTitles":["Configuration System","CLI Arguments Integration"],"fullName":"Configuration System CLI Arguments Integration should handle undefined CLI arguments gracefully","status":"passed","title":"should handle undefined CLI arguments gracefully","duration":1.4423750000023574,"failureMessages":[],"meta":{}},{"ancestorTitles":["Configuration System","CLI Arguments Integration"],"fullName":"Configuration System CLI Arguments Integration should handle HTML extractor CLI arguments","status":"passed","title":"should handle HTML extractor CLI arguments","duration":1.2767499999972642,"failureMessages":[],"meta":{}},{"ancestorTitles":["Configuration System","CLI Arguments Integration"],"fullName":"Configuration System CLI Arguments Integration should handle JavaScript extractor CLI arguments","status":"passed","title":"should handle JavaScript extractor CLI arguments","duration":1.468457999999373,"failureMessages":[],"meta":{}},{"ancestorTitles":["Configuration System","CLI Arguments Integration"],"fullName":"Configuration System CLI Arguments Integration should merge HTML extractor CLI args with file config","status":"passed","title":"should merge HTML extractor CLI args with file config","duration":1.2196250000015425,"failureMessages":[],"meta":{}},{"ancestorTitles":["Configuration System","Configuration Merging"],"fullName":"Configuration System Configuration Merging should merge nested configuration correctly","status":"passed","title":"should merge nested configuration correctly","duration":1.118916999999783,"failureMessages":[],"meta":{}},{"ancestorTitles":["Configuration System","Configuration Merging"],"fullName":"Configuration System Configuration Merging should handle complex merging scenarios","status":"passed","title":"should handle complex merging scenarios","duration":0.9556670000019949,"failureMessages":[],"meta":{}},{"ancestorTitles":["Configuration System","Error Handling"],"fullName":"Configuration System Error Handling should provide helpful error messages for validation failures","status":"passed","title":"should provide helpful error messages for validation failures","duration":1.249374999999418,"failureMessages":[],"meta":{}},{"ancestorTitles":["Configuration System","Error Handling"],"fullName":"Configuration System Error Handling should handle file loading errors","status":"passed","title":"should handle file loading errors","duration":0.7021660000027623,"failureMessages":[],"meta":{}},{"ancestorTitles":["Configuration System","Convenience Functions"],"fullName":"Configuration System Convenience Functions should provide getConfig convenience function","status":"passed","title":"should provide getConfig convenience function","duration":1.1497909999998228,"failureMessages":[],"meta":{}},{"ancestorTitles":["Configuration System","Convenience Functions"],"fullName":"Configuration System Convenience Functions should provide getConfigSync convenience function","status":"passed","title":"should provide getConfigSync convenience function","duration":0.742500000000291,"failureMessages":[],"meta":{}},{"ancestorTitles":["Configuration System","Sample Configuration"],"fullName":"Configuration System Sample Configuration should generate valid sample configuration","status":"passed","title":"should generate valid sample configuration","duration":0.3007500000021537,"failureMessages":[],"meta":{}},{"ancestorTitles":["Configuration System","Type Safety"],"fullName":"Configuration System Type Safety should enforce TypeScript types for CliArguments","status":"passed","title":"should enforce TypeScript types for CliArguments","duration":0.2540000000008149,"failureMessages":[],"meta":{}},{"ancestorTitles":["Configuration System","Type Safety"],"fullName":"Configuration System Type Safety should enforce TypeScript types for EnigmaConfig","status":"passed","title":"should enforce TypeScript types for EnigmaConfig","duration":0.24004099999729078,"failureMessages":[],"meta":{}},{"ancestorTitles":["Configuration System","Edge Cases"],"fullName":"Configuration System Edge Cases should handle empty configuration file","status":"passed","title":"should handle empty configuration file","duration":0.8487500000010186,"failureMessages":[],"meta":{}},{"ancestorTitles":["Configuration System","Edge Cases"],"fullName":"Configuration System Edge Cases should handle configuration with only some fields","status":"passed","title":"should handle configuration with only some fields","duration":0.7585409999992407,"failureMessages":[],"meta":{}},{"ancestorTitles":["Configuration System","Edge Cases"],"fullName":"Configuration System Edge Cases should handle boolean CLI arguments correctly","status":"passed","title":"should handle boolean CLI arguments correctly","duration":0.8864160000011907,"failureMessages":[],"meta":{}},{"ancestorTitles":["Name Generation Configuration","Schema Validation"],"fullName":"Name Generation Configuration Schema Validation should accept valid nameGeneration config","status":"passed","title":"should accept valid nameGeneration config","duration":0.4807500000024447,"failureMessages":[],"meta":{}},{"ancestorTitles":["Name Generation Configuration","Schema Validation"],"fullName":"Name Generation Configuration Schema Validation should apply defaults for nameGeneration when not provided","status":"passed","title":"should apply defaults for nameGeneration when not provided","duration":0.17470800000228337,"failureMessages":[],"meta":{}},{"ancestorTitles":["Name Generation Configuration","Schema Validation"],"fullName":"Name Generation Configuration Schema Validation should apply defaults for partial nameGeneration config","status":"passed","title":"should apply defaults for partial nameGeneration config","duration":0.20024999999805004,"failureMessages":[],"meta":{}},{"ancestorTitles":["Name Generation Configuration","Schema Validation"],"fullName":"Name Generation Configuration Schema Validation should reject invalid nameGeneration config","status":"passed","title":"should reject invalid nameGeneration config","duration":0.39624999999796273,"failureMessages":[],"meta":{}},{"ancestorTitles":["Name Generation Configuration","CLI Argument Mapping"],"fullName":"Name Generation Configuration CLI Argument Mapping should map nameGeneration CLI arguments correctly","status":"passed","title":"should map nameGeneration CLI arguments correctly","duration":0.4432090000009339,"failureMessages":[],"meta":{}},{"ancestorTitles":["Name Generation Configuration","CLI Argument Mapping"],"fullName":"Name Generation Configuration CLI Argument Mapping should handle partial nameGeneration CLI arguments","status":"passed","title":"should handle partial nameGeneration CLI arguments","duration":0.161459000002651,"failureMessages":[],"meta":{}},{"ancestorTitles":["Name Generation Configuration","CLI Argument Mapping"],"fullName":"Name Generation Configuration CLI Argument Mapping should not create nameGeneration config when no CLI args provided","status":"passed","title":"should not create nameGeneration config when no CLI args provided","duration":0.1361670000005688,"failureMessages":[],"meta":{}},{"ancestorTitles":["Name Generation Configuration","Integration with EnigmaConfig"],"fullName":"Name Generation Configuration Integration with EnigmaConfig should load nameGeneration config from file","status":"passed","title":"should load nameGeneration config from file","duration":0.5526669999999285,"failureMessages":[],"meta":{}},{"ancestorTitles":["Name Generation Configuration","Integration with EnigmaConfig"],"fullName":"Name Generation Configuration Integration with EnigmaConfig should merge CLI args with file config (CLI takes precedence)","status":"passed","title":"should merge CLI args with file config (CLI takes precedence)","duration":0.38491699999940465,"failureMessages":[],"meta":{}},{"ancestorTitles":["Name Generation Configuration","Sample Config Generation"],"fullName":"Name Generation Configuration Sample Config Generation should include nameGeneration section in sample config","status":"passed","title":"should include nameGeneration section in sample config","duration":0.18858299999919836,"failureMessages":[],"meta":{}}],"startTime":1750306542516,"endTime":1750306542746.385,"status":"passed","message":"","name":"/Users/rowan/github/tw-enigma/tw-enigma/packages/core/tests/config.test.ts"},{"assertionResults":[{"ancestorTitles":["Configuration Validation System","JSON Schema Validation"],"fullName":"Configuration Validation System JSON Schema Validation should validate valid configuration","status":"passed","title":"should validate valid configuration","duration":3.059165999999095,"failureMessages":[],"meta":{}},{"ancestorTitles":["Configuration Validation System","JSON Schema Validation"],"fullName":"Configuration Validation System JSON Schema Validation should detect invalid configuration structure","status":"passed","title":"should detect invalid configuration structure","duration":2.962041999999201,"failureMessages":[],"meta":{}},{"ancestorTitles":["Configuration Validation System","JSON Schema Validation"],"fullName":"Configuration Validation System JSON Schema Validation should validate configuration with custom schema","status":"passed","title":"should validate configuration with custom schema","duration":0.5244579999998678,"failureMessages":[],"meta":{}},{"ancestorTitles":["Configuration Validation System","JSON Schema Validation"],"fullName":"Configuration Validation System JSON Schema Validation should handle malformed JSON","status":"passed","title":"should handle malformed JSON","duration":0.5389580000010028,"failureMessages":[],"meta":{}},{"ancestorTitles":["Configuration Validation System","JSON Schema Validation"],"fullName":"Configuration Validation System JSON Schema Validation should validate nested configuration objects","status":"passed","title":"should validate nested configuration objects","duration":0.3560410000027332,"failureMessages":[],"meta":{}},{"ancestorTitles":["Configuration Validation System","Runtime Validation"],"fullName":"Configuration Validation System Runtime Validation should validate file system paths","status":"passed","title":"should validate file system paths","duration":0.9558340000003227,"failureMessages":[],"meta":{}},{"ancestorTitles":["Configuration Validation System","Runtime Validation"],"fullName":"Configuration Validation System Runtime Validation should detect invalid input paths","status":"passed","title":"should detect invalid input paths","duration":0.3663330000017595,"failureMessages":[],"meta":{}},{"ancestorTitles":["Configuration Validation System","Runtime Validation"],"fullName":"Configuration Validation System Runtime Validation should validate resource constraints","status":"passed","title":"should validate resource constraints","duration":0.30916699999943376,"failureMessages":[],"meta":{}},{"ancestorTitles":["Configuration Validation System","Runtime Validation"],"fullName":"Configuration Validation System Runtime Validation should validate concurrency settings","status":"passed","title":"should validate concurrency settings","duration":0.27862499999901047,"failureMessages":[],"meta":{}},{"ancestorTitles":["Configuration Validation System","Runtime Validation"],"fullName":"Configuration Validation System Runtime Validation should validate complete configuration","status":"passed","title":"should validate complete configuration","duration":0.2564170000005106,"failureMessages":[],"meta":{}},{"ancestorTitles":["Configuration Validation System","Configuration File Watching"],"fullName":"Configuration Validation System Configuration File Watching should detect configuration changes","status":"passed","title":"should detect configuration changes","duration":508.63358399999925,"failureMessages":[],"meta":{}},{"ancestorTitles":["Configuration Validation System","Configuration File Watching"],"fullName":"Configuration Validation System Configuration File Watching should validate changes automatically","status":"passed","title":"should validate changes automatically","duration":507.10020799999984,"failureMessages":[],"meta":{}},{"ancestorTitles":["Configuration Validation System","Configuration Defaults"],"fullName":"Configuration Validation System Configuration Defaults should provide development defaults","status":"passed","title":"should provide development defaults","duration":0.7474580000016431,"failureMessages":[],"meta":{}},{"ancestorTitles":["Configuration Validation System","Configuration Defaults"],"fullName":"Configuration Validation System Configuration Defaults should provide production defaults","status":"passed","title":"should provide production defaults","duration":0.6069999999999709,"failureMessages":[],"meta":{}},{"ancestorTitles":["Configuration Validation System","Configuration Defaults"],"fullName":"Configuration Validation System Configuration Defaults should create configuration with fallbacks","status":"passed","title":"should create configuration with fallbacks","duration":3.3466670000016165,"failureMessages":[],"meta":{}},{"ancestorTitles":["Configuration Validation System","Configuration Defaults"],"fullName":"Configuration Validation System Configuration Defaults should apply progressive fallbacks","status":"passed","title":"should apply progressive fallbacks","duration":1.0695840000007593,"failureMessages":[],"meta":{}},{"ancestorTitles":["Configuration Validation System","Configuration Migration"],"fullName":"Configuration Validation System Configuration Migration should detect migration needs","status":"passed","title":"should detect migration needs","duration":1.2883330000004207,"failureMessages":[],"meta":{}},{"ancestorTitles":["Configuration Validation System","Configuration Migration"],"fullName":"Configuration Validation System Configuration Migration should migrate from v0.1.0 to v0.2.0","status":"passed","title":"should migrate from v0.1.0 to v0.2.0","duration":2.362582999998267,"failureMessages":[],"meta":{}},{"ancestorTitles":["Configuration Validation System","Configuration Migration"],"fullName":"Configuration Validation System Configuration Migration should create backup during migration","status":"passed","title":"should create backup during migration","duration":1.7501249999986612,"failureMessages":[],"meta":{}},{"ancestorTitles":["Configuration Validation System","Configuration Migration"],"fullName":"Configuration Validation System Configuration Migration should handle migration errors gracefully","status":"passed","title":"should handle migration errors gracefully","duration":0.9744169999976293,"failureMessages":[],"meta":{}},{"ancestorTitles":["Configuration Validation System","Performance Validation"],"fullName":"Configuration Validation System Performance Validation should analyze configuration performance","status":"passed","title":"should analyze configuration performance","duration":1.6036669999994047,"failureMessages":[],"meta":{}},{"ancestorTitles":["Configuration Validation System","Performance Validation"],"fullName":"Configuration Validation System Performance Validation should detect performance bottlenecks","status":"passed","title":"should detect performance bottlenecks","duration":0.6955830000006245,"failureMessages":[],"meta":{}},{"ancestorTitles":["Configuration Validation System","Performance Validation"],"fullName":"Configuration Validation System Performance Validation should provide optimization recommendations","status":"passed","title":"should provide optimization recommendations","duration":0.6989169999978913,"failureMessages":[],"meta":{}},{"ancestorTitles":["Configuration Validation System","Performance Validation"],"fullName":"Configuration Validation System Performance Validation should calculate performance scores correctly","status":"passed","title":"should calculate performance scores correctly","duration":1.2316659999996773,"failureMessages":[],"meta":{}},{"ancestorTitles":["Configuration Validation System","Configuration Backup"],"fullName":"Configuration Validation System Configuration Backup should create configuration backup","status":"passed","title":"should create configuration backup","duration":3.0690839999988384,"failureMessages":[],"meta":{}},{"ancestorTitles":["Configuration Validation System","Configuration Backup"],"fullName":"Configuration Validation System Configuration Backup should restore configuration from backup","status":"passed","title":"should restore configuration from backup","duration":4.512957999999344,"failureMessages":[],"meta":{}},{"ancestorTitles":["Configuration Validation System","Configuration Backup"],"fullName":"Configuration Validation System Configuration Backup should verify backup integrity","status":"passed","title":"should verify backup integrity","duration":2.3620410000003176,"failureMessages":[],"meta":{}},{"ancestorTitles":["Configuration Validation System","Configuration Backup"],"fullName":"Configuration Validation System Configuration Backup should detect corrupted backups","status":"passed","title":"should detect corrupted backups","duration":2.0398329999989073,"failureMessages":[],"meta":{}},{"ancestorTitles":["Configuration Validation System","Configuration Backup"],"fullName":"Configuration Validation System Configuration Backup should apply retention policy","status":"passed","title":"should apply retention policy","duration":2.6447079999998095,"failureMessages":[],"meta":{}},{"ancestorTitles":["Configuration Validation System","Configuration Backup"],"fullName":"Configuration Validation System Configuration Backup should list and filter backups","status":"passed","title":"should list and filter backups","duration":2.0619169999990845,"failureMessages":[],"meta":{}},{"ancestorTitles":["Configuration Validation System","Integration Tests"],"fullName":"Configuration Validation System Integration Tests should handle complete validation workflow","status":"passed","title":"should handle complete validation workflow","duration":3.7332080000014685,"failureMessages":[],"meta":{}},{"ancestorTitles":["Configuration Validation System","Integration Tests"],"fullName":"Configuration Validation System Integration Tests should handle configuration with all validation systems","status":"passed","title":"should handle configuration with all validation systems","duration":2.1820410000000265,"failureMessages":[],"meta":{}},{"ancestorTitles":["Configuration Validation System","Integration Tests"],"fullName":"Configuration Validation System Integration Tests should handle error recovery and fallbacks","status":"passed","title":"should handle error recovery and fallbacks","duration":1.4667499999995925,"failureMessages":[],"meta":{}},{"ancestorTitles":["Configuration Validation Edge Cases"],"fullName":"Configuration Validation Edge Cases should handle empty configuration file","status":"passed","title":"should handle empty configuration file","duration":1.2295000000012806,"failureMessages":[],"meta":{}},{"ancestorTitles":["Configuration Validation Edge Cases"],"fullName":"Configuration Validation Edge Cases should handle very large configuration files","status":"passed","title":"should handle very large configuration files","duration":1.8453339999978198,"failureMessages":[],"meta":{}},{"ancestorTitles":["Configuration Validation Edge Cases"],"fullName":"Configuration Validation Edge Cases should handle concurrent validation requests","status":"passed","title":"should handle concurrent validation requests","duration":1.5549160000009579,"failureMessages":[],"meta":{}},{"ancestorTitles":["Configuration Validation Edge Cases"],"fullName":"Configuration Validation Edge Cases should handle file system permission errors","status":"passed","title":"should handle file system permission errors","duration":0.3100000000013097,"failureMessages":[],"meta":{}},{"ancestorTitles":["Configuration Validation Edge Cases"],"fullName":"Configuration Validation Edge Cases should handle network timeouts in performance analysis","status":"passed","title":"should handle network timeouts in performance analysis","duration":0.4428750000006403,"failureMessages":[],"meta":{}}],"startTime":1750306539729,"endTime":1750306540800.4429,"status":"passed","message":"","name":"/Users/rowan/github/tw-enigma/tw-enigma/packages/core/tests/configValidation.test.ts"},{"assertionResults":[{"ancestorTitles":["CSS Generation Module","Validation Functions"],"fullName":"CSS Generation Module Validation Functions validateCssGenerationOptions accepts valid options","status":"passed","title":"validateCssGenerationOptions accepts valid options","duration":0.8487920000006852,"failureMessages":[],"meta":{}},{"ancestorTitles":["CSS Generation Module","Validation Functions"],"fullName":"CSS Generation Module Validation Functions validateCssGenerationOptions rejects invalid options","status":"passed","title":"validateCssGenerationOptions rejects invalid options","duration":0.42550000000119326,"failureMessages":[],"meta":{}},{"ancestorTitles":["CSS Generation Module","Validation Functions"],"fullName":"CSS Generation Module Validation Functions isValidCssSelector validates CSS selectors correctly","status":"passed","title":"isValidCssSelector validates CSS selectors correctly","duration":0.40620799999669543,"failureMessages":[],"meta":{}},{"ancestorTitles":["CSS Generation Module","Validation Functions"],"fullName":"CSS Generation Module Validation Functions isValidCssPropertyValue validates CSS values correctly","status":"passed","title":"isValidCssPropertyValue validates CSS values correctly","duration":0.25533399999767425,"failureMessages":[],"meta":{}},{"ancestorTitles":["CSS Generation Module","Validation Functions"],"fullName":"CSS Generation Module Validation Functions sanitizeCssSelector sanitizes invalid selectors","status":"passed","title":"sanitizeCssSelector sanitizes invalid selectors","duration":0.32808299999669543,"failureMessages":[],"meta":{}},{"ancestorTitles":["CSS Generation Module","Pattern Classification"],"fullName":"CSS Generation Module Pattern Classification classifyPattern correctly identifies atomic patterns","status":"passed","title":"classifyPattern correctly identifies atomic patterns","duration":0.6130830000001879,"failureMessages":[],"meta":{}},{"ancestorTitles":["CSS Generation Module","Pattern Classification"],"fullName":"CSS Generation Module Pattern Classification classifyPattern correctly identifies utility patterns","status":"passed","title":"classifyPattern correctly identifies utility patterns","duration":0.44433399999979883,"failureMessages":[],"meta":{}},{"ancestorTitles":["CSS Generation Module","Pattern Classification"],"fullName":"CSS Generation Module Pattern Classification classifyPattern correctly identifies component patterns","status":"passed","title":"classifyPattern correctly identifies component patterns","duration":0.30241599999862956,"failureMessages":[],"meta":{}},{"ancestorTitles":["CSS Generation Module","@apply Directive Handling"],"fullName":"CSS Generation Module @apply Directive Handling generateApplyDirective creates valid directives","status":"passed","title":"generateApplyDirective creates valid directives","duration":1.0433330000014394,"failureMessages":[],"meta":{}},{"ancestorTitles":["CSS Generation Module","@apply Directive Handling"],"fullName":"CSS Generation Module @apply Directive Handling generateApplyDirective handles variants correctly","status":"passed","title":"generateApplyDirective handles variants correctly","duration":0.4336670000011509,"failureMessages":[],"meta":{}},{"ancestorTitles":["CSS Generation Module","@apply Directive Handling"],"fullName":"CSS Generation Module @apply Directive Handling generateApplyDirective handles modifiers correctly","status":"passed","title":"generateApplyDirective handles modifiers correctly","duration":0.4992500000007567,"failureMessages":[],"meta":{}},{"ancestorTitles":["CSS Generation Module","@apply Directive Handling"],"fullName":"CSS Generation Module @apply Directive Handling generateApplyDirective throws error for empty classes","status":"passed","title":"generateApplyDirective throws error for empty classes","duration":0.4071249999979045,"failureMessages":[],"meta":{}},{"ancestorTitles":["CSS Generation Module","@apply Directive Handling"],"fullName":"CSS Generation Module @apply Directive Handling validateApplyDirective identifies issues","status":"passed","title":"validateApplyDirective identifies issues","duration":0.2674589999987802,"failureMessages":[],"meta":{}},{"ancestorTitles":["CSS Generation Module","@apply Directive Handling"],"fullName":"CSS Generation Module @apply Directive Handling optimizeApplyDirective groups related classes","status":"passed","title":"optimizeApplyDirective groups related classes","duration":0.256083000000217,"failureMessages":[],"meta":{}},{"ancestorTitles":["CSS Generation Module","CSS Rule Generation"],"fullName":"CSS Generation Module CSS Rule Generation generateCssRules creates rules from frequency map","status":"passed","title":"generateCssRules creates rules from frequency map","duration":0.873541999997542,"failureMessages":[],"meta":{}},{"ancestorTitles":["CSS Generation Module","CSS Rule Generation"],"fullName":"CSS Generation Module CSS Rule Generation generated rules have required properties","status":"passed","title":"generated rules have required properties","duration":0.357625000000553,"failureMessages":[],"meta":{}},{"ancestorTitles":["CSS Generation Module","CSS Rule Sorting"],"fullName":"CSS Generation Module CSS Rule Sorting sortCssRules sorts by frequency","status":"passed","title":"sortCssRules sorts by frequency","duration":0.2537499999998545,"failureMessages":[],"meta":{}},{"ancestorTitles":["CSS Generation Module","CSS Rule Sorting"],"fullName":"CSS Generation Module CSS Rule Sorting sortCssRules sorts alphabetically","status":"passed","title":"sortCssRules sorts alphabetically","duration":7.180374999999913,"failureMessages":[],"meta":{}},{"ancestorTitles":["CSS Generation Module","CSS Rule Sorting"],"fullName":"CSS Generation Module CSS Rule Sorting sortCssRulesAdvanced respects multiple criteria","status":"passed","title":"sortCssRulesAdvanced respects multiple criteria","duration":0.31124999999883585,"failureMessages":[],"meta":{}},{"ancestorTitles":["CSS Generation Module","CSS Comments Generation"],"fullName":"CSS Generation Module CSS Comments Generation generateCssComments creates minimal comments","status":"passed","title":"generateCssComments creates minimal comments","duration":0.3812499999985448,"failureMessages":[],"meta":{}},{"ancestorTitles":["CSS Generation Module","CSS Comments Generation"],"fullName":"CSS Generation Module CSS Comments Generation generateCssComments creates detailed comments","status":"passed","title":"generateCssComments creates detailed comments","duration":0.20166700000117999,"failureMessages":[],"meta":{}},{"ancestorTitles":["CSS Generation Module","CSS Comments Generation"],"fullName":"CSS Generation Module CSS Comments Generation generateCssComments creates verbose comments","status":"passed","title":"generateCssComments creates verbose comments","duration":0.21379199999864795,"failureMessages":[],"meta":{}},{"ancestorTitles":["CSS Generation Module","CSS Comments Generation"],"fullName":"CSS Generation Module CSS Comments Generation generateCssComments returns empty string for none level","status":"passed","title":"generateCssComments returns empty string for none level","duration":0.17766699999992852,"failureMessages":[],"meta":{}},{"ancestorTitles":["CSS Generation Module","Integration Functions"],"fullName":"CSS Generation Module Integration Functions integrateCssGeneration produces complete result","status":"passed","title":"integrateCssGeneration produces complete result","duration":0.8969160000015108,"failureMessages":[],"meta":{}},{"ancestorTitles":["CSS Generation Module","Integration Functions"],"fullName":"CSS Generation Module Integration Functions generateOptimizedCss is alias for integrateCssGeneration","status":"passed","title":"generateOptimizedCss is alias for integrateCssGeneration","duration":0.45750000000043656,"failureMessages":[],"meta":{}},{"ancestorTitles":["CSS Generation Module","Integration Functions"],"fullName":"CSS Generation Module Integration Functions formatCssOutput creates valid CSS string","status":"passed","title":"formatCssOutput creates valid CSS string","duration":0.30470900000000256,"failureMessages":[],"meta":{}},{"ancestorTitles":["CSS Generation Module","Advanced Pattern Analysis"],"fullName":"CSS Generation Module Advanced Pattern Analysis analyzePatternRelationships identifies relationships","status":"passed","title":"analyzePatternRelationships identifies relationships","duration":0.3641669999997248,"failureMessages":[],"meta":{}},{"ancestorTitles":["CSS Generation Module","Error Handling"],"fullName":"CSS Generation Module Error Handling CssGenerationError has proper structure","status":"passed","title":"CssGenerationError has proper structure","duration":0.20333300000129384,"failureMessages":[],"meta":{}},{"ancestorTitles":["CSS Generation Module","Error Handling"],"fullName":"CSS Generation Module Error Handling InvalidCssError includes CSS details","status":"passed","title":"InvalidCssError includes CSS details","duration":0.2251670000005106,"failureMessages":[],"meta":{}},{"ancestorTitles":["CSS Generation Module","Error Handling"],"fullName":"CSS Generation Module Error Handling ApplyDirectiveError includes directive details","status":"passed","title":"ApplyDirectiveError includes directive details","duration":0.2124580000017886,"failureMessages":[],"meta":{}},{"ancestorTitles":["CSS Generation Module","Error Handling"],"fullName":"CSS Generation Module Error Handling PatternClassificationError includes class details","status":"passed","title":"PatternClassificationError includes class details","duration":0.21429100000023027,"failureMessages":[],"meta":{}},{"ancestorTitles":["CSS Generation Module","Performance and Memory"],"fullName":"CSS Generation Module Performance and Memory integrateCssGeneration includes performance metrics","status":"passed","title":"integrateCssGeneration includes performance metrics","duration":0.3058339999988675,"failureMessages":[],"meta":{}},{"ancestorTitles":["CSS Generation Module","Performance and Memory"],"fullName":"CSS Generation Module Performance and Memory handles large frequency maps efficiently","status":"passed","title":"handles large frequency maps efficiently","duration":1.1689579999983835,"failureMessages":[],"meta":{}},{"ancestorTitles":["CSS Generation Module","CSS Constants and Patterns"],"fullName":"CSS Generation Module CSS Constants and Patterns CSS_PATTERN_THRESHOLDS has expected values","status":"passed","title":"CSS_PATTERN_THRESHOLDS has expected values","duration":0.7307089999994787,"failureMessages":[],"meta":{}},{"ancestorTitles":["CSS Generation Module","CSS Constants and Patterns"],"fullName":"CSS Generation Module CSS Constants and Patterns CSS_PROPERTY_GROUPS contains expected categories","status":"passed","title":"CSS_PROPERTY_GROUPS contains expected categories","duration":0.3493330000019341,"failureMessages":[],"meta":{}}],"startTime":1750306544525,"endTime":1750306544547.3494,"status":"passed","message":"","name":"/Users/rowan/github/tw-enigma/tw-enigma/packages/core/tests/cssGeneration.test.ts"},{"assertionResults":[{"ancestorTitles":["CssInjector","Constructor and Configuration"],"fullName":"CssInjector Constructor and Configuration should create instance with valid options","status":"passed","title":"should create instance with valid options","duration":1.0317499999982829,"failureMessages":[],"meta":{}},{"ancestorTitles":["CssInjector","Constructor and Configuration"],"fullName":"CssInjector Constructor and Configuration should validate required options","status":"passed","title":"should validate required options","duration":0.6521670000001905,"failureMessages":[],"meta":{}},{"ancestorTitles":["CssInjector","Constructor and Configuration"],"fullName":"CssInjector Constructor and Configuration should apply default options correctly","status":"passed","title":"should apply default options correctly","duration":0.24024999999892316,"failureMessages":[],"meta":{}},{"ancestorTitles":["CssInjector","Constructor and Configuration"],"fullName":"CssInjector Constructor and Configuration should validate insert position values","status":"passed","title":"should validate insert position values","duration":0.2616249999991851,"failureMessages":[],"meta":{}},{"ancestorTitles":["CssInjector","Constructor and Configuration"],"fullName":"CssInjector Constructor and Configuration should validate duplicate strategy values","status":"passed","title":"should validate duplicate strategy values","duration":0.26883400000224356,"failureMessages":[],"meta":{}},{"ancestorTitles":["CssInjector","HTML Document Structure Analysis"],"fullName":"CssInjector HTML Document Structure Analysis should analyze simple HTML document","status":"passed","title":"should analyze simple HTML document","duration":1.7681249999986903,"failureMessages":[],"meta":{}},{"ancestorTitles":["CssInjector","HTML Document Structure Analysis"],"fullName":"CssInjector HTML Document Structure Analysis should detect existing stylesheets","status":"passed","title":"should detect existing stylesheets","duration":0.7130410000027041,"failureMessages":[],"meta":{}},{"ancestorTitles":["CssInjector","HTML Document Structure Analysis"],"fullName":"CssInjector HTML Document Structure Analysis should detect existing style tags","status":"passed","title":"should detect existing style tags","duration":0.5510000000031141,"failureMessages":[],"meta":{}},{"ancestorTitles":["CssInjector","HTML Document Structure Analysis"],"fullName":"CssInjector HTML Document Structure Analysis should detect indentation patterns - spaces","status":"passed","title":"should detect indentation patterns - spaces","duration":0.4574159999974654,"failureMessages":[],"meta":{}},{"ancestorTitles":["CssInjector","HTML Document Structure Analysis"],"fullName":"CssInjector HTML Document Structure Analysis should detect indentation patterns - tabs","status":"passed","title":"should detect indentation patterns - tabs","duration":0.6867089999977907,"failureMessages":[],"meta":{}},{"ancestorTitles":["CssInjector","HTML Document Structure Analysis"],"fullName":"CssInjector HTML Document Structure Analysis should handle documents without head","status":"passed","title":"should handle documents without head","duration":0.5681670000012673,"failureMessages":[],"meta":{}},{"ancestorTitles":["CssInjector","HTML Document Structure Analysis"],"fullName":"CssInjector HTML Document Structure Analysis should throw error for documents without head when createHeadIfMissing is false","status":"passed","title":"should throw error for documents without head when createHeadIfMissing is false","duration":0.7004999999990105,"failureMessages":[],"meta":{}},{"ancestorTitles":["CssInjector","Link Tag Injection"],"fullName":"CssInjector Link Tag Injection should inject CSS link with default settings","status":"passed","title":"should inject CSS link with default settings","duration":1.3352090000007593,"failureMessages":[],"meta":{}},{"ancestorTitles":["CssInjector","Link Tag Injection"],"fullName":"CssInjector Link Tag Injection should inject at first position","status":"passed","title":"should inject at first position","duration":0.7507909999985714,"failureMessages":[],"meta":{}},{"ancestorTitles":["CssInjector","Link Tag Injection"],"fullName":"CssInjector Link Tag Injection should inject at last position","status":"passed","title":"should inject at last position","duration":0.5713329999998678,"failureMessages":[],"meta":{}},{"ancestorTitles":["CssInjector","Link Tag Injection"],"fullName":"CssInjector Link Tag Injection should inject after meta tags","status":"passed","title":"should inject after meta tags","duration":0.5820830000011483,"failureMessages":[],"meta":{}},{"ancestorTitles":["CssInjector","Link Tag Injection"],"fullName":"CssInjector Link Tag Injection should inject before existing stylesheets","status":"passed","title":"should inject before existing stylesheets","duration":0.6396669999994629,"failureMessages":[],"meta":{}},{"ancestorTitles":["CssInjector","Link Tag Injection"],"fullName":"CssInjector Link Tag Injection should preserve indentation when injecting","status":"passed","title":"should preserve indentation when injecting","duration":0.48729199999797856,"failureMessages":[],"meta":{}},{"ancestorTitles":["CssInjector","Link Tag Injection"],"fullName":"CssInjector Link Tag Injection should handle custom link attributes","status":"passed","title":"should handle custom link attributes","duration":0.5568750000020373,"failureMessages":[],"meta":{}},{"ancestorTitles":["CssInjector","Path Calculation"],"fullName":"CssInjector Path Calculation should calculate relative paths correctly","status":"passed","title":"should calculate relative paths correctly","duration":0.5421669999996084,"failureMessages":[],"meta":{}},{"ancestorTitles":["CssInjector","Path Calculation"],"fullName":"CssInjector Path Calculation should use absolute paths when configured","status":"passed","title":"should use absolute paths when configured","duration":0.4288330000017595,"failureMessages":[],"meta":{}},{"ancestorTitles":["CssInjector","Path Calculation"],"fullName":"CssInjector Path Calculation should handle base path configuration","status":"passed","title":"should handle base path configuration","duration":0.38799999999901047,"failureMessages":[],"meta":{}},{"ancestorTitles":["CssInjector","Path Calculation"],"fullName":"CssInjector Path Calculation should normalize path separators for web","status":"passed","title":"should normalize path separators for web","duration":0.46220899999752874,"failureMessages":[],"meta":{}},{"ancestorTitles":["CssInjector","Error Handling"],"fullName":"CssInjector Error Handling should handle invalid HTML","status":"passed","title":"should handle invalid HTML","duration":0.4910840000011376,"failureMessages":[],"meta":{}},{"ancestorTitles":["CssInjector","Error Handling"],"fullName":"CssInjector Error Handling should respect file size limits","status":"passed","title":"should respect file size limits","duration":0.3131249999969441,"failureMessages":[],"meta":{}},{"ancestorTitles":["CssInjector","Error Handling"],"fullName":"CssInjector Error Handling should provide detailed error information","status":"passed","title":"should provide detailed error information","duration":0.3643340000016906,"failureMessages":[],"meta":{}},{"ancestorTitles":["CssInjector","Result Metadata"],"fullName":"CssInjector Result Metadata should include processing metadata","status":"passed","title":"should include processing metadata","duration":0.4102920000004815,"failureMessages":[],"meta":{}},{"ancestorTitles":["CssInjector","Result Metadata"],"fullName":"CssInjector Result Metadata should track successful injection","status":"passed","title":"should track successful injection","duration":0.3495419999999285,"failureMessages":[],"meta":{}},{"ancestorTitles":["Factory Functions"],"fullName":"Factory Functions createCssInjector should create valid instance","status":"passed","title":"createCssInjector should create valid instance","duration":0.22137500000098953,"failureMessages":[],"meta":{}},{"ancestorTitles":["Factory Functions"],"fullName":"Factory Functions validateInjectionRequest should validate requests","status":"passed","title":"validateInjectionRequest should validate requests","duration":0.2428749999999127,"failureMessages":[],"meta":{}},{"ancestorTitles":["Factory Functions"],"fullName":"Factory Functions validateInjectionRequest should catch invalid requests","status":"passed","title":"validateInjectionRequest should catch invalid requests","duration":0.19991600000139442,"failureMessages":[],"meta":{}},{"ancestorTitles":["Custom Error Classes"],"fullName":"Custom Error Classes CssInjectionError should include source and code","status":"passed","title":"CssInjectionError should include source and code","duration":0.21091700000033597,"failureMessages":[],"meta":{}},{"ancestorTitles":["Custom Error Classes"],"fullName":"Custom Error Classes DuplicateInjectionError should include href information","status":"passed","title":"DuplicateInjectionError should include href information","duration":0.21612499999901047,"failureMessages":[],"meta":{}},{"ancestorTitles":["Custom Error Classes"],"fullName":"Custom Error Classes PathCalculationError should include path information","status":"passed","title":"PathCalculationError should include path information","duration":0.2163330000003043,"failureMessages":[],"meta":{}},{"ancestorTitles":["Custom Error Classes"],"fullName":"Custom Error Classes HtmlStructureError should include HTML content","status":"passed","title":"HtmlStructureError should include HTML content","duration":0.18804099999761092,"failureMessages":[],"meta":{}}],"startTime":1750306544450,"endTime":1750306544468.188,"status":"passed","message":"","name":"/Users/rowan/github/tw-enigma/tw-enigma/packages/core/tests/cssInjector.test.ts"},{"assertionResults":[{"ancestorTitles":["Error Type Functions","categorizeError"],"fullName":"Error Type Functions categorizeError should categorize configuration errors","status":"passed","title":"should categorize configuration errors","duration":0.21820799999841256,"failureMessages":[],"meta":{}},{"ancestorTitles":["Error Type Functions","categorizeError"],"fullName":"Error Type Functions categorizeError should categorize validation errors","status":"passed","title":"should categorize validation errors","duration":0.05662500000107684,"failureMessages":[],"meta":{}},{"ancestorTitles":["Error Type Functions","categorizeError"],"fullName":"Error Type Functions categorizeError should categorize resource errors","status":"passed","title":"should categorize resource errors","duration":0.04666700000234414,"failureMessages":[],"meta":{}},{"ancestorTitles":["Error Type Functions","categorizeError"],"fullName":"Error Type Functions categorizeError should categorize external service errors","status":"passed","title":"should categorize external service errors","duration":0.048166000000492204,"failureMessages":[],"meta":{}},{"ancestorTitles":["Error Type Functions","categorizeError"],"fullName":"Error Type Functions categorizeError should categorize programming errors","status":"passed","title":"should categorize programming errors","duration":0.0430419999975129,"failureMessages":[],"meta":{}},{"ancestorTitles":["Error Type Functions","categorizeError"],"fullName":"Error Type Functions categorizeError should default to operational errors","status":"passed","title":"should default to operational errors","duration":0.044125000000349246,"failureMessages":[],"meta":{}},{"ancestorTitles":["Error Type Functions","severityToNumber"],"fullName":"Error Type Functions severityToNumber should convert severity levels to numbers","status":"passed","title":"should convert severity levels to numbers","duration":0.07004099999903701,"failureMessages":[],"meta":{}},{"ancestorTitles":["Error Type Functions","isEnigmaError"],"fullName":"Error Type Functions isEnigmaError should identify enigma errors with severity","status":"passed","title":"should identify enigma errors with severity","duration":0.042584000002534594,"failureMessages":[],"meta":{}},{"ancestorTitles":["Error Type Functions","isEnigmaError"],"fullName":"Error Type Functions isEnigmaError should identify regular errors without severity","status":"passed","title":"should identify regular errors without severity","duration":0.034916999997221865,"failureMessages":[],"meta":{}},{"ancestorTitles":["CircuitBreaker","initialization"],"fullName":"CircuitBreaker initialization should start in CLOSED state","status":"passed","title":"should start in CLOSED state","duration":0.20062500000130967,"failureMessages":[],"meta":{}},{"ancestorTitles":["CircuitBreaker","call method"],"fullName":"CircuitBreaker call method should execute successful operations","status":"passed","title":"should execute successful operations","duration":0.21670799999992596,"failureMessages":[],"meta":{}},{"ancestorTitles":["CircuitBreaker","call method"],"fullName":"CircuitBreaker call method should handle single failures","status":"passed","title":"should handle single failures","duration":0.5128750000003492,"failureMessages":[],"meta":{}},{"ancestorTitles":["CircuitBreaker","call method"],"fullName":"CircuitBreaker call method should open circuit after failure threshold","status":"passed","title":"should open circuit after failure threshold","duration":0.2699160000011034,"failureMessages":[],"meta":{}},{"ancestorTitles":["CircuitBreaker","call method"],"fullName":"CircuitBreaker call method should reject immediately when circuit is open","status":"passed","title":"should reject immediately when circuit is open","duration":0.2616669999988517,"failureMessages":[],"meta":{}},{"ancestorTitles":["CircuitBreaker","call method"],"fullName":"CircuitBreaker call method should use fallback when circuit is open","status":"passed","title":"should use fallback when circuit is open","duration":0.25170799999978044,"failureMessages":[],"meta":{}},{"ancestorTitles":["CircuitBreaker","recovery mechanism"],"fullName":"CircuitBreaker recovery mechanism should transition to HALF_OPEN after recovery timeout","status":"passed","title":"should transition to HALF_OPEN after recovery timeout","duration":1101.299500000001,"failureMessages":[],"meta":{}},{"ancestorTitles":["CircuitBreaker","recovery mechanism"],"fullName":"CircuitBreaker recovery mechanism should close circuit after successful operations in HALF_OPEN","status":"passed","title":"should close circuit after successful operations in HALF_OPEN","duration":0.7904579999994894,"failureMessages":[],"meta":{}},{"ancestorTitles":["CircuitBreaker","metrics"],"fullName":"CircuitBreaker metrics should track metrics accurately","status":"passed","title":"should track metrics accurately","duration":0.4727920000004815,"failureMessages":[],"meta":{}},{"ancestorTitles":["CircuitBreaker","reset functionality"],"fullName":"CircuitBreaker reset functionality should reset circuit to initial state","status":"passed","title":"should reset circuit to initial state","duration":0.29154100000232575,"failureMessages":[],"meta":{}},{"ancestorTitles":["CircuitBreakerRegistry"],"fullName":"CircuitBreakerRegistry should create and manage circuit breakers","status":"passed","title":"should create and manage circuit breakers","duration":0.5132080000003043,"failureMessages":[],"meta":{}},{"ancestorTitles":["CircuitBreakerRegistry"],"fullName":"CircuitBreakerRegistry should return same instance for same name","status":"passed","title":"should return same instance for same name","duration":0.09645799999998417,"failureMessages":[],"meta":{}},{"ancestorTitles":["CircuitBreakerRegistry"],"fullName":"CircuitBreakerRegistry should provide overall health status","status":"passed","title":"should provide overall health status","duration":0.2047920000004524,"failureMessages":[],"meta":{}},{"ancestorTitles":["CircuitBreakerRegistry"],"fullName":"CircuitBreakerRegistry should reset all circuits","status":"passed","title":"should reset all circuits","duration":0.21700000000055297,"failureMessages":[],"meta":{}},{"ancestorTitles":["ErrorHandler","error handling"],"fullName":"ErrorHandler error handling should handle errors and update statistics","status":"passed","title":"should handle errors and update statistics","duration":3.489958000001934,"failureMessages":[],"meta":{}},{"ancestorTitles":["ErrorHandler","error handling"],"fullName":"ErrorHandler error handling should categorize errors correctly","status":"passed","title":"should categorize errors correctly","duration":0.5930000000007567,"failureMessages":[],"meta":{}},{"ancestorTitles":["ErrorHandler","error handling"],"fullName":"ErrorHandler error handling should attempt recovery when strategy provided","status":"passed","title":"should attempt recovery when strategy provided","duration":0.469042000000627,"failureMessages":[],"meta":{}},{"ancestorTitles":["ErrorHandler","error handling"],"fullName":"ErrorHandler error handling should use circuit breaker for appropriate errors","status":"passed","title":"should use circuit breaker for appropriate errors","duration":0.29366700000173296,"failureMessages":[],"meta":{}},{"ancestorTitles":["ErrorHandler","analytics"],"fullName":"ErrorHandler analytics should provide comprehensive analytics","status":"passed","title":"should provide comprehensive analytics","duration":0.44795800000065356,"failureMessages":[],"meta":{}},{"ancestorTitles":["ErrorHandler","analytics"],"fullName":"ErrorHandler analytics should calculate system health correctly","status":"passed","title":"should calculate system health correctly","duration":0.540791999999783,"failureMessages":[],"meta":{}},{"ancestorTitles":["ErrorHandler","event emission"],"fullName":"ErrorHandler event emission should emit error events","status":"passed","title":"should emit error events","duration":1.8975000000027649,"failureMessages":[],"meta":{}},{"ancestorTitles":["ErrorHandler","event emission"],"fullName":"ErrorHandler event emission should emit recovery events","status":"passed","title":"should emit recovery events","duration":1.0299999999988358,"failureMessages":[],"meta":{}},{"ancestorTitles":["ErrorHandler","singleton pattern"],"fullName":"ErrorHandler singleton pattern should return same instance","status":"passed","title":"should return same instance","duration":0.17841699999917182,"failureMessages":[],"meta":{}},{"ancestorTitles":["ErrorHandler","convenience functions"],"fullName":"ErrorHandler convenience functions should provide global error handler access","status":"passed","title":"should provide global error handler access","duration":0.14091600000028848,"failureMessages":[],"meta":{}},{"ancestorTitles":["ErrorHandler","convenience functions"],"fullName":"ErrorHandler convenience functions should provide global error handling function","status":"passed","title":"should provide global error handling function","duration":0.2220000000015716,"failureMessages":[],"meta":{}},{"ancestorTitles":["Error Recovery Strategies"],"fullName":"Error Recovery Strategies should execute retry strategy","status":"passed","title":"should execute retry strategy","duration":0.31758300000001327,"failureMessages":[],"meta":{}},{"ancestorTitles":["Error Recovery Strategies"],"fullName":"Error Recovery Strategies should execute fallback strategy","status":"passed","title":"should execute fallback strategy","duration":0.2784160000010161,"failureMessages":[],"meta":{}},{"ancestorTitles":["Error Recovery Strategies"],"fullName":"Error Recovery Strategies should execute graceful degradation strategy","status":"passed","title":"should execute graceful degradation strategy","duration":0.3633750000008149,"failureMessages":[],"meta":{}}],"startTime":1750306538468,"endTime":1750306539585.3633,"status":"passed","message":"","name":"/Users/rowan/github/tw-enigma/tw-enigma/packages/core/tests/errorHandler.test.ts"},{"assertionResults":[{"ancestorTitles":["Enhanced Error Handling System (Task 13)","ErrorContext"],"fullName":"Enhanced Error Handling System (Task 13) ErrorContext should create error context with required fields","status":"passed","title":"should create error context with required fields","duration":3.2984589999978198,"failureMessages":[],"meta":{}},{"ancestorTitles":["Enhanced Error Handling System (Task 13)","ErrorContext"],"fullName":"Enhanced Error Handling System (Task 13) ErrorContext should enhance error context with additional information","status":"passed","title":"should enhance error context with additional information","duration":0.2596669999984442,"failureMessages":[],"meta":{}},{"ancestorTitles":["Enhanced Error Handling System (Task 13)","ErrorContext"],"fullName":"Enhanced Error Handling System (Task 13) ErrorContext should format error context for logging","status":"passed","title":"should format error context for logging","duration":0.5863329999992857,"failureMessages":[],"meta":{}},{"ancestorTitles":["Enhanced Error Handling System (Task 13)","Enhanced Error Types","ValidationError"],"fullName":"Enhanced Error Handling System (Task 13) Enhanced Error Types ValidationError should create validation error with context","status":"passed","title":"should create validation error with context","duration":0.2290419999990263,"failureMessages":[],"meta":{}},{"ancestorTitles":["Enhanced Error Handling System (Task 13)","Enhanced Error Types","ValidationError"],"fullName":"Enhanced Error Handling System (Task 13) Enhanced Error Types ValidationError should provide validation summary","status":"passed","title":"should provide validation summary","duration":0.1618750000016007,"failureMessages":[],"meta":{}},{"ancestorTitles":["Enhanced Error Handling System (Task 13)","Enhanced Error Types","FileOperationError"],"fullName":"Enhanced Error Handling System (Task 13) Enhanced Error Types FileOperationError should create file operation error with details","status":"passed","title":"should create file operation error with details","duration":0.15729099999953178,"failureMessages":[],"meta":{}},{"ancestorTitles":["Enhanced Error Handling System (Task 13)","Enhanced Error Types","FileOperationError"],"fullName":"Enhanced Error Handling System (Task 13) Enhanced Error Types FileOperationError should provide operation summary","status":"passed","title":"should provide operation summary","duration":0.13866699999925913,"failureMessages":[],"meta":{}},{"ancestorTitles":["Enhanced Error Handling System (Task 13)","Enhanced Error Types","PerformanceError"],"fullName":"Enhanced Error Handling System (Task 13) Enhanced Error Types PerformanceError should create performance error with metrics","status":"passed","title":"should create performance error with metrics","duration":0.1584580000017013,"failureMessages":[],"meta":{}},{"ancestorTitles":["Enhanced Error Handling System (Task 13)","Enhanced Error Types","PerformanceError"],"fullName":"Enhanced Error Handling System (Task 13) Enhanced Error Types PerformanceError should determine if retryable based on type","status":"passed","title":"should determine if retryable based on type","duration":0.1928330000009737,"failureMessages":[],"meta":{}},{"ancestorTitles":["Enhanced Error Handling System (Task 13)","Enhanced Error Types","PerformanceError"],"fullName":"Enhanced Error Handling System (Task 13) Enhanced Error Types PerformanceError should provide performance summary","status":"passed","title":"should provide performance summary","duration":0.773457999999664,"failureMessages":[],"meta":{}},{"ancestorTitles":["Enhanced Error Handling System (Task 13)","Enhanced Error Types","ConfigurationError"],"fullName":"Enhanced Error Handling System (Task 13) Enhanced Error Types ConfigurationError should create configuration error with details","status":"passed","title":"should create configuration error with details","duration":0.30241599999862956,"failureMessages":[],"meta":{}},{"ancestorTitles":["Enhanced Error Handling System (Task 13)","Enhanced Error Types","IntegrationError"],"fullName":"Enhanced Error Handling System (Task 13) Enhanced Error Types IntegrationError should create integration error with version info","status":"passed","title":"should create integration error with version info","duration":0.19420899999749963,"failureMessages":[],"meta":{}},{"ancestorTitles":["Enhanced Error Handling System (Task 13)","Error Factory"],"fullName":"Enhanced Error Handling System (Task 13) Error Factory should create appropriate error type based on category","status":"passed","title":"should create appropriate error type based on category","duration":0.2703339999970922,"failureMessages":[],"meta":{}},{"ancestorTitles":["Enhanced Error Handling System (Task 13)","ErrorHandler"],"fullName":"Enhanced Error Handling System (Task 13) ErrorHandler should execute operation successfully on first try","status":"passed","title":"should execute operation successfully on first try","duration":0.6496660000011616,"failureMessages":[],"meta":{}},{"ancestorTitles":["Enhanced Error Handling System (Task 13)","ErrorHandler"],"fullName":"Enhanced Error Handling System (Task 13) ErrorHandler should retry operation on retryable errors","status":"passed","title":"should retry operation on retryable errors","duration":2893.131874999999,"failureMessages":[],"meta":{}},{"ancestorTitles":["Enhanced Error Handling System (Task 13)","ErrorHandler"],"fullName":"Enhanced Error Handling System (Task 13) ErrorHandler should not retry non-retryable errors","status":"passed","title":"should not retry non-retryable errors","duration":1.2033750000009604,"failureMessages":[],"meta":{}},{"ancestorTitles":["Enhanced Error Handling System (Task 13)","ErrorHandler"],"fullName":"Enhanced Error Handling System (Task 13) ErrorHandler should stop retrying after max attempts","status":"passed","title":"should stop retrying after max attempts","duration":2626.404624999999,"failureMessages":[],"meta":{}},{"ancestorTitles":["Enhanced Error Handling System (Task 13)","ErrorHandler"],"fullName":"Enhanced Error Handling System (Task 13) ErrorHandler should use custom retry strategy when provided","status":"passed","title":"should use custom retry strategy when provided","duration":1.2076669999987644,"failureMessages":[],"meta":{}},{"ancestorTitles":["Enhanced Error Handling System (Task 13)","ErrorHandler"],"fullName":"Enhanced Error Handling System (Task 13) ErrorHandler should register and use recovery strategies","status":"passed","title":"should register and use recovery strategies","duration":1.676458999998431,"failureMessages":[],"meta":{}},{"ancestorTitles":["Enhanced Error Handling System (Task 13)","ErrorHandler"],"fullName":"Enhanced Error Handling System (Task 13) ErrorHandler should track error metrics","status":"passed","title":"should track error metrics","duration":0.6760410000024422,"failureMessages":[],"meta":{}},{"ancestorTitles":["Enhanced Error Handling System (Task 13)","ErrorHandler"],"fullName":"Enhanced Error Handling System (Task 13) ErrorHandler should update configuration","status":"passed","title":"should update configuration","duration":0.26804099999935715,"failureMessages":[],"meta":{}},{"ancestorTitles":["Enhanced Error Handling System (Task 13)","Global Error Handler"],"fullName":"Enhanced Error Handling System (Task 13) Global Error Handler should provide global error handler instance","status":"passed","title":"should provide global error handler instance","duration":0.1005829999994603,"failureMessages":[],"meta":{}},{"ancestorTitles":["Enhanced Error Handling System (Task 13)","Global Error Handler"],"fullName":"Enhanced Error Handling System (Task 13) Global Error Handler should provide convenience function for error handling","status":"passed","title":"should provide convenience function for error handling","duration":0.3416670000005979,"failureMessages":[],"meta":{}},{"ancestorTitles":["Enhanced Error Handling System (Task 13)","Error Type Guards"],"fullName":"Enhanced Error Handling System (Task 13) Error Type Guards should correctly identify error types","status":"passed","title":"should correctly identify error types","duration":2.138874999996915,"failureMessages":[],"meta":{}},{"ancestorTitles":["Enhanced Error Handling System (Task 13)","Error Type Guards"],"fullName":"Enhanced Error Handling System (Task 13) Error Type Guards should return false for non-error objects","status":"passed","title":"should return false for non-error objects","duration":0.28454100000089966,"failureMessages":[],"meta":{}},{"ancestorTitles":["Enhanced Error Handling System (Task 13)","Default Configuration"],"fullName":"Enhanced Error Handling System (Task 13) Default Configuration should provide sensible default configuration","status":"passed","title":"should provide sensible default configuration","duration":0.585332999999082,"failureMessages":[],"meta":{}},{"ancestorTitles":["Enhanced Error Handling System (Task 13)","Error Context Integration"],"fullName":"Enhanced Error Handling System (Task 13) Error Context Integration should properly integrate with length enforcement operations","status":"passed","title":"should properly integrate with length enforcement operations","duration":0.5740420000001905,"failureMessages":[],"meta":{}},{"ancestorTitles":["Enhanced Error Handling System (Task 13)","Error Context Integration"],"fullName":"Enhanced Error Handling System (Task 13) Error Context Integration should provide recovery suggestions for common errors","status":"passed","title":"should provide recovery suggestions for common errors","duration":0.8451670000031299,"failureMessages":[],"meta":{}}],"startTime":1750306532269,"endTime":1750306537805.8452,"status":"passed","message":"","name":"/Users/rowan/github/tw-enigma/tw-enigma/packages/core/tests/errorHandling.test.ts"},{"assertionResults":[{"ancestorTitles":["File Discovery Module","Constants and Types"],"fullName":"File Discovery Module Constants and Types should export supported file types","status":"passed","title":"should export supported file types","duration":2.510042000001704,"failureMessages":[],"meta":{}},{"ancestorTitles":["File Discovery Module","Constants and Types"],"fullName":"File Discovery Module Constants and Types should export all supported extensions","status":"passed","title":"should export all supported extensions","duration":2.004332999997132,"failureMessages":[],"meta":{}},{"ancestorTitles":["File Discovery Module","Pattern Validation"],"fullName":"File Discovery Module Pattern Validation should validate valid glob patterns","status":"passed","title":"should validate valid glob patterns","duration":1.6307080000005953,"failureMessages":[],"meta":{}},{"ancestorTitles":["File Discovery Module","Pattern Validation"],"fullName":"File Discovery Module Pattern Validation should reject invalid patterns","status":"passed","title":"should reject invalid patterns","duration":2.0535840000011376,"failureMessages":[],"meta":{}},{"ancestorTitles":["File Discovery Module","Pattern Validation"],"fullName":"File Discovery Module Pattern Validation should warn about potentially dangerous patterns","status":"passed","title":"should warn about potentially dangerous patterns","duration":2.4461669999982405,"failureMessages":[],"meta":{}},{"ancestorTitles":["File Discovery Module","Pattern Validation"],"fullName":"File Discovery Module Pattern Validation should not warn about safe parent directory patterns","status":"passed","title":"should not warn about safe parent directory patterns","duration":1.9069589999999152,"failureMessages":[],"meta":{}},{"ancestorTitles":["File Discovery Module","Options Validation"],"fullName":"File Discovery Module Options Validation should validate valid options","status":"passed","title":"should validate valid options","duration":2.40483299999687,"failureMessages":[],"meta":{}},{"ancestorTitles":["File Discovery Module","Options Validation"],"fullName":"File Discovery Module Options Validation should reject missing patterns","status":"passed","title":"should reject missing patterns","duration":2.0910410000033153,"failureMessages":[],"meta":{}},{"ancestorTitles":["File Discovery Module","Options Validation"],"fullName":"File Discovery Module Options Validation should validate numeric options","status":"passed","title":"should validate numeric options","duration":1.9113749999996799,"failureMessages":[],"meta":{}},{"ancestorTitles":["File Discovery Module","Options Validation"],"fullName":"File Discovery Module Options Validation should validate working directory","status":"passed","title":"should validate working directory","duration":1.7063750000015716,"failureMessages":[],"meta":{}},{"ancestorTitles":["File Discovery Module","File Filtering"],"fullName":"File Discovery Module File Filtering should include files by default types (HTML and JS)","status":"passed","title":"should include files by default types (HTML and JS)","duration":2.5595829999983835,"failureMessages":[],"meta":{}},{"ancestorTitles":["File Discovery Module","File Filtering"],"fullName":"File Discovery Module File Filtering should respect includeTypes option","status":"passed","title":"should respect includeTypes option","duration":2.698707999999897,"failureMessages":[],"meta":{}},{"ancestorTitles":["File Discovery Module","File Filtering"],"fullName":"File Discovery Module File Filtering should respect includeExtensions option","status":"passed","title":"should respect includeExtensions option","duration":1.8945419999981823,"failureMessages":[],"meta":{}},{"ancestorTitles":["File Discovery Module","File Filtering"],"fullName":"File Discovery Module File Filtering should respect excludeExtensions option","status":"passed","title":"should respect excludeExtensions option","duration":1.8658749999995052,"failureMessages":[],"meta":{}},{"ancestorTitles":["File Discovery Module","File Filtering"],"fullName":"File Discovery Module File Filtering should prioritize excludeExtensions over includeExtensions","status":"passed","title":"should prioritize excludeExtensions over includeExtensions","duration":1.9989999999997963,"failureMessages":[],"meta":{}},{"ancestorTitles":["File Discovery Module","File Type Detection"],"fullName":"File Discovery Module File Type Detection should detect file types correctly","status":"passed","title":"should detect file types correctly","duration":2.360666000000492,"failureMessages":[],"meta":{}},{"ancestorTitles":["File Discovery Module","File Type Detection"],"fullName":"File Discovery Module File Type Detection should handle case insensitive extensions","status":"passed","title":"should handle case insensitive extensions","duration":2.5428329999995185,"failureMessages":[],"meta":{}},{"ancestorTitles":["File Discovery Module","Utility Functions"],"fullName":"File Discovery Module Utility Functions should deduplicate and sort files","status":"passed","title":"should deduplicate and sort files","duration":1.9127910000024713,"failureMessages":[],"meta":{}},{"ancestorTitles":["File Discovery Module","Utility Functions"],"fullName":"File Discovery Module Utility Functions should handle empty arrays","status":"passed","title":"should handle empty arrays","duration":1.9457499999989523,"failureMessages":[],"meta":{}},{"ancestorTitles":["File Discovery Module","Synchronous File Discovery"],"fullName":"File Discovery Module Synchronous File Discovery should discover files with basic patterns","status":"passed","title":"should discover files with basic patterns","duration":5.58324999999968,"failureMessages":[],"meta":{}},{"ancestorTitles":["File Discovery Module","Synchronous File Discovery"],"fullName":"File Discovery Module Synchronous File Discovery should discover files with multiple patterns","status":"passed","title":"should discover files with multiple patterns","duration":2.3285830000022543,"failureMessages":[],"meta":{}},{"ancestorTitles":["File Discovery Module","Synchronous File Discovery"],"fullName":"File Discovery Module Synchronous File Discovery should discover nested files","status":"passed","title":"should discover nested files","duration":2.197374999999738,"failureMessages":[],"meta":{}},{"ancestorTitles":["File Discovery Module","Synchronous File Discovery"],"fullName":"File Discovery Module Synchronous 
[...]
lts":[{"ancestorTitles":["AtomicOperationsSystem Integration","Component Integration"],"fullName":"AtomicOperationsSystem Integration Component Integration should have all components accessible","status":"passed","title":"should have all components accessible","duration":1.269124999998894,"failureMessages":[],"meta":{}},{"ancestorTitles":["AtomicOperationsSystem Integration","Component Integration"],"fullName":"AtomicOperationsSystem Integration Component Integration should perform atomic create operation","status":"passed","title":"should perform atomic create operation","duration":1.4217500000013388,"failureMessages":[],"meta":{}},{"ancestorTitles":["AtomicOperationsSystem Integration","Component Integration"],"fullName":"AtomicOperationsSystem Integration Component Integration should perform atomic read operation","status":"passed","title":"should perform atomic read operation","duration":0.8458329999994021,"failureMessages":[],"meta":{}},{"ancestorTitles":["AtomicOperationsSystem Integration","Component Integration"],"fullName":"AtomicOperationsSystem Integration Component Integration should perform atomic write operation","status":"passed","title":"should perform atomic write operation","duration":1.6721250000009604,"failureMessages":[],"meta":{}},{"ancestorTitles":["AtomicOperationsSystem Integration","Component Integration"],"fullName":"AtomicOperationsSystem Integration Component Integration should handle operation failures with rollback","status":"passed","title":"should handle operation failures with rollback","duration":1.320958000000246,"failureMessages":[],"meta":{}},{"ancestorTitles":["AtomicOperationsSystem Integration","System Metrics and Health"],"fullName":"AtomicOperationsSystem Integration System Metrics and Health should provide comprehensive system metrics","status":"passed","title":"should provide comprehensive system metrics","duration":0.9792090000009921,"failureMessages":[],"meta":{}},{"ancestorTitles":["AtomicOperationsSystem Integration","System Metrics and Health"],"fullName":"AtomicOperationsSystem Integration System Metrics and Health should perform system health check","status":"passed","title":"should perform system health check","duration":0.573208000001614,"failureMessages":[],"meta":{}},{"ancestorTitles":["AtomicOperationsSystem Integration","Performance and Reliability"],"fullName":"AtomicOperationsSystem Integration Performance and Reliability should handle multiple concurrent operations","status":"passed","title":"should handle multiple concurrent operations","duration":1.311083000000508,"failureMessages":[],"meta":{}},{"ancestorTitles":["AtomicOperationsSystem Integration","Performance and Reliability"],"fullName":"AtomicOperationsSystem Integration Performance and Reliability should maintain data integrity under stress","status":"passed","title":"should maintain data integrity under stress","duration":2.385874999999942,"failureMessages":[],"meta":{}},{"ancestorTitles":["AtomicOperationsSystem Integration","Error Recovery"],"fullName":"AtomicOperationsSystem Integration Error Recovery should recover from system errors gracefully","status":"passed","title":"should recover from system errors gracefully","duration":0.6443749999998545,"failureMessages":[],"meta":{}},{"ancestorTitles":["AtomicOperationsSystem Integration","Error Recovery"],"fullName":"AtomicOperationsSystem Integration Error Recovery should handle shutdown gracefully","status":"passed","title":"should handle shutdown gracefully","duration":0.4615419999972801,"failureMessages":[],"meta":{}}],"startTime":1750306544566,"endTime":1750306544579.4614,"status":"passed","message":"","name":"/Users/rowan/github/tw-enigma/tw-enigma/packages/core/tests/atomicOps/AtomicOperationsSystem.test.ts"},{"assertionResults":[{"ancestorTitles":["AtomicPermissionManager","Permission Management"],"fullName":"AtomicPermissionManager Permission Management should change file permissions successfully","status":"passed","title":"should change file permissions successfully","duration":1.5790830000005371,"failureMessages":[],"meta":{}},{"ancestorTitles":["AtomicPermissionManager","Permission Management"],"fullName":"AtomicPermissionManager Permission Management should reject invalid permission modes","status":"passed","title":"should reject invalid permission modes","duration":1.306749999999738,"failureMessages":[],"meta":{}},{"ancestorTitles":["AtomicPermissionManager","Permission Management"],"fullName":"AtomicPermissionManager Permission Management should preserve permissions from source to target","status":"passed","title":"should preserve permissions from source to target","duration":1.296042000001762,"failureMessages":[],"meta":{}},{"ancestorTitles":["AtomicPermissionManager","Permission Management"],"fullName":"AtomicPermissionManager Permission Management should track permission history","status":"passed","title":"should track permission history","duration":5.812208000003011,"failureMessages":[],"meta":{}},{"ancestorTitles":["AtomicPermissionManager","Permission Management"],"fullName":"AtomicPermissionManager Permission Management should provide operation metrics","status":"passed","title":"should provide operation metrics","duration":1.0186250000006112,"failureMessages":[],"meta":{}},{"ancestorTitles":["AtomicPermissionManager","Edge Cases"],"fullName":"AtomicPermissionManager Edge Cases should handle non-existent files gracefully","status":"passed","title":"should handle non-existent files gracefully","duration":0.7447499999980209,"failureMessages":[],"meta":{}},{"ancestorTitles":["AtomicPermissionManager","Edge Cases"],"fullName":"AtomicPermissionManager Edge Cases should validate ownership values","status":"passed","title":"should validate ownership values","duration":0.7339579999970738,"failureMessages":[],"meta":{}}],"startTime":1750306544738,"endTime":1750306544750.734,"status":"passed","message":"","name":"/Users/rowan/github/tw-enigma/tw-enigma/packages/core/tests/atomicOps/AtomicPermissionManager.test.ts"},{"assertionResults":[{"ancestorTitles":["AtomicRollbackManager","Transaction Management"],"fullName":"AtomicRollbackManager Transaction Management should create new transaction with unique ID","status":"passed","title":"should create new transaction with unique ID","duration":1.4629170000007434,"failureMessages":[],"meta":{}},{"ancestorTitles":["AtomicRollbackManager","Transaction Management"],"fullName":"AtomicRollbackManager Transaction Management should track active transactions","status":"passed","title":"should track active transactions","duration":0.6037920000017039,"failureMessages":[],"meta":{}},{"ancestorTitles":["AtomicRollbackManager","Transaction Management"],"fullName":"AtomicRollbackManager Transaction Management should create transaction with description","status":"passed","title":"should create transaction with description","duration":0.46316599999772734,"failureMessages":[],"meta":{}},{"ancestorTitles":["AtomicRollbackManager","Transaction Management"],"fullName":"AtomicRollbackManager Transaction Management should commit transaction successfully","status":"passed","title":"should commit transaction successfully","duration":0.5425410000025295,"failureMessages":[],"meta":{}},{"ancestorTitles":["AtomicRollbackManager","Transaction Management"],"fullName":"AtomicRollbackManager Transaction Management should reject operations on non-existent transaction","status":"passed","title":"should reject operations on non-existent transaction","duration":0.4687080000003334,"failureMessages":[],"meta":{}},{"ancestorTitles":["AtomicRollbackManager","Transaction Management"],"fullName":"AtomicRollbackManager Transaction Management should reject operations on committed transaction","status":"passed","title":"should reject operations on committed transaction","duration":0.5565409999981057,"failureMessages":[],"meta":{}},{"ancestorTitles":["AtomicRollbackManager","Rollback Operations"],"fullName":"AtomicRollbackManager Rollback Operations should rollback file creation","status":"passed","title":"should rollback file creation","duration":1.0084999999999127,"failureMessages":[],"meta":{}},{"ancestorTitles":["AtomicRollbackManager","Rollback Operations"],"fullName":"AtomicRollbackManager Rollback Operations should rollback file overwrite with backup","status":"passed","title":"should rollback file overwrite with backup","duration":1.3396670000001905,"failureMessages":[],"meta":{}},{"ancestorTitles":["AtomicRollbackManager","Rollback Operations"],"fullName":"AtomicRollbackManager Rollback Operations should rollback file deletion with backup","status":"passed","title":"should rollback file deletion with backup","duration":0.9610410000022966,"failureMessages":[],"meta":{}},{"ancestorTitles":["AtomicRollbackManager","Rollback Operations"],"fullName":"AtomicRollbackManager Rollback Operations should rollback directory creation","status":"passed","title":"should rollback directory creation","duration":0.71729200000118,"failureMessages":[],"meta":{}},{"ancestorTitles":["AtomicRollbackManager","Rollback Operations"],"fullName":"AtomicRollbackManager Rollback Operations should handle rollback errors gracefully","status":"passed","title":"should handle rollback errors gracefully","duration":1.4549589999987802,"failureMessages":[],"meta":{}},{"ancestorTitles":["AtomicRollbackManager","Rollback Operations"],"fullName":"AtomicRollbackManager Rollback Operations should rollback multiple operations in reverse order","status":"passed","title":"should rollback multiple operations in reverse order","duration":1.0409160000017437,"failureMessages":[],"meta":{}},{"ancestorTitles":["AtomicRollbackManager","Checkpoint Management"],"fullName":"AtomicRollbackManager Checkpoint Management should create checkpoint in transaction","status":"passed","title":"should create checkpoint in transaction","duration":0.6831249999995634,"failureMessages":[],"meta":{}},{"ancestorTitles":["AtomicRollbackManager","Checkpoint Management"],"fullName":"AtomicRollbackManager Checkpoint Management should rollback to checkpoint","status":"passed","title":"should rollback to checkpoint","duration":0.8309169999993173,"failureMessages":[],"meta":{}},{"ancestorTitles":["AtomicRollbackManager","Checkpoint Management"],"fullName":"AtomicRollbackManager Checkpoint Management should reject rollback to non-existent checkpoint","status":"passed","title":"should reject rollback to non-existent checkpoint","duration":0.5130840000019816,"failureMessages":[],"meta":{}},{"ancestorTitles":["AtomicRollbackManager","Metrics and History"],"fullName":"AtomicRollbackManager Metrics and History should track operation metrics","status":"passed","title":"should track operation metrics","duration":0.45720799999980954,"failureMessages":[],"meta":{}},{"ancestorTitles":["AtomicRollbackManager","Metrics and History"],"fullName":"AtomicRollbackManager Metrics and History should maintain rollback history","status":"passed","title":"should maintain rollback history","duration":0.41833300000143936,"failureMessages":[],"meta":{}},{"ancestorTitles":["AtomicRollbackManager","Metrics and History"],"fullName":"AtomicRollbackManager Metrics and History should limit history size","status":"passed","title":"should limit history size","duration":0.4209579999987909,"failureMessages":[],"meta":{}},{"ancestorTitles":["AtomicRollbackManager","Shutdown and Cleanup"],"fullName":"AtomicRollbackManager Shutdown and Cleanup should rollback active transactions on shutdown","status":"passed","title":"should rollback active transactions on shutdown","duration":0.7051659999997355,"failureMessages":[],"meta":{}},{"ancestorTitles":["AtomicRollbackManager","Shutdown and Cleanup"],"fullName":"AtomicRollbackManager Shutdown and Cleanup should clear all data on shutdown","status":"passed","title":"should clear all data on shutdown","duration":0.4932919999992009,"failureMessages":[],"meta":{}}],"startTime":1750306544481,"endTime":1750306544495.705,"status":"passed","message":"","name":"/Users/rowan/github/tw-enigma/tw-enigma/packages/core/tests/atomicOps/AtomicRollbackManager.test.ts"},{"assertionResults":[{"ancestorTitles":["DryRun Integration Tests"],"fullName":"DryRun Integration Tests should simulate file operations without actual modifications","status":"passed","title":"should simulate file operations without actual modifications","duration":1.8070000000006985,"failureMessages":[],"meta":{}},{"ancestorTitles":["DryRun Integration Tests"],"fullName":"DryRun Integration Tests should generate comprehensive reports in different formats","status":"passed","title":"should generate comprehensive reports in different formats","duration":0.6244999999980791,"failureMessages":[],"meta":{}},{"ancestorTitles":["DryRun Integration Tests"],"fullName":"DryRun Integration Tests should provide accurate statistics and performance metrics","status":"passed","title":"should provide accurate statistics and performance metrics","duration":0.49562499999956344,"failureMessages":[],"meta":{}},{"ancestorTitles":["DryRun Integration Tests"],"fullName":"DryRun Integration Tests should handle errors gracefully in dry run mode","status":"passed","title":"should handle errors gracefully in dry run mode","duration":0.30850000000282307,"failureMessages":[],"meta":{}},{"ancestorTitles":["DryRun Integration Tests"],"fullName":"DryRun Integration Tests should support content previews and diffs","status":"passed","title":"should support content previews and diffs","duration":0.3636670000014419,"failureMessages":[],"meta":{}},{"ancestorTitles":["DryRun Integration Tests"],"fullName":"DryRun Integration Tests should provide optimization recommendations","status":"passed","title":"should provide optimization recommendations","duration":4.364458000000013,"failureMessages":[],"meta":{}},{"ancestorTitles":["Mock File System"],"fullName":"Mock File System should accurately simulate file system operations","status":"passed","title":"should accurately simulate file system operations","duration":0.5247500000004948,"failureMessages":[],"meta":{}},{"ancestorTitles":["Mock File System"],"fullName":"Mock File System should track file operations with proper metadata","status":"passed","title":"should track file operations with proper metadata","duration":0.2900840000002063,"failureMessages":[],"meta":{}}],"startTime":1750306544773,"endTime":1750306544781.5247,"status":"passed","message":"","name":"/Users/rowan/github/tw-enigma/tw-enigma/packages/core/tests/dryRun/dryRunIntegration.test.ts"},{"assertionResults":[{"ancestorTitles":["FrameworkDetector","Basic Framework Detection"],"fullName":"FrameworkDetector Basic Framework Detection should detect React framework from package.json","status":"passed","title":"should detect React framework from package.json","duration":4.080208999999741,"failureMessages":[],"meta":{}},{"ancestorTitles":["FrameworkDetector","Basic Framework Detection"],"fullName":"FrameworkDetector Basic Framework Detection should detect Next.js framework from package.json and file structure","status":"passed","title":"should detect Next.js framework from package.json and file structure","duration":2.296958999999333,"failureMessages":[],"meta":{}},{"ancestorTitles":["FrameworkDetector","Basic Framework Detection"],"fullName":"FrameworkDetector Basic Framework Detection should detect Vite framework from package.json and configuration","status":"passed","title":"should detect Vite framework from package.json and configuration","duration":2.2959999999984575,"failureMessages":[],"meta":{}},{"ancestorTitles":["FrameworkDetector","Basic Framework Detection"],"fullName":"FrameworkDetector Basic Framework Detection should handle projects with no framework detected","status":"passed","title":"should handle projects with no framework detected","duration":1.3459169999987353,"failureMessages":[],"meta":{}},{"ancestorTitles":["FrameworkDetector","Multi-Framework Detection"],"fullName":"FrameworkDetector Multi-Framework Detection should detect multiple frameworks in hybrid projects","status":"passed","title":"should detect multiple frameworks in hybrid projects","duration":1.748790999998164,"failureMessages":[],"meta":{}},{"ancestorTitles":["FrameworkDetector","Multi-Framework Detection"],"fullName":"FrameworkDetector Multi-Framework Detection should handle Next.js with App Router configuration","status":"passed","title":"should handle Next.js with App Router configuration","duration":1.6955830000006245,"failureMessages":[],"meta":{}},{"ancestorTitles":["FrameworkDetector","Error Handling"],"fullName":"FrameworkDetector Error Handling should handle invalid package.json gracefully","status":"passed","title":"should handle invalid package.json gracefully","duration":1.239624999998341,"failureMessages":[],"meta":{}},{"ancestorTitles":["FrameworkDetector","Error Handling"],"fullName":"FrameworkDetector Error Handling should handle missing directory gracefully","status":"passed","title":"should handle missing directory gracefully","duration":0.5747089999968011,"failureMessages":[],"meta":{}},{"ancestorTitles":["FrameworkDetector","Error Handling"],"fullName":"FrameworkDetector Error Handling should handle permission errors gracefully","status":"passed","title":"should handle permission errors gracefully","duration":1.2967920000010054,"failureMessages":[],"meta":{}},{"ancestorTitles":["FrameworkDetector","Configuration Options"],"fullName":"FrameworkDetector Configuration Options should respect confidence threshold setting","status":"passed","title":"should respect confidence threshold setting","duration":1.143541000001278,"failureMessages":[],"meta":{}},{"ancestorTitles":["FrameworkDetector","Configuration Options"],"fullName":"FrameworkDetector Configuration Options should cache detection results when enabled","status":"passed","title":"should cache detection results when enabled","duration":1.0632089999999152,"failureMessages":[],"meta":{}},{"ancestorTitles":["FrameworkDetector","Configuration Options"],"fullName":"FrameworkDetector Configuration Options should respect maxCodeFiles limitation","status":"passed","title":"should respect maxCodeFiles limitation","duration":0.8104170000005979,"failureMessages":[],"meta":{}},{"ancestorTitles":["FrameworkDetector","Utility Functions"],"fullName":"FrameworkDetector Utility Functions should provide createFrameworkDetector utility","status":"passed","title":"should provide createFrameworkDetector utility","duration":0.33233300000210875,"failureMessages":[],"meta":{}},{"ancestorTitles":["FrameworkDetector","Utility Functions"],"fullName":"FrameworkDetector Utility Functions should provide detectFramework utility function","status":"passed","title":"should provide detectFramework utility function","duration":1.0352089999978489,"failureMessages":[],"meta":{}},{"ancestorTitles":["FrameworkDetector","Performance Metrics"],"fullName":"FrameworkDetector Performance Metrics should provide performance metrics","status":"passed","title":"should provide performance metrics","duration":1.0301670000008016,"failureMessages":[],"meta":{}}],"startTime":1750306544407,"endTime":1750306544429.0303,"status":"passed","message":"","name":"/Users/rowan/github/tw-enigma/tw-enigma/packages/core/tests/frameworkDetector/frameworkDetector.test.ts"},{"assertionResults":[{"ancestorTitles":["PostCSS Integration Basic Tests"],"fullName":"PostCSS Integration Basic Tests should import PostCSS types successfully","status":"passed","title":"should import PostCSS types successfully","duration":0.42041700000118,"failureMessages":[],"meta":{}},{"ancestorTitles":["PostCSS Integration Basic Tests"],"fullName":"PostCSS Integration Basic Tests should pass basic functionality check","status":"passed","title":"should pass basic functionality check","duration":0.23691600000165636,"failureMessages":[],"meta":{}}],"startTime":1750306545068,"endTime":1750306545069.2368,"status":"passed","message":"","name":"/Users/rowan/github/tw-enigma/tw-enigma/packages/core/tests/postcss/basic.test.ts"}]}