{"numTotalTestSuites":38,"numPassedTestSuites":38,"numFailedTestSuites":0,"numPendingTestSuites":0,"numTotalTests":100,"numPassedTests":1,"numFailedTests":0,"numPendingTests":99,"numTodoTests":0,"snapshot":{"added":0,"failure":false,"filesAdded":0,"filesRemoved":0,"filesRemovedList":[],"filesUnmatched":0,"filesUpdated":0,"matched":0,"total":0,"unchecked":0,"uncheckedKeysByFile":[],"unmatched":0,"updated":0,"didUpdate":false},"startTime":1750146343567,"success":true,"testResults":[{"assertionResults":[{"ancestorTitles":["Enhanced CLI Tests","Help and Version"],"fullName":"Enhanced CLI Tests Help and Version should display help information","status":"skipped","title":"should display help information","failureMessages":[],"meta":{}},{"ancestorTitles":["Enhanced CLI Tests","Help and Version"],"fullName":"Enhanced CLI Tests Help and Version should display version information","status":"skipped","title":"should display version information","failureMessages":[],"meta":{}},{"ancestorTitles":["Enhanced CLI Tests","Help and Version"],"fullName":"Enhanced CLI Tests Help and Version should display version with -v flag","status":"skipped","title":"should display version with -v flag","failureMessages":[],"meta":{}},{"ancestorTitles":["Enhanced CLI Tests","Help and Version"],"fullName":"Enhanced CLI Tests Help and Version should display help with -h flag","status":"skipped","title":"should display help with -h flag","failureMessages":[],"meta":{}},{"ancestorTitles":["Enhanced CLI Tests","Configuration System Integration"],"fullName":"Enhanced CLI Tests Configuration System Integration should run with default configuration","status":"skipped","title":"should run with default configuration","failureMessages":[],"meta":{}},{"ancestorTitles":["Enhanced CLI Tests","Configuration System Integration"],"fullName":"Enhanced CLI Tests Configuration System Integration should enable pretty mode with --pretty flag","status":"skipped","title":"should enable pretty mode with --pretty flag","failureMessages":[],"meta":{}},{"ancestorTitles":["Enhanced CLI Tests","Configuration System Integration"],"fullName":"Enhanced CLI Tests Configuration System Integration should enable pretty mode with -p flag","status":"skipped","title":"should enable pretty mode with -p flag","failureMessages":[],"meta":{}},{"ancestorTitles":["Enhanced CLI Tests","Configuration System Integration"],"fullName":"Enhanced CLI Tests Configuration System Integration should enable verbose mode","status":"skipped","title":"should enable verbose mode","failureMessages":[],"meta":{}},{"ancestorTitles":["Enhanced CLI Tests","Configuration System Integration"],"fullName":"Enhanced CLI Tests Configuration System Integration should enable debug mode","status":"skipped","title":"should enable debug mode","failureMessages":[],"meta":{}},{"ancestorTitles":["Enhanced CLI Tests","Configuration System Integration"],"fullName":"Enhanced CLI Tests Configuration System Integration should handle input and output options","status":"skipped","title":"should handle input and output options","failureMessages":[],"meta":{}},{"ancestorTitles":["Enhanced CLI Tests","Configuration System Integration"],"fullName":"Enhanced CLI Tests Configuration System Integration should work with multiple flags combined","status":"skipped","title":"should work with multiple flags combined","failureMessages":[],"meta":{}},{"ancestorTitles":["Enhanced CLI Tests","Configuration File Handling"],"fullName":"Enhanced CLI Tests Configuration File Handling should handle missing config file gracefully","status":"skipped","title":"should handle missing config file gracefully","failureMessages":[],"meta":{}},{"ancestorTitles":["Enhanced CLI Tests","Configuration File Handling"],"fullName":"Enhanced CLI Tests Configuration File Handling should accept config file with --config flag","status":"skipped","title":"should accept config file with --config flag","failureMessages":[],"meta":{}},{"ancestorTitles":["Enhanced CLI Tests","Configuration File Handling"],"fullName":"Enhanced CLI Tests Configuration File Handling should accept config file with -c flag","status":"skipped","title":"should accept config file with -c flag","failureMessages":[],"meta":{}},{"ancestorTitles":["Enhanced CLI Tests","Commands"],"fullName":"Enhanced CLI Tests Commands should provide init-config command","status":"passed","title":"should provide init-config command","duration":187.32295800000003,"failureMessages":[],"meta":{}},{"ancestorTitles":["Enhanced CLI Tests","Error Handling"],"fullName":"Enhanced CLI Tests Error Handling should handle unknown flags gracefully","status":"skipped","title":"should handle unknown flags gracefully","failureMessages":[],"meta":{}},{"ancestorTitles":["Enhanced CLI Tests","Error Handling"],"fullName":"Enhanced CLI Tests Error Handling should handle unknown commands gracefully","status":"skipped","title":"should handle unknown commands gracefully","failureMessages":[],"meta":{}},{"ancestorTitles":["Enhanced CLI Tests","Advanced Configuration Options"],"fullName":"Enhanced CLI Tests Advanced Configuration Options should handle all configuration options","status":"skipped","title":"should handle all configuration options","failureMessages":[],"meta":{}},{"ancestorTitles":["Enhanced CLI Tests","Advanced Configuration Options"],"fullName":"Enhanced CLI Tests Advanced Configuration Options should handle exclude patterns","status":"skipped","title":"should handle exclude patterns","failureMessages":[],"meta":{}},{"ancestorTitles":["Enhanced CLI Tests","Output Formatting"],"fullName":"Enhanced CLI Tests Output Formatting should show helpful tips when no input specified","status":"skipped","title":"should show helpful tips when no input specified","failureMessages":[],"meta":{}},{"ancestorTitles":["Enhanced CLI Tests","Output Formatting"],"fullName":"Enhanced CLI Tests Output Formatting should not show tips when input is specified","status":"skipped","title":"should not show tips when input is specified","failureMessages":[],"meta":{}}],"startTime":1750146343683,"endTime":1750146343870.323,"status":"passed","message":"","name":"/Users/rowan/github/tw-enigma/tw-enigma/packages/cli/tests/cli.test.ts"},{"assertionResults":[{"ancestorTitles":["@tw-enigma/cli"],"fullName":"@tw-enigma/cli exports version correctly","status":"skipped","title":"exports version correctly","failureMessages":[],"meta":{}},{"ancestorTitles":["@tw-enigma/cli"],"fullName":"@tw-enigma/cli CLIUtils.formatOutput works correctly","status":"skipped","title":"CLIUtils.formatOutput works correctly","failureMessages":[],"meta":{}},{"ancestorTitles":["@tw-enigma/cli"],"fullName":"@tw-enigma/cli CLIUtils.log and error methods exist","status":"skipped","title":"CLIUtils.log and error methods exist","failureMessages":[],"meta":{}}],"startTime":1750146343567,"endTime":1750146343567,"status":"passed","message":"","name":"/Users/rowan/github/tw-enigma/tw-enigma/packages/cli/tests/index.test.ts"},{"assertionResults":[{"ancestorTitles":["Reporter","Constructor and Configuration"],"fullName":"Reporter Constructor and Configuration should create reporter with default configuration","status":"skipped","title":"should create reporter with default configuration","failureMessages":[],"meta":{}},{"ancestorTitles":["Reporter","Constructor and Configuration"],"fullName":"Reporter Constructor and Configuration should merge custom configuration with defaults","status":"skipped","title":"should merge custom configuration with defaults","failureMessages":[],"meta":{}},{"ancestorTitles":["Reporter","Constructor and Configuration"],"fullName":"Reporter Constructor and Configuration should initialize with empty reports array","status":"skipped","title":"should initialize with empty reports array","failureMessages":[],"meta":{}},{"ancestorTitles":["Reporter","Constructor and Configuration"],"fullName":"Reporter Constructor and Configuration should track start time","status":"skipped","title":"should track start time","failureMessages":[],"meta":{}},{"ancestorTitles":["Reporter","Size Calculations"],"fullName":"Reporter Size Calculations should calculate size reductions correctly","status":"skipped","title":"should calculate size reductions correctly","failureMessages":[],"meta":{}},{"ancestorTitles":["Reporter","Size Calculations"],"fullName":"Reporter Size Calculations should handle zero original size","status":"skipped","title":"should handle zero original size","failureMessages":[],"meta":{}},{"ancestorTitles":["Reporter","Size Calculations"],"fullName":"Reporter Size Calculations should estimate compressed size when not provided","status":"skipped","title":"should estimate compressed size when not provided","failureMessages":[],"meta":{}},{"ancestorTitles":["Reporter","Size Calculations"],"fullName":"Reporter Size Calculations should calculate compression metrics","status":"skipped","title":"should calculate compression metrics","failureMessages":[],"meta":{}},{"ancestorTitles":["Reporter","Size Calculations"],"fullName":"Reporter Size Calculations should calculate optimization savings from file data","status":"skipped","title":"should calculate optimization savings from file data","failureMessages":[],"meta":{}},{"ancestorTitles":["Reporter","Size Calculations"],"fullName":"Reporter Size Calculations should handle missing file data gracefully","status":"skipped","title":"should handle missing file data gracefully","failureMessages":[],"meta":{}},{"ancestorTitles":["Reporter","Pattern Statistics"],"fullName":"Reporter Pattern Statistics should generate pattern statistics correctly","status":"skipped","title":"should generate pattern statistics correctly","failureMessages":[],"meta":{}},{"ancestorTitles":["Reporter","Pattern Statistics"],"fullName":"Reporter Pattern Statistics should calculate pattern efficiency","status":"skipped","title":"should calculate pattern efficiency","failureMessages":[],"meta":{}},{"ancestorTitles":["Reporter","Pattern Statistics"],"fullName":"Reporter Pattern Statistics should handle zero frequency patterns","status":"skipped","title":"should handle zero frequency patterns","failureMessages":[],"meta":{}},{"ancestorTitles":["Reporter","Pattern Statistics"],"fullName":"Reporter Pattern Statistics should cap efficiency at 1.0","status":"skipped","title":"should cap efficiency at 1.0","failureMessages":[],"meta":{}},{"ancestorTitles":["Reporter","Pattern Statistics"],"fullName":"Reporter Pattern Statistics should generate pattern breakdown by type","status":"skipped","title":"should generate pattern breakdown by type","failureMessages":[],"meta":{}},{"ancestorTitles":["Reporter","Pattern Statistics"],"fullName":"Reporter Pattern Statistics should handle missing pattern data","status":"skipped","title":"should handle missing pattern data","failureMessages":[],"meta":{}},{"ancestorTitles":["Reporter","Performance Metrics"],"fullName":"Reporter Performance Metrics should calculate performance metrics correctly","status":"skipped","title":"should calculate performance metrics correctly","failureMessages":[],"meta":{}},{"ancestorTitles":["Reporter","Performance Metrics"],"fullName":"Reporter Performance Metrics should handle zero execution time","status":"skipped","title":"should handle zero execution time","failureMessages":[],"meta":{}},{"ancestorTitles":["Reporter","Performance Metrics"],"fullName":"Reporter Performance Metrics should handle zero files processed","status":"skipped","title":"should handle zero files processed","failureMessages":[],"meta":{}},{"ancestorTitles":["Reporter","Performance Metrics"],"fullName":"Reporter Performance Metrics should use process memory when not provided","status":"skipped","title":"should use process memory when not provided","failureMessages":[],"meta":{}},{"ancestorTitles":["Reporter","Report Generation"],"fullName":"Reporter Report Generation should generate a complete optimization report","status":"skipped","title":"should generate a complete optimization report","failureMessages":[],"meta":{}},{"ancestorTitles":["Reporter","Report Generation"],"fullName":"Reporter Report Generation should store generated reports","status":"skipped","title":"should store generated reports","failureMessages":[],"meta":{}},{"ancestorTitles":["Reporter","Report Generation"],"fullName":"Reporter Report Generation should handle errors during report generation","status":"skipped","title":"should handle errors during report generation","failureMessages":[],"meta":{}},{"ancestorTitles":["Reporter","Recommendations and Warnings"],"fullName":"Reporter Recommendations and Warnings should generate size-based recommendations","status":"skipped","title":"should generate size-based recommendations","failureMessages":[],"meta":{}},{"ancestorTitles":["Reporter","Recommendations and Warnings"],"fullName":"Reporter Recommendations and Warnings should generate performance-based recommendations","status":"skipped","title":"should generate performance-based recommendations","failureMessages":[],"meta":{}},{"ancestorTitles":["Reporter","Recommendations and Warnings"],"fullName":"Reporter Recommendations and Warnings should generate pattern-based recommendations","status":"skipped","title":"should generate pattern-based recommendations","failureMessages":[],"meta":{}},{"ancestorTitles":["Reporter","Recommendations and Warnings"],"fullName":"Reporter Recommendations and Warnings should generate size-based warnings","status":"skipped","title":"should generate size-based warnings","failureMessages":[],"meta":{}},{"ancestorTitles":["Reporter","Recommendations and Warnings"],"fullName":"Reporter Recommendations and Warnings should generate performance warnings","status":"skipped","title":"should generate performance warnings","failureMessages":[],"meta":{}},{"ancestorTitles":["Reporter","Recommendations and Warnings"],"fullName":"Reporter Recommendations and Warnings should generate data validation warnings","status":"skipped","title":"should generate data validation warnings","failureMessages":[],"meta":{}},{"ancestorTitles":["Reporter","Recommendations and Warnings"],"fullName":"Reporter Recommendations and Warnings should warn about errors in data","status":"skipped","title":"should warn about errors in data","failureMessages":[],"meta":{}},{"ancestorTitles":["Reporter","Utility Functions"],"fullName":"Reporter Utility Functions should format bytes correctly","status":"skipped","title":"should format bytes correctly","failureMessages":[],"meta":{}},{"ancestorTitles":["Reporter","Utility Functions"],"fullName":"Reporter Utility Functions should format percentages correctly","status":"skipped","title":"should format percentages correctly","failureMessages":[],"meta":{}},{"ancestorTitles":["Reporter","Utility Functions"],"fullName":"Reporter Utility Functions should format duration correctly","status":"skipped","title":"should format duration correctly","failureMessages":[],"meta":{}},{"ancestorTitles":["Reporter","Report Display"],"fullName":"Reporter Report Display should display console report","status":"skipped","title":"should display console report","failureMessages":[],"meta":{}},{"ancestorTitles":["Reporter","Report Display"],"fullName":"Reporter Report Display should display JSON report","status":"skipped","title":"should display JSON report","failureMessages":[],"meta":{}},{"ancestorTitles":["Reporter","Report Display"],"fullName":"Reporter Report Display should display Markdown report","status":"skipped","title":"should display Markdown report","failureMessages":[],"meta":{}},{"ancestorTitles":["Reporter","Report Display"],"fullName":"Reporter Report Display should display HTML report","status":"skipped","title":"should display HTML report","failureMessages":[],"meta":{}},{"ancestorTitles":["Reporter","Report Display"],"fullName":"Reporter Report Display should display all formats when format is 'all'","status":"skipped","title":"should display all formats when format is 'all'","failureMessages":[],"meta":{}},{"ancestorTitles":["Reporter","Report Display"],"fullName":"Reporter Report Display should throw error for unsupported format","status":"skipped","title":"should throw error for unsupported format","failureMessages":[],"meta":{}},{"ancestorTitles":["Reporter","Reporter Management"],"fullName":"Reporter Reporter Management should clear all reports","status":"skipped","title":"should clear all reports","failureMessages":[],"meta":{}},{"ancestorTitles":["Reporter","Reporter Management"],"fullName":"Reporter Reporter Management should provide reporter statistics","status":"skipped","title":"should provide reporter statistics","failureMessages":[],"meta":{}},{"ancestorTitles":["Reporter","Reporter Management"],"fullName":"Reporter Reporter Management should not mutate original reports array","status":"skipped","title":"should not mutate original reports array","failureMessages":[],"meta":{}},{"ancestorTitles":["Reporter","Configuration Edge Cases"],"fullName":"Reporter Configuration Edge Cases should handle disabled colors","status":"skipped","title":"should handle disabled colors","failureMessages":[],"meta":{}},{"ancestorTitles":["Reporter","Configuration Edge Cases"],"fullName":"Reporter Configuration Edge Cases should respect maxTableItems setting","status":"skipped","title":"should respect maxTableItems setting","failureMessages":[],"meta":{}},{"ancestorTitles":["Reporter","Configuration Edge Cases"],"fullName":"Reporter Configuration Edge Cases should handle compact table style","status":"skipped","title":"should handle compact table style","failureMessages":[],"meta":{}}],"startTime":1750146343567,"endTime":1750146343567,"status":"passed","message":"","name":"/Users/rowan/github/tw-enigma/tw-enigma/packages/cli/tests/reporter.test.ts"},{"assertionResults":[{"ancestorTitles":["CiIntegration","CI environment detection"],"fullName":"CiIntegration CI environment detection should detect GitHub Actions environment","status":"skipped","title":"should detect GitHub Actions environment","failureMessages":[],"meta":{}},{"ancestorTitles":["CiIntegration","CI environment detection"],"fullName":"CiIntegration CI environment detection should detect GitHub Actions pull request","status":"skipped","title":"should detect GitHub Actions pull request","failureMessages":[],"meta":{}},{"ancestorTitles":["CiIntegration","CI environment detection"],"fullName":"CiIntegration CI environment detection should detect GitLab CI environment","status":"skipped","title":"should detect GitLab CI environment","failureMessages":[],"meta":{}},{"ancestorTitles":["CiIntegration","CI environment detection"],"fullName":"CiIntegration CI environment detection should detect Jenkins environment","status":"skipped","title":"should detect Jenkins environment","failureMessages":[],"meta":{}},{"ancestorTitles":["CiIntegration","CI environment detection"],"fullName":"CiIntegration CI environment detection should detect CircleCI environment","status":"skipped","title":"should detect CircleCI environment","failureMessages":[],"meta":{}},{"ancestorTitles":["CiIntegration","CI environment detection"],"fullName":"CiIntegration CI environment detection should detect generic CI environment","status":"skipped","title":"should detect generic CI environment","failureMessages":[],"meta":{}},{"ancestorTitles":["CiIntegration","CI environment detection"],"fullName":"CiIntegration CI environment detection should detect non-CI environment","status":"skipped","title":"should detect non-CI environment","failureMessages":[],"meta":{}},{"ancestorTitles":["CiIntegration","processReport"],"fullName":"CiIntegration processReport should pass when performance meets thresholds","status":"skipped","title":"should pass when performance meets thresholds","failureMessages":[],"meta":{}},{"ancestorTitles":["CiIntegration","processReport"],"fullName":"CiIntegration processReport should fail when performance score below threshold","status":"skipped","title":"should fail when performance score below threshold","failureMessages":[],"meta":{}},{"ancestorTitles":["CiIntegration","processReport"],"fullName":"CiIntegration processReport should fail when budget violations detected","status":"skipped","title":"should fail when budget violations detected","failureMessages":[],"meta":{}},{"ancestorTitles":["CiIntegration","processReport"],"fullName":"CiIntegration processReport should handle performance comparison with baseline","status":"skipped","title":"should handle performance comparison with baseline","failureMessages":[],"meta":{}},{"ancestorTitles":["CiIntegration","processReport"],"fullName":"CiIntegration processReport should fail when size increase exceeds threshold","status":"skipped","title":"should fail when size increase exceeds threshold","failureMessages":[],"meta":{}},{"ancestorTitles":["CiIntegration","processReport"],"fullName":"CiIntegration processReport should fail when major regressions detected","status":"skipped","title":"should fail when major regressions detected","failureMessages":[],"meta":{}},{"ancestorTitles":["CiIntegration","regression detection"],"fullName":"CiIntegration regression detection should detect performance score regression","status":"skipped","title":"should detect performance score regression","failureMessages":[],"meta":{}},{"ancestorTitles":["CiIntegration","regression detection"],"fullName":"CiIntegration regression detection should detect size increase regression","status":"skipped","title":"should detect size increase regression","failureMessages":[],"meta":{}},{"ancestorTitles":["CiIntegration","regression detection"],"fullName":"CiIntegration regression detection should detect load time regression","status":"skipped","title":"should detect load time regression","failureMessages":[],"meta":{}},{"ancestorTitles":["CiIntegration","improvement detection"],"fullName":"CiIntegration improvement detection should detect performance improvements","status":"skipped","title":"should detect performance improvements","failureMessages":[],"meta":{}},{"ancestorTitles":["CiIntegration","createCiIntegration"],"fullName":"CiIntegration createCiIntegration should create CI integration with default options","status":"skipped","title":"should create CI integration with default options","failureMessages":[],"meta":{}},{"ancestorTitles":["CiIntegration","createCiIntegration"],"fullName":"CiIntegration createCiIntegration should create CI integration with custom options","status":"skipped","title":"should create CI integration with custom options","failureMessages":[],"meta":{}},{"ancestorTitles":["CiIntegration","webhook notifications"],"fullName":"CiIntegration webhook notifications should send webhook notification on success","status":"skipped","title":"should send webhook notification on success","failureMessages":[],"meta":{}}],"startTime":1750146343567,"endTime":1750146343567,"status":"passed","message":"","name":"/Users/rowan/github/tw-enigma/tw-enigma/packages/cli/tests/output/ciIntegration.test.ts"},{"assertionResults":[{"ancestorTitles":["Reporter Integration Tests","Real-world Data Processing"],"fullName":"Reporter Integration Tests Real-world Data Processing should handle large optimization datasets","status":"skipped","title":"should handle large optimization datasets","failureMessages":[],"meta":{}},{"ancestorTitles":["Reporter Integration Tests","Real-world Data Processing"],"fullName":"Reporter Integration Tests Real-world Data Processing should generate comprehensive reports for typical CSS optimization","status":"skipped","title":"should generate comprehensive reports for typical CSS optimization","failureMessages":[],"meta":{}},{"ancestorTitles":["Reporter Integration Tests","Real-world Data Processing"],"fullName":"Reporter Integration Tests Real-world Data Processing should handle edge cases and malformed data gracefully","status":"skipped","title":"should handle edge cases and malformed data gracefully","failureMessages":[],"meta":{}},{"ancestorTitles":["Reporter Integration Tests","Multi-format Output Generation"],"fullName":"Reporter Integration Tests Multi-format Output Generation should generate and save reports in all formats","status":"skipped","title":"should generate and save reports in all formats","failureMessages":[],"meta":{}},{"ancestorTitles":["Reporter Integration Tests","Multi-format Output Generation"],"fullName":"Reporter Integration Tests Multi-format Output Generation should handle different verbosity levels","status":"skipped","title":"should handle different verbosity levels","failureMessages":[],"meta":{}},{"ancestorTitles":["Reporter Integration Tests","Performance and Memory Testing"],"fullName":"Reporter Integration Tests Performance and Memory Testing should handle memory-intensive operations efficiently","status":"skipped","title":"should handle memory-intensive operations efficiently","failureMessages":[],"meta":{}},{"ancestorTitles":["Reporter Integration Tests","Performance and Memory Testing"],"fullName":"Reporter Integration Tests Performance and Memory Testing should generate appropriate recommendations for slow operations","status":"skipped","title":"should generate appropriate recommendations for slow operations","failureMessages":[],"meta":{}},{"ancestorTitles":["Reporter Integration Tests","Real-world Integration Scenarios"],"fullName":"Reporter Integration Tests Real-world Integration Scenarios should integrate with existing CSS optimization pipeline","status":"skipped","title":"should integrate with existing CSS optimization pipeline","failureMessages":[],"meta":{}},{"ancestorTitles":["Reporter Integration Tests","Real-world Integration Scenarios"],"fullName":"Reporter Integration Tests Real-world Integration Scenarios should handle concurrent report generation","status":"skipped","title":"should handle concurrent report generation","failureMessages":[],"meta":{}},{"ancestorTitles":["Reporter Integration Tests","Error Handling and Recovery"],"fullName":"Reporter Integration Tests Error Handling and Recovery should gracefully handle corrupted or incomplete data","status":"skipped","title":"should gracefully handle corrupted or incomplete data","failureMessages":[],"meta":{}},{"ancestorTitles":["Reporter Integration Tests","Error Handling and Recovery"],"fullName":"Reporter Integration Tests Error Handling and Recovery should provide meaningful error messages for invalid configurations","status":"skipped","title":"should provide meaningful error messages for invalid configurations","failureMessages":[],"meta":{}}],"startTime":1750146343567,"endTime":1750146343567,"status":"passed","message":"","name":"/Users/rowan/github/tw-enigma/tw-enigma/packages/cli/tests/results/reporter.test.ts"}],"coverageMap":{"/Users/rowan/github/tw-enigma/tw-enigma/packages/cli/src/ci-integration.ts":{"path":"/Users/rowan/github/tw-enigma/tw-enigma/packages/cli/src/ci-integration.ts","all":false,"statementMap":{"54":{"start":{"line":55,"column":0},"end":{"line":55,"column":28}},"55":{"start":{"line":56,"column":0},"end":{"line":56,"column":14}},"56":{"start":{"line":57,"column":0},"end":{"line":57,"column":36}},"57":{"start":{"line":58,"column":0},"end":{"line":58,"column":35}},"58":{"start":{"line":59,"column":0},"end":{"line":59,"column":6}},"60":{"start":{"line":61,"column":0},"end":{"line":61,"column":37}},"61":{"start":{"line":62,"column":0},"end":{"line":62,"column":28}},"64":{"start":{"line":65,"column":0},"end":{"line":65,"column":40}},"65":{"start":{"line":66,"column":0},"end":{"line":66,"column":14}},"66":{"start":{"line":67,"column":0},"end":{"line":67,"column":27}},"67":{"start":{"line":68,"column":0},"end":{"line":68,"column":35}},"68":{"start":{"line":69,"column":0},"end":{"line":69,"column":36}},"69":{"start":{"line":70,"column":0},"end":{"line":70,"column":31}},"70":{"start":{"line":71,"column":0},"end":{"line":71,"column":100}},"71":{"start":{"line":72,"column":0},"end":{"line":72,"column":19}},"72":{"start":{"line":73,"column":0},"end":{"line":73,"column":12}},"73":{"start":{"line":74,"column":0},"end":{"line":74,"column":8}},"74":{"start":{"line":75,"column":0},"end":{"line":75,"column":5}},"77":{"start":{"line":78,"column":0},"end":{"line":78,"column":35}},"78":{"start":{"line":79,"column":0},"end":{"line":79,"column":14}},"79":{"start":{"line":80,"column":0},"end":{"line":80,"column":27}},"80":{"start":{"line":81,"column":0},"end":{"line":81,"column":36}},"81":{"start":{"line":82,"column":0},"end":{"line":82,"column":39}},"82":{"start":{"line":83,"column":0},"end":{"line":83,"column":34}},"83":{"start":{"line":84,"column":0},"end":{"line":84,"column":46}},"84":{"start":{"line":85,"column":0},"end":{"line":85,"column":19}},"85":{"start":{"line":86,"column":0},"end":{"line":86,"column":12}},"86":{"start":{"line":87,"column":0},"end":{"line":87,"column":8}},"87":{"start":{"line":88,"column":0},"end":{"line":88,"column":5}},"90":{"start":{"line":91,"column":0},"end":{"line":91,"column":26}},"91":{"start":{"line":92,"column":0},"end":{"line":92,"column":14}},"92":{"start":{"line":93,"column":0},"end":{"line":93,"column":28}},"93":{"start":{"line":94,"column":0},"end":{"line":94,"column":34}},"94":{"start":{"line":95,"column":0},"end":{"line":95,"column":31}},"95":{"start":{"line":96,"column":0},"end":{"line":96,"column":31}},"96":{"start":{"line":97,"column":0},"end":{"line":97,"column":19}},"97":{"start":{"line":98,"column":0},"end":{"line":98,"column":12}},"98":{"start":{"line":99,"column":0},"end":{"line":99,"column":8}},"99":{"start":{"line":100,"column":0},"end":{"line":100,"column":5}},"102":{"start":{"line":103,"column":0},"end":{"line":103,"column":34}},"103":{"start":{"line":104,"column":0},"end":{"line":104,"column":42}},"104":{"start":{"line":105,"column":0},"end":{"line":105,"column":36}},"105":{"start":{"line":106,"column":0},"end":{"line":106,"column":70}},"106":{"start":{"line":107,"column":0},"end":{"line":107,"column":51}},"107":{"start":{"line":108,"column":0},"end":{"line":108,"column":7}},"109":{"start":{"line":110,"column":0},"end":{"line":110,"column":14}},"110":{"start":{"line":111,"column":0},"end":{"line":111,"column":29}},"111":{"start":{"line":112,"column":0},"end":{"line":112,"column":38}},"112":{"start":{"line":113,"column":0},"end":{"line":113,"column":34}},"113":{"start":{"line":114,"column":0},"end":{"line":114,"column":32}},"114":{"start":{"line":115,"column":0},"end":{"line":115,"column":20}},"115":{"start":{"line":116,"column":0},"end":{"line":116,"column":19}},"116":{"start":{"line":117,"column":0},"end":{"line":117,"column":12}},"117":{"start":{"line":118,"column":0},"end":{"line":118,"column":8}},"118":{"start":{"line":119,"column":0},"end":{"line":119,"column":5}},"121":{"start":{"line":122,"column":0},"end":{"line":122,"column":28}},"122":{"start":{"line":123,"column":0},"end":{"line":123,"column":14}},"123":{"start":{"line":124,"column":0},"end":{"line":124,"column":28}},"124":{"start":{"line":125,"column":0},"end":{"line":125,"column":34}},"125":{"start":{"line":126,"column":0},"end":{"line":126,"column":19}},"126":{"start":{"line":127,"column":0},"end":{"line":127,"column":12}},"127":{"start":{"line":128,"column":0},"end":{"line":128,"column":8}},"128":{"start":{"line":129,"column":0},"end":{"line":129,"column":5}},"131":{"start":{"line":132,"column":0},"end":{"line":132,"column":12}},"132":{"start":{"line":133,"column":0},"end":{"line":133,"column":26}},"133":{"start":{"line":134,"column":0},"end":{"line":134,"column":18}},"134":{"start":{"line":135,"column":0},"end":{"line":135,"column":10}},"135":{"start":{"line":136,"column":0},"end":{"line":136,"column":6}},"136":{"start":{"line":137,"column":0},"end":{"line":137,"column":3}},"138":{"start":{"line":139,"column":0},"end":{"line":139,"column":22}},"139":{"start":{"line":140,"column":0},"end":{"line":140,"column":33}},"140":{"start":{"line":141,"column":0},"end":{"line":141,"column":35}},"141":{"start":{"line":142,"column":0},"end":{"line":142,"column":31}},"142":{"start":{"line":143,"column":0},"end":{"line":143,"column":42}},"144":{"start":{"line":145,"column":0},"end":{"line":145,"column":50}},"145":{"start":{"line":146,"column":0},"end":{"line":146,"column":65}},"146":{"start":{"line":147,"column":0},"end":{"line":147,"column":61}},"147":{"start":{"line":148,"column":0},"end":{"line":148,"column":61}},"148":{"start":{"line":149,"column":0},"end":{"line":149,"column":77}},"151":{"start":{"line":152,"column":0},"end":{"line":152,"column":47}},"153":{"start":{"line":154,"column":0},"end":{"line":154,"column":66}},"154":{"start":{"line":155,"column":0},"end":{"line":155,"column":93}},"155":{"start":{"line":156,"column":0},"end":{"line":156,"column":83}},"158":{"start":{"line":159,"column":0},"end":{"line":159,"column":49}},"159":{"start":{"line":160,"column":0},"end":{"line":160,"column":11}},"160":{"start":{"line":161,"column":0},"end":{"line":161,"column":47}},"161":{"start":{"line":162,"column":0},"end":{"line":162,"column":83}},"162":{"start":{"line":163,"column":0},"end":{"line":163,"column":44}},"163":{"start":{"line":164,"column":0},"end":{"line":164,"column":23}},"164":{"start":{"line":165,"column":0},"end":{"line":165,"column":61}},"165":{"start":{"line":166,"column":0},"end":{"line":166,"column":7}},"166":{"start":{"line":167,"column":0},"end":{"line":167,"column":5}},"169":{"start":{"line":170,"column":0},"end":{"line":170,"column":72}},"170":{"start":{"line":171,"column":0},"end":{"line":171,"column":77}},"171":{"start":{"line":172,"column":0},"end":{"line":172,"column":83}},"174":{"start":{"line":175,"column":0},"end":{"line":175,"column":62}},"175":{"start":{"line":176,"column":0},"end":{"line":176,"column":19}},"176":{"start":{"line":177,"column":0},"end":{"line":177,"column":87}},"177":{"start":{"line":178,"column":0},"end":{"line":178,"column":24}},"178":{"start":{"line":179,"column":0},"end":{"line":179,"column":79}},"179":{"start":{"line":180,"column":0},"end":{"line":180,"column":49}},"180":{"start":{"line":181,"column":0},"end":{"line":181,"column":12}},"181":{"start":{"line":182,"column":0},"end":{"line":182,"column":28}},"182":{"start":{"line":183,"column":0},"end":{"line":183,"column":81}},"184":{"start":{"line":185,"column":0},"end":{"line":185,"column":20}},"185":{"start":{"line":186,"column":0},"end":{"line":186,"column":16}},"186":{"start":{"line":187,"column":0},"end":{"line":187,"column":22}},"187":{"start":{"line":188,"column":0},"end":{"line":188,"column":21}},"188":{"start":{"line":189,"column":0},"end":{"line":189,"column":25}},"189":{"start":{"line":190,"column":0},"end":{"line":190,"column":10}},"190":{"start":{"line":191,"column":0},"end":{"line":191,"column":24}},"191":{"start":{"line":192,"column":0},"end":{"line":192,"column":25}},"192":{"start":{"line":193,"column":0},"end":{"line":193,"column":8}},"195":{"start":{"line":196,"column":0},"end":{"line":196,"column":29}},"197":{"start":{"line":198,"column":0},"end":{"line":198,"column":103}},"198":{"start":{"line":199,"column":0},"end":{"line":199,"column":24}},"199":{"start":{"line":200,"column":0},"end":{"line":200,"column":99}},"200":{"start":{"line":201,"column":0},"end":{"line":201,"column":37}},"201":{"start":{"line":202,"column":0},"end":{"line":202,"column":33}},"202":{"start":{"line":203,"column":0},"end":{"line":203,"column":19}},"203":{"start":{"line":204,"column":0},"end":{"line":204,"column":88}},"204":{"start":{"line":205,"column":0},"end":{"line":205,"column":44}},"205":{"start":{"line":206,"column":0},"end":{"line":206,"column":54}},"206":{"start":{"line":207,"column":0},"end":{"line":207,"column":24}},"207":{"start":{"line":208,"column":0},"end":{"line":208,"column":11}},"208":{"start":{"line":209,"column":0},"end":{"line":209,"column":7}},"210":{"start":{"line":211,"column":0},"end":{"line":211,"column":39}},"211":{"start":{"line":212,"column":0},"end":{"line":212,"column":92}},"212":{"start":{"line":213,"column":0},"end":{"line":213,"column":37}},"213":{"start":{"line":214,"column":0},"end":{"line":214,"column":32}},"214":{"start":{"line":215,"column":0},"end":{"line":215,"column":19}},"215":{"start":{"line":216,"column":0},"end":{"line":216,"column":76}},"216":{"start":{"line":217,"column":0},"end":{"line":217,"column":47}},"217":{"start":{"line":218,"column":0},"end":{"line":218,"column":57}},"218":{"start":{"line":219,"column":0},"end":{"line":219,"column":36}},"219":{"start":{"line":220,"column":0},"end":{"line":220,"column":11}},"220":{"start":{"line":221,"column":0},"end":{"line":221,"column":7}},"222":{"start":{"line":223,"column":0},"end":{"line":223,"column":33}},"223":{"start":{"line":224,"column":0},"end":{"line":224,"column":95}},"224":{"start":{"line":225,"column":0},"end":{"line":225,"column":24}},"225":{"start":{"line":226,"column":0},"end":{"line":226,"column":122}},"226":{"start":{"line":227,"column":0},"end":{"line":227,"column":37}},"227":{"start":{"line":228,"column":0},"end":{"line":228,"column":37}},"228":{"start":{"line":229,"column":0},"end":{"line":229,"column":19}},"229":{"start":{"line":230,"column":0},"end":{"line":230,"column":68}},"230":{"start":{"line":231,"column":0},"end":{"line":231,"column":43}},"231":{"start":{"line":232,"column":0},"end":{"line":232,"column":53}},"232":{"start":{"line":233,"column":0},"end":{"line":233,"column":24}},"233":{"start":{"line":234,"column":0},"end":{"line":234,"column":11}},"234":{"start":{"line":235,"column":0},"end":{"line":235,"column":7}},"237":{"start":{"line":238,"column":0},"end":{"line":238,"column":28}},"239":{"start":{"line":240,"column":0},"end":{"line":240,"column":103}},"240":{"start":{"line":241,"column":0},"end":{"line":241,"column":38}},"241":{"start":{"line":242,"column":0},"end":{"line":242,"column":33}},"242":{"start":{"line":243,"column":0},"end":{"line":243,"column":77}},"243":{"start":{"line":244,"column":0},"end":{"line":244,"column":29}},"244":{"start":{"line":245,"column":0},"end":{"line":245,"column":11}},"245":{"start":{"line":246,"column":0},"end":{"line":246,"column":7}},"247":{"start":{"line":248,"column":0},"end":{"line":248,"column":28}},"248":{"start":{"line":249,"column":0},"end":{"line":249,"column":38}},"249":{"start":{"line":250,"column":0},"end":{"line":250,"column":33}},"250":{"start":{"line":251,"column":0},"end":{"line":251,"column":84}},"251":{"start":{"line":252,"column":0},"end":{"line":252,"column":51}},"252":{"start":{"line":253,"column":0},"end":{"line":253,"column":11}},"253":{"start":{"line":254,"column":0},"end":{"line":254,"column":7}},"255":{"start":{"line":256,"column":0},"end":{"line":256,"column":34}},"256":{"start":{"line":257,"column":0},"end":{"line":257,"column":34}},"257":{"start":{"line":258,"column":0},"end":{"line":258,"column":85}},"258":{"start":{"line":259,"column":0},"end":{"line":259,"column":38}},"259":{"start":{"line":260,"column":0},"end":{"line":260,"column":40}},"260":{"start":{"line":261,"column":0},"end":{"line":261,"column":77}},"261":{"start":{"line":262,"column":0},"end":{"line":262,"column":29}},"262":{"start":{"line":263,"column":0},"end":{"line":263,"column":11}},"263":{"start":{"line":264,"column":0},"end":{"line":264,"column":7}},"267":{"start":{"line":268,"column":0},"end":{"line":268,"column":31}},"268":{"start":{"line":269,"column":0},"end":{"line":269,"column":83}},"269":{"start":{"line":270,"column":0},"end":{"line":270,"column":38}},"271":{"start":{"line":272,"column":0},"end":{"line":272,"column":34}},"272":{"start":{"line":273,"column":0},"end":{"line":273,"column":89}},"273":{"start":{"line":274,"column":0},"end":{"line":274,"column":38}},"274":{"start":{"line":275,"column":0},"end":{"line":275,"column":42}},"275":{"start":{"line":276,"column":0},"end":{"line":276,"column":111}},"276":{"start":{"line":277,"column":0},"end":{"line":277,"column":29}},"277":{"start":{"line":278,"column":0},"end":{"line":278,"column":11}},"278":{"start":{"line":279,"column":0},"end":{"line":279,"column":7}},"279":{"start":{"line":280,"column":0},"end":{"line":280,"column":12}},"281":{"start":{"line":282,"column":0},"end":{"line":282,"column":20}},"282":{"start":{"line":283,"column":0},"end":{"line":283,"column":16}},"283":{"start":{"line":284,"column":0},"end":{"line":284,"column":25}},"284":{"start":{"line":285,"column":0},"end":{"line":285,"column":24}},"285":{"start":{"line":286,"column":0},"end":{"line":286,"column":28}},"286":{"start":{"line":287,"column":0},"end":{"line":287,"column":10}},"287":{"start":{"line":288,"column":0},"end":{"line":288,"column":24}},"288":{"start":{"line":289,"column":0},"end":{"line":289,"column":25}},"289":{"start":{"line":290,"column":0},"end":{"line":290,"column":8}},"290":{"start":{"line":291,"column":0},"end":{"line":291,"column":5}},"293":{"start":{"line":294,"column":0},"end":{"line":294,"column":61}},"294":{"start":{"line":295,"column":0},"end":{"line":295,"column":95}},"297":{"start":{"line":298,"column":0},"end":{"line":298,"column":24}},"298":{"start":{"line":299,"column":0},"end":{"line":299,"column":25}},"299":{"start":{"line":300,"column":0},"end":{"line":300,"column":105}},"300":{"start":{"line":301,"column":0},"end":{"line":301,"column":40}},"301":{"start":{"line":302,"column":0},"end":{"line":302,"column":62}},"302":{"start":{"line":303,"column":0},"end":{"line":303,"column":121}},"303":{"start":{"line":304,"column":0},"end":{"line":304,"column":40}},"304":{"start":{"line":305,"column":0},"end":{"line":305,"column":106}},"305":{"start":{"line":306,"column":0},"end":{"line":306,"column":32}},"307":{"start":{"line":308,"column":0},"end":{"line":308,"column":92}},"308":{"start":{"line":309,"column":0},"end":{"line":309,"column":27}},"309":{"start":{"line":310,"column":0},"end":{"line":310,"column":117}},"310":{"start":{"line":311,"column":0},"end":{"line":311,"column":14}},"311":{"start":{"line":312,"column":0},"end":{"line":312,"column":130}},"312":{"start":{"line":313,"column":0},"end":{"line":313,"column":7}},"313":{"start":{"line":314,"column":0},"end":{"line":314,"column":12}},"314":{"start":{"line":315,"column":0},"end":{"line":315,"column":127}},"315":{"start":{"line":316,"column":0},"end":{"line":316,"column":5}},"318":{"start":{"line":319,"column":0},"end":{"line":319,"column":37}},"319":{"start":{"line":320,"column":0},"end":{"line":320,"column":30}},"320":{"start":{"line":321,"column":0},"end":{"line":321,"column":39}},"321":{"start":{"line":322,"column":0},"end":{"line":322,"column":14}},"322":{"start":{"line":323,"column":0},"end":{"line":323,"column":17}},"323":{"start":{"line":324,"column":0},"end":{"line":324,"column":6}},"326":{"start":{"line":327,"column":0},"end":{"line":327,"column":33}},"327":{"start":{"line":328,"column":0},"end":{"line":328,"column":63}},"328":{"start":{"line":329,"column":0},"end":{"line":329,"column":56}},"329":{"start":{"line":330,"column":0},"end":{"line":330,"column":40}},"330":{"start":{"line":331,"column":0},"end":{"line":331,"column":9}},"333":{"start":{"line":334,"column":0},"end":{"line":334,"column":56}},"334":{"start":{"line":335,"column":0},"end":{"line":335,"column":45}},"335":{"start":{"line":336,"column":0},"end":{"line":336,"column":35}},"336":{"start":{"line":337,"column":0},"end":{"line":337,"column":27}},"337":{"start":{"line":338,"column":0},"end":{"line":338,"column":44}},"338":{"start":{"line":339,"column":0},"end":{"line":339,"column":11}},"339":{"start":{"line":340,"column":0},"end":{"line":340,"column":9}},"340":{"start":{"line":341,"column":0},"end":{"line":341,"column":5}},"343":{"start":{"line":344,"column":0},"end":{"line":344,"column":34}},"344":{"start":{"line":345,"column":0},"end":{"line":345,"column":57}},"345":{"start":{"line":346,"column":0},"end":{"line":346,"column":5}},"347":{"start":{"line":348,"column":0},"end":{"line":348,"column":18}},"348":{"start":{"line":349,"column":0},"end":{"line":349,"column":3}},"350":{"start":{"line":351,"column":0},"end":{"line":351,"column":40}},"351":{"start":{"line":352,"column":0},"end":{"line":352,"column":28}},"352":{"start":{"line":353,"column":0},"end":{"line":353,"column":32}},"353":{"start":{"line":354,"column":0},"end":{"line":354,"column":20}},"354":{"start":{"line":355,"column":0},"end":{"line":355,"column":41}},"356":{"start":{"line":357,"column":0},"end":{"line":357,"column":21}},"357":{"start":{"line":358,"column":0},"end":{"line":358,"column":30}},"358":{"start":{"line":359,"column":0},"end":{"line":359,"column":30}},"359":{"start":{"line":360,"column":0},"end":{"line":360,"column":30}},"360":{"start":{"line":361,"column":0},"end":{"line":361,"column":36}},"361":{"start":{"line":362,"column":0},"end":{"line":362,"column":42}},"362":{"start":{"line":363,"column":0},"end":{"line":363,"column":6}},"364":{"start":{"line":365,"column":0},"end":{"line":365,"column":9}},"365":{"start":{"line":366,"column":0},"end":{"line":366,"column":61}},"366":{"start":{"line":367,"column":0},"end":{"line":367,"column":23}},"367":{"start":{"line":368,"column":0},"end":{"line":368,"column":18}},"368":{"start":{"line":369,"column":0},"end":{"line":369,"column":45}},"369":{"start":{"line":370,"column":0},"end":{"line":370,"column":10}},"370":{"start":{"line":371,"column":0},"end":{"line":371,"column":38}},"371":{"start":{"line":372,"column":0},"end":{"line":372,"column":9}},"373":{"start":{"line":374,"column":0},"end":{"line":374,"column":25}},"374":{"start":{"line":375,"column":0},"end":{"line":375,"column":96}},"375":{"start":{"line":376,"column":0},"end":{"line":376,"column":7}},"376":{"start":{"line":377,"column":0},"end":{"line":377,"column":21}},"377":{"start":{"line":378,"column":0},"end":{"line":378,"column":67}},"378":{"start":{"line":379,"column":0},"end":{"line":379,"column":5}},"379":{"start":{"line":380,"column":0},"end":{"line":380,"column":3}},"381":{"start":{"line":382,"column":0},"end":{"line":382,"column":57}},"382":{"start":{"line":383,"column":0},"end":{"line":383,"column":47}},"384":{"start":{"line":385,"column":0},"end":{"line":385,"column":50}},"385":{"start":{"line":386,"column":0},"end":{"line":386,"column":74}},"386":{"start":{"line":387,"column":0},"end":{"line":387,"column":97}},"387":{"start":{"line":388,"column":0},"end":{"line":388,"column":60}},"388":{"start":{"line":389,"column":0},"end":{"line":389,"column":144}},"390":{"start":{"line":391,"column":0},"end":{"line":391,"column":32}},"391":{"start":{"line":392,"column":0},"end":{"line":392,"column":54}},"392":{"start":{"line":393,"column":0},"end":{"line":393,"column":12}},"393":{"start":{"line":394,"column":0},"end":{"line":394,"column":56}},"394":{"start":{"line":395,"column":0},"end":{"line":395,"column":37}},"395":{"start":{"line":396,"column":0},"end":{"line":396,"column":56}},"396":{"start":{"line":397,"column":0},"end":{"line":397,"column":38}},"397":{"start":{"line":398,"column":0},"end":{"line":398,"column":9}},"398":{"start":{"line":399,"column":0},"end":{"line":399,"column":5}},"400":{"start":{"line":401,"column":0},"end":{"line":401,"column":19}},"401":{"start":{"line":402,"column":0},"end":{"line":402,"column":3}},"403":{"start":{"line":404,"column":0},"end":{"line":404,"column":50}},"404":{"start":{"line":405,"column":0},"end":{"line":405,"column":42}},"406":{"start":{"line":407,"column":0},"end":{"line":407,"column":85}},"409":{"start":{"line":410,"column":0},"end":{"line":410,"column":37}},"410":{"start":{"line":411,"column":0},"end":{"line":411,"column":39}},"411":{"start":{"line":412,"column":0},"end":{"line":412,"column":7}},"412":{"start":{"line":413,"column":0},"end":{"line":413,"column":3}},"413":{"start":{"line":414,"column":0},"end":{"line":414,"column":1}},"415":{"start":{"line":416,"column":0},"end":{"line":416,"column":98}},"416":{"start":{"line":417,"column":0},"end":{"line":417,"column":44}},"417":{"start":{"line":418,"column":0},"end":{"line":418,"column":1}}},"s":{"54":1,"55":1,"56":0,"57":0,"58":0,"60":1,"61":0,"64":0,"65":0,"66":0,"67":0,"68":0,"69":0,"70":0,"71":0,"72":0,"73":0,"74":0,"77":0,"78":0,"79":0,"80":0,"81":0,"82":0,"83":0,"84":0,"85":0,"86":0,"87":0,"90":0,"91":0,"92":0,"93":0,"94":0,"95":0,"96":0,"97":0,"98":0,"99":0,"102":0,"103":0,"104":0,"105":0,"106":0,"107":0,"109":0,"110":0,"111":0,"112":0,"113":0,"114":0,"115":0,"116":0,"117":0,"118":0,"121":0,"122":0,"123":0,"124":0,"125":0,"126":0,"127":0,"128":0,"131":0,"132":0,"133":0,"134":0,"135":0,"136":0,"138":1,"139":0,"140":0,"141":0,"142":0,"144":0,"145":0,"146":0,"147":0,"148":0,"151":0,"153":0,"154":0,"155":0,"158":0,"159":0,"160":0,"161":0,"162":0,"163":0,"164":0,"165":0,"166":0,"169":0,"170":0,"171":0,"174":0,"175":0,"176":0,"177":0,"178":0,"179":0,"180":0,"181":0,"182":0,"184":0,"185":0,"186":0,"187":0,"188":0,"189":0,"190":0,"191":0,"192":0,"195":0,"197":0,"198":0,"199":0,"200":0,"201":0,"202":0,"203":0,"204":0,"205":0,"206":0,"207":0,"208":0,"210":0,"211":0,"212":0,"213":0,"214":0,"215":0,"216":0,"217":0,"218":0,"219":0,"220":0,"222":0,"223":0,"224":0,"225":0,"226":0,"227":0,"228":0,"229":0,"230":0,"231":0,"232":0,"233":0,"234":0,"237":0,"239":0,"240":0,"241":0,"242":0,"243":0,"244":0,"245":0,"247":0,"248":0,"249":0,"250":0,"251":0,"252":0,"253":0,"255":0,"256":0,"257":0,"258":0,"259":0,"260":0,"261":0,"262":0,"263":0,"267":0,"268":0,"269":0,"271":0,"272":0,"273":0,"274":0,"275":0,"276":0,"277":0,"278":0,"279":0,"281":0,"282":0,"283":0,"284":0,"285":0,"286":0,"287":0,"288":0,"289":0,"290":0,"293":0,"294":0,"297":0,"298":0,"299":0,"300":0,"301":0,"302":0,"303":0,"304":0,"305":0,"307":0,"308":0,"309":0,"310":0,"311":0,"312":0,"313":0,"314":0,"315":0,"318":0,"319":0,"320":0,"321":0,"322":0,"323":0,"326":0,"327":0,"328":0,"329":0,"330":0,"333":0,"334":0,"335":0,"336":0,"337":0,"338":0,"339":0,"340":0,"343":0,"344":0,"345":0,"347":0,"348":0,"350":1,"351":0,"352":0,"353":0,"354":0,"356":0,"357":0,"358":0,"359":0,"360":0,"361":0,"362":0,"364":0,"365":0,"366":0,"367":0,"368":0,"369":0,"370":0,"371":0,"373":0,"374":0,"375":0,"376":0,"377":0,"378":0,"379":0,"381":1,"382":0,"384":0,"385":0,"386":0,"387":0,"388":0,"390":0,"391":0,"392":0,"393":0,"394":0,"395":0,"396":0,"397":0,"398":0,"400":0,"401":0,"403":1,"404":0,"406":0,"409":0,"410":0,"411":0,"412":0,"413":1,"415":1,"416":0,"417":0},"branchMap":{},"b":{},"fnMap":{"0":{"name":"CiIntegration","decl":{"start":{"line":56,"column":2},"end":{"line":59,"column":6}},"loc":{"start":{"line":56,"column":2},"end":{"line":59,"column":6}},"line":56},"1":{"name":"getCiEnvironment","decl":{"start":{"line":61,"column":2},"end":{"line":137,"column":3}},"loc":{"start":{"line":61,"column":2},"end":{"line":137,"column":3}},"line":61},"2":{"name":"processReport","decl":{"start":{"line":139,"column":2},"end":{"line":349,"column":3}},"loc":{"start":{"line":139,"column":2},"end":{"line":349,"column":3}},"line":139},"3":{"name":"sendWebhookNotification","decl":{"start":{"line":351,"column":2},"end":{"line":380,"column":3}},"loc":{"start":{"line":351,"column":2},"end":{"line":380,"column":3}},"line":351},"4":{"name":"generateComment","decl":{"start":{"line":382,"column":2},"end":{"line":402,"column":3}},"loc":{"start":{"line":382,"column":2},"end":{"line":402,"column":3}},"line":382},"5":{"name":"uploadArtifacts","decl":{"start":{"line":404,"column":2},"end":{"line":413,"column":3}},"loc":{"start":{"line":404,"column":2},"end":{"line":413,"column":3}},"line":404},"6":{"name":"createCiIntegration","decl":{"start":{"line":416,"column":7},"end":{"line":418,"column":1}},"loc":{"start":{"line":416,"column":7},"end":{"line":418,"column":1}},"line":416}},"f":{"0":0,"1":0,"2":0,"3":0,"4":0,"5":0,"6":0}},"/Users/rowan/github/tw-enigma/tw-enigma/packages/cli/src/commands/css-config.ts":{"path":"/Users/rowan/github/tw-enigma/tw-enigma/packages/cli/src/commands/css-config.ts","all":false,"statementMap":{"7":{"start":{"line":8,"column":0},"end":{"line":8,"column":8}},"13":{"start":{"line":14,"column":0},"end":{"line":14,"column":36}},"14":{"start":{"line":15,"column":0},"end":{"line":15,"column":49}},"15":{"start":{"line":16,"column":0},"end":{"line":16,"column":31}},"16":{"start":{"line":17,"column":0},"end":{"line":17,"column":8}},"27":{"start":{"line":28,"column":0},"end":{"line":28,"column":51}},"28":{"start":{"line":29,"column":0},"end":{"line":29,"column":43}},"29":{"start":{"line":30,"column":0},"end":{"line":30,"column":66}},"30":{"start":{"line":31,"column":0},"end":{"line":31,"column":12}},"31":{"start":{"line":32,"column":0},"end":{"line":32,"column":26}},"32":{"start":{"line":33,"column":0},"end":{"line":33,"column":102}},"33":{"start":{"line":34,"column":0},"end":{"line":34,"column":5}},"34":{"start":{"line":35,"column":0},"end":{"line":35,"column":74}},"35":{"start":{"line":36,"column":0},"end":{"line":36,"column":61}},"36":{"start":{"line":37,"column":0},"end":{"line":37,"column":67}},"37":{"start":{"line":38,"column":0},"end":{"line":38,"column":63}},"38":{"start":{"line":39,"column":0},"end":{"line":39,"column":37}},"39":{"start":{"line":40,"column":0},"end":{"line":40,"column":65}},"41":{"start":{"line":42,"column":0},"end":{"line":42,"column":11}},"42":{"start":{"line":43,"column":0},"end":{"line":43,"column":31}},"44":{"start":{"line":45,"column":0},"end":{"line":45,"column":55}},"45":{"start":{"line":46,"column":0},"end":{"line":46,"column":25}},"47":{"start":{"line":48,"column":0},"end":{"line":48,"column":15}},"48":{"start":{"line":49,"column":0},"end":{"line":49,"column":70}},"49":{"start":{"line":50,"column":0},"end":{"line":50,"column":19}},"50":{"start":{"line":51,"column":0},"end":{"line":51,"column":46}},"51":{"start":{"line":52,"column":0},"end":{"line":52,"column":25}},"52":{"start":{"line":53,"column":0},"end":{"line":53,"column":55}},"53":{"start":{"line":54,"column":0},"end":{"line":54,"column":14}},"54":{"start":{"line":55,"column":0},"end":{"line":55,"column":11}},"56":{"start":{"line":57,"column":0},"end":{"line":57,"column":66}},"58":{"start":{"line":59,"column":0},"end":{"line":59,"column":35}},"59":{"start":{"line":60,"column":0},"end":{"line":60,"column":52}},"60":{"start":{"line":61,"column":0},"end":{"line":61,"column":18}},"61":{"start":{"line":62,"column":0},"end":{"line":62,"column":62}},"62":{"start":{"line":63,"column":0},"end":{"line":63,"column":87}},"63":{"start":{"line":64,"column":0},"end":{"line":64,"column":11}},"65":{"start":{"line":66,"column":0},"end":{"line":66,"column":90}},"66":{"start":{"line":67,"column":0},"end":{"line":67,"column":84}},"68":{"start":{"line":69,"column":0},"end":{"line":69,"column":17}},"69":{"start":{"line":70,"column":0},"end":{"line":70,"column":9}},"72":{"start":{"line":73,"column":0},"end":{"line":73,"column":56}},"73":{"start":{"line":74,"column":0},"end":{"line":74,"column":19}},"75":{"start":{"line":76,"column":0},"end":{"line":76,"column":29}},"76":{"start":{"line":77,"column":0},"end":{"line":77,"column":84}},"77":{"start":{"line":78,"column":0},"end":{"line":78,"column":57}},"78":{"start":{"line":79,"column":0},"end":{"line":79,"column":18}},"79":{"start":{"line":80,"column":0},"end":{"line":80,"column":51}},"80":{"start":{"line":81,"column":0},"end":{"line":81,"column":68}},"81":{"start":{"line":82,"column":0},"end":{"line":82,"column":14}},"82":{"start":{"line":83,"column":0},"end":{"line":83,"column":11}},"83":{"start":{"line":84,"column":0},"end":{"line":84,"column":77}},"84":{"start":{"line":85,"column":0},"end":{"line":85,"column":16}},"85":{"start":{"line":86,"column":0},"end":{"line":86,"column":39}},"86":{"start":{"line":87,"column":0},"end":{"line":87,"column":9}},"89":{"start":{"line":90,"column":0},"end":{"line":90,"column":29}},"90":{"start":{"line":91,"column":0},"end":{"line":91,"column":53}},"91":{"start":{"line":92,"column":0},"end":{"line":92,"column":47}},"92":{"start":{"line":93,"column":0},"end":{"line":93,"column":67}},"93":{"start":{"line":94,"column":0},"end":{"line":94,"column":9}},"96":{"start":{"line":97,"column":0},"end":{"line":97,"column":27}},"97":{"start":{"line":98,"column":0},"end":{"line":98,"column":44}},"98":{"start":{"line":99,"column":0},"end":{"line":99,"column":28}},"99":{"start":{"line":100,"column":0},"end":{"line":100,"column":9}},"102":{"start":{"line":103,"column":0},"end":{"line":103,"column":27}},"103":{"start":{"line":104,"column":0},"end":{"line":104,"column":49}},"104":{"start":{"line":105,"column":0},"end":{"line":105,"column":47}},"105":{"start":{"line":106,"column":0},"end":{"line":106,"column":26}},"106":{"start":{"line":107,"column":0},"end":{"line":107,"column":30}},"107":{"start":{"line":108,"column":0},"end":{"line":108,"column":93}},"108":{"start":{"line":109,"column":0},"end":{"line":109,"column":24}},"109":{"start":{"line":110,"column":0},"end":{"line":110,"column":50}},"110":{"start":{"line":111,"column":0},"end":{"line":111,"column":37}},"111":{"start":{"line":112,"column":0},"end":{"line":112,"column":43}},"112":{"start":{"line":113,"column":0},"end":{"line":113,"column":14}},"113":{"start":{"line":114,"column":0},"end":{"line":114,"column":12}},"115":{"start":{"line":116,"column":0},"end":{"line":116,"column":67}},"116":{"start":{"line":117,"column":0},"end":{"line":117,"column":68}},"117":{"start":{"line":118,"column":0},"end":{"line":118,"column":16}},"119":{"start":{"line":120,"column":0},"end":{"line":120,"column":55}},"120":{"start":{"line":121,"column":0},"end":{"line":121,"column":9}},"121":{"start":{"line":122,"column":0},"end":{"line":122,"column":23}},"122":{"start":{"line":123,"column":0},"end":{"line":123,"column":38}},"123":{"start":{"line":124,"column":0},"end":{"line":124,"column":7}},"124":{"start":{"line":125,"column":0},"end":{"line":125,"column":7}},"127":{"start":{"line":128,"column":0},"end":{"line":128,"column":35}},"128":{"start":{"line":129,"column":0},"end":{"line":129,"column":1}}},"s":{"7":1,"13":1,"14":1,"15":1,"16":1,"27":1,"28":0,"29":0,"30":0,"31":0,"32":0,"33":0,"34":0,"35":0,"36":0,"37":0,"38":0,"39":0,"41":0,"42":0,"44":0,"45":0,"47":0,"48":0,"49":0,"50":0,"51":0,"52":0,"53":0,"54":0,"56":0,"58":0,"59":0,"60":0,"61":0,"62":0,"63":0,"65":0,"66":0,"68":0,"69":0,"72":0,"73":0,"75":0,"76":0,"77":0,"78":0,"79":0,"80":0,"81":0,"82":0,"83":0,"84":0,"85":0,"86":0,"89":0,"90":0,"91":0,"92":0,"93":0,"96":0,"97":0,"98":0,"99":0,"102":0,"103":0,"104":0,"105":0,"106":0,"107":0,"108":0,"109":0,"110":0,"111":0,"112":0,"113":0,"115":0,"116":0,"117":0,"119":0,"120":0,"121":0,"122":0,"123":0,"124":0,"127":0,"128":0},"branchMap":{},"b":{},"fnMap":{"0":{"name":"createCssConfigCommand","decl":{"start":{"line":28,"column":7},"end":{"line":129,"column":1}},"loc":{"start":{"line":28,"column":7},"end":{"line":129,"column":1}},"line":28}},"f":{"0":0}},"/Users/rowan/github/tw-enigma/tw-enigma/packages/cli/src/commands/index.ts":{"path":"/Users/rowan/github/tw-enigma/tw-enigma/packages/cli/src/commands/index.ts","all":false,"statementMap":{"7":{"start":{"line":8,"column":0},"end":{"line":8,"column":54}},"8":{"start":{"line":9,"column":0},"end":{"line":9,"column":56}},"13":{"start":{"line":14,"column":0},"end":{"line":14,"column":58}},"15":{"start":{"line":16,"column":0},"end":{"line":16,"column":48}},"16":{"start":{"line":17,"column":0},"end":{"line":17,"column":47}},"22":{"start":{"line":23,"column":0},"end":{"line":23,"column":1}}},"s":{"7":1,"8":1,"13":1,"15":0,"16":0,"22":0},"branchMap":{},"b":{},"fnMap":{"0":{"name":"registerCommands","decl":{"start":{"line":14,"column":7},"end":{"line":23,"column":1}},"loc":{"start":{"line":14,"column":7},"end":{"line":23,"column":1}},"line":14}},"f":{"0":0}},"/Users/rowan/github/tw-enigma/tw-enigma/packages/cli/src/commands/init-config.ts":{"path":"/Users/rowan/github/tw-enigma/tw-enigma/packages/cli/src/commands/init-config.ts","all":false,"statementMap":{"7":{"start":{"line":8,"column":0},"end":{"line":8,"column":53}},"8":{"start":{"line":9,"column":0},"end":{"line":9,"column":36}},"9":{"start":{"line":10,"column":0},"end":{"line":10,"column":82}},"14":{"start":{"line":15,"column":0},"end":{"line":15,"column":52}},"16":{"start":{"line":17,"column":0},"end":{"line":17,"column":23}},"17":{"start":{"line":18,"column":0},"end":{"line":18,"column":9}},"18":{"start":{"line":19,"column":0},"end":{"line":19,"column":46}},"19":{"start":{"line":20,"column":0},"end":{"line":20,"column":58}},"20":{"start":{"line":21,"column":0},"end":{"line":21,"column":90}},"21":{"start":{"line":22,"column":0},"end":{"line":22,"column":7}},"22":{"start":{"line":23,"column":0},"end":{"line":23,"column":27}},"23":{"start":{"line":24,"column":0},"end":{"line":24,"column":92}},"24":{"start":{"line":25,"column":0},"end":{"line":25,"column":5}},"25":{"start":{"line":26,"column":0},"end":{"line":26,"column":3}},"27":{"start":{"line":28,"column":0},"end":{"line":28,"column":44}},"28":{"start":{"line":29,"column":0},"end":{"line":29,"column":54}},"29":{"start":{"line":30,"column":0},"end":{"line":30,"column":37}},"30":{"start":{"line":31,"column":0},"end":{"line":31,"column":65}},"32":{"start":{"line":33,"column":0},"end":{"line":33,"column":11}},"33":{"start":{"line":34,"column":0},"end":{"line":34,"column":50}},"34":{"start":{"line":35,"column":0},"end":{"line":35,"column":58}},"35":{"start":{"line":36,"column":0},"end":{"line":36,"column":72}},"36":{"start":{"line":37,"column":0},"end":{"line":37,"column":75}},"37":{"start":{"line":38,"column":0},"end":{"line":38,"column":24}},"38":{"start":{"line":39,"column":0},"end":{"line":39,"column":23}},"39":{"start":{"line":40,"column":0},"end":{"line":40,"column":38}},"40":{"start":{"line":41,"column":0},"end":{"line":41,"column":24}},"41":{"start":{"line":42,"column":0},"end":{"line":42,"column":7}},"42":{"start":{"line":43,"column":0},"end":{"line":43,"column":7}},"45":{"start":{"line":46,"column":0},"end":{"line":46,"column":35}},"46":{"start":{"line":47,"column":0},"end":{"line":47,"column":1}}},"s":{"7":1,"8":1,"9":1,"14":1,"16":0,"17":0,"18":0,"19":0,"20":0,"21":0,"22":0,"23":0,"24":0,"25":0,"27":0,"28":0,"29":0,"30":0,"32":0,"33":0,"34":0,"35":0,"36":0,"37":0,"38":0,"39":0,"40":0,"41":0,"42":0,"45":0,"46":0},"branchMap":{},"b":{},"fnMap":{"0":{"name":"createInitConfigCommand","decl":{"start":{"line":15,"column":7},"end":{"line":47,"column":1}},"loc":{"start":{"line":15,"column":7},"end":{"line":47,"column":1}},"line":15}},"f":{"0":0}},"/Users/rowan/github/tw-enigma/tw-enigma/packages/cli/src/index.ts":{"path":"/Users/rowan/github/tw-enigma/tw-enigma/packages/cli/src/index.ts","all":false,"statementMap":{"8":{"start":{"line":9,"column":0},"end":{"line":9,"column":34}},"9":{"start":{"line":10,"column":0},"end":{"line":10,"column":37}},"10":{"start":{"line":11,"column":0},"end":{"line":11,"column":36}},"11":{"start":{"line":12,"column":0},"end":{"line":12,"column":52}},"14":{"start":{"line":15,"column":0},"end":{"line":15,"column":28}},"15":{"start":{"line":16,"column":0},"end":{"line":16,"column":38}},"17":{"start":{"line":18,"column":0},"end":{"line":18,"column":5}},"18":{"start":{"line":19,"column":0},"end":{"line":19,"column":62}},"19":{"start":{"line":20,"column":0},"end":{"line":20,"column":48}},"20":{"start":{"line":21,"column":0},"end":{"line":21,"column":36}},"21":{"start":{"line":22,"column":0},"end":{"line":22,"column":3}},"22":{"start":{"line":23,"column":0},"end":{"line":23,"column":17}},"24":{"start":{"line":25,"column":0},"end":{"line":25,"column":1}},"32":{"start":{"line":33,"column":0},"end":{"line":33,"column":29}},"33":{"start":{"line":34,"column":0},"end":{"line":34,"column":5}},"35":{"start":{"line":36,"column":0},"end":{"line":36,"column":27}},"36":{"start":{"line":37,"column":0},"end":{"line":37,"column":63}},"37":{"start":{"line":38,"column":0},"end":{"line":38,"column":19}},"38":{"start":{"line":39,"column":0},"end":{"line":39,"column":9}},"40":{"start":{"line":41,"column":0},"end":{"line":41,"column":61}},"41":{"start":{"line":42,"column":0},"end":{"line":42,"column":1}},"46":{"start":{"line":47,"column":0},"end":{"line":47,"column":43}},"51":{"start":{"line":52,"column":0},"end":{"line":52,"column":46}},"56":{"start":{"line":57,"column":0},"end":{"line":57,"column":37}},"59":{"start":{"line":60,"column":0},"end":{"line":60,"column":33}},"62":{"start":{"line":63,"column":0},"end":{"line":63,"column":36}},"65":{"start":{"line":66,"column":0},"end":{"line":66,"column":50}},"68":{"start":{"line":69,"column":0},"end":{"line":69,"column":73}},"80":{"start":{"line":81,"column":0},"end":{"line":81,"column":52}},"85":{"start":{"line":86,"column":0},"end":{"line":86,"column":61}},"87":{"start":{"line":88,"column":0},"end":{"line":88,"column":28}},"88":{"start":{"line":89,"column":0},"end":{"line":89,"column":1}},"90":{"start":{"line":91,"column":0},"end":{"line":91,"column":39}},"91":{"start":{"line":92,"column":0},"end":{"line":92,"column":66}},"92":{"start":{"line":93,"column":0},"end":{"line":93,"column":55}},"93":{"start":{"line":94,"column":0},"end":{"line":94,"column":1}},"95":{"start":{"line":96,"column":0},"end":{"line":96,"column":47}},"96":{"start":{"line":97,"column":0},"end":{"line":97,"column":21}},"97":{"start":{"line":98,"column":0},"end":{"line":98,"column":1}},"102":{"start":{"line":103,"column":0},"end":{"line":103,"column":16}},"103":{"start":{"line":104,"column":0},"end":{"line":104,"column":10}},"104":{"start":{"line":105,"column":0},"end":{"line":105,"column":13}},"105":{"start":{"line":106,"column":0},"end":{"line":106,"column":7}},"106":{"start":{"line":107,"column":0},"end":{"line":107,"column":2}}},"s":{"8":1,"9":1,"10":1,"11":1,"14":1,"15":1,"17":1,"18":1,"19":1,"20":1,"21":1,"22":0,"24":0,"32":1,"33":1,"35":1,"36":1,"37":1,"38":0,"40":0,"41":0,"46":1,"51":1,"56":1,"59":1,"62":1,"65":1,"68":1,"80":1,"85":1,"87":0,"88":0,"90":1,"91":0,"92":0,"93":0,"95":1,"96":0,"97":0,"102":1,"103":1,"104":1,"105":1,"106":1},"branchMap":{"0":{"type":"branch","line":23,"loc":{"start":{"line":23,"column":0},"end":{"line":25,"column":1}},"locations":[{"start":{"line":23,"column":0},"end":{"line":25,"column":1}}]},"1":{"type":"branch","line":39,"loc":{"start":{"line":39,"column":0},"end":{"line":42,"column":1}},"locations":[{"start":{"line":39,"column":0},"end":{"line":42,"column":1}}]}},"b":{"0":[0],"1":[0]},"fnMap":{"0":{"name":"registerAllCommands","decl":{"start":{"line":86,"column":7},"end":{"line":89,"column":1}},"loc":{"start":{"line":86,"column":7},"end":{"line":89,"column":1}},"line":86},"1":{"name":"displayBanner","decl":{"start":{"line":91,"column":7},"end":{"line":94,"column":1}},"loc":{"start":{"line":91,"column":7},"end":{"line":94,"column":1}},"line":91},"2":{"name":"getPackageInfo","decl":{"start":{"line":96,"column":7},"end":{"line":98,"column":1}},"loc":{"start":{"line":96,"column":7},"end":{"line":98,"column":1}},"line":96}},"f":{"0":0,"1":0,"2":0}},"/Users/rowan/github/tw-enigma/tw-enigma/packages/cli/src/reporter.ts":{"path":"/Users/rowan/github/tw-enigma/tw-enigma/packages/cli/src/reporter.ts","all":false,"statementMap":{"116":{"start":{"line":117,"column":0},"end":{"line":117,"column":31}},"118":{"start":{"line":119,"column":0},"end":{"line":119,"column":37}},"121":{"start":{"line":122,"column":0},"end":{"line":122,"column":44}},"122":{"start":{"line":123,"column":0},"end":{"line":123,"column":19}},"123":{"start":{"line":124,"column":0},"end":{"line":124,"column":24}},"124":{"start":{"line":125,"column":0},"end":{"line":125,"column":27}},"125":{"start":{"line":126,"column":0},"end":{"line":126,"column":19}},"126":{"start":{"line":127,"column":0},"end":{"line":127,"column":28}},"127":{"start":{"line":128,"column":0},"end":{"line":128,"column":25}},"128":{"start":{"line":129,"column":0},"end":{"line":129,"column":29}},"129":{"start":{"line":130,"column":0},"end":{"line":130,"column":24}},"130":{"start":{"line":131,"column":0},"end":{"line":131,"column":35}},"131":{"start":{"line":132,"column":0},"end":{"line":132,"column":16}},"132":{"start":{"line":133,"column":0},"end":{"line":133,"column":6}},"133":{"start":{"line":134,"column":0},"end":{"line":134,"column":32}},"134":{"start":{"line":135,"column":0},"end":{"line":135,"column":3}},"136":{"start":{"line":137,"column":0},"end":{"line":137,"column":30}},"137":{"start":{"line":138,"column":0},"end":{"line":138,"column":66}},"138":{"start":{"line":139,"column":0},"end":{"line":139,"column":3}},"140":{"start":{"line":141,"column":0},"end":{"line":141,"column":68}},"141":{"start":{"line":142,"column":0},"end":{"line":142,"column":12}},"142":{"start":{"line":143,"column":0},"end":{"line":143,"column":42}},"143":{"start":{"line":144,"column":0},"end":{"line":144,"column":44}},"144":{"start":{"line":145,"column":0},"end":{"line":145,"column":21}},"145":{"start":{"line":146,"column":0},"end":{"line":146,"column":95}},"146":{"start":{"line":147,"column":0},"end":{"line":147,"column":26}},"147":{"start":{"line":148,"column":0},"end":{"line":148,"column":6}},"148":{"start":{"line":149,"column":0},"end":{"line":149,"column":3}},"150":{"start":{"line":151,"column":0},"end":{"line":151,"column":26}},"151":{"start":{"line":152,"column":0},"end":{"line":152,"column":25}},"152":{"start":{"line":153,"column":0},"end":{"line":153,"column":26}},"153":{"start":{"line":154,"column":0},"end":{"line":154,"column":27}},"154":{"start":{"line":155,"column":0},"end":{"line":155,"column":20}},"155":{"start":{"line":156,"column":0},"end":{"line":156,"column":95}},"156":{"start":{"line":157,"column":0},"end":{"line":157,"column":55}},"157":{"start":{"line":158,"column":0},"end":{"line":158,"column":92}},"158":{"start":{"line":159,"column":0},"end":{"line":159,"column":81}},"160":{"start":{"line":161,"column":0},"end":{"line":161,"column":12}},"161":{"start":{"line":162,"column":0},"end":{"line":162,"column":19}},"162":{"start":{"line":163,"column":0},"end":{"line":163,"column":20}},"163":{"start":{"line":164,"column":0},"end":{"line":164,"column":43}},"164":{"start":{"line":165,"column":0},"end":{"line":165,"column":20}},"165":{"start":{"line":166,"column":0},"end":{"line":166,"column":26}},"166":{"start":{"line":167,"column":0},"end":{"line":167,"column":23}},"167":{"start":{"line":168,"column":0},"end":{"line":168,"column":6}},"168":{"start":{"line":169,"column":0},"end":{"line":169,"column":3}},"170":{"start":{"line":171,"column":0},"end":{"line":171,"column":97}},"171":{"start":{"line":172,"column":0},"end":{"line":172,"column":82}},"172":{"start":{"line":173,"column":0},"end":{"line":173,"column":61}},"173":{"start":{"line":174,"column":0},"end":{"line":174,"column":99}},"174":{"start":{"line":175,"column":0},"end":{"line":175,"column":77}},"175":{"start":{"line":176,"column":0},"end":{"line":176,"column":82}},"177":{"start":{"line":178,"column":0},"end":{"line":178,"column":12}},"178":{"start":{"line":179,"column":0},"end":{"line":179,"column":23}},"179":{"start":{"line":180,"column":0},"end":{"line":180,"column":25}},"180":{"start":{"line":181,"column":0},"end":{"line":181,"column":28}},"181":{"start":{"line":182,"column":0},"end":{"line":182,"column":24}},"182":{"start":{"line":183,"column":0},"end":{"line":183,"column":26}},"183":{"start":{"line":184,"column":0},"end":{"line":184,"column":6}},"184":{"start":{"line":185,"column":0},"end":{"line":185,"column":3}},"186":{"start":{"line":187,"column":0},"end":{"line":187,"column":75}},"187":{"start":{"line":188,"column":0},"end":{"line":188,"column":39}},"189":{"start":{"line":190,"column":0},"end":{"line":190,"column":29}},"190":{"start":{"line":191,"column":0},"end":{"line":191,"column":14}},"191":{"start":{"line":192,"column":0},"end":{"line":192,"column":24}},"192":{"start":{"line":193,"column":0},"end":{"line":193,"column":26}},"193":{"start":{"line":194,"column":0},"end":{"line":194,"column":22}},"194":{"start":{"line":195,"column":0},"end":{"line":195,"column":22}},"195":{"start":{"line":196,"column":0},"end":{"line":196,"column":26}},"196":{"start":{"line":197,"column":0},"end":{"line":197,"column":8}},"197":{"start":{"line":198,"column":0},"end":{"line":198,"column":5}},"199":{"start":{"line":200,"column":0},"end":{"line":200,"column":80}},"200":{"start":{"line":201,"column":0},"end":{"line":201,"column":90}},"201":{"start":{"line":202,"column":0},"end":{"line":202,"column":55}},"202":{"start":{"line":203,"column":0},"end":{"line":203,"column":44}},"203":{"start":{"line":204,"column":0},"end":{"line":204,"column":44}},"205":{"start":{"line":206,"column":0},"end":{"line":206,"column":12}},"206":{"start":{"line":207,"column":0},"end":{"line":207,"column":19}},"207":{"start":{"line":208,"column":0},"end":{"line":208,"column":21}},"208":{"start":{"line":209,"column":0},"end":{"line":209,"column":17}},"209":{"start":{"line":210,"column":0},"end":{"line":210,"column":17}},"210":{"start":{"line":211,"column":0},"end":{"line":211,"column":35}},"211":{"start":{"line":212,"column":0},"end":{"line":212,"column":6}},"212":{"start":{"line":213,"column":0},"end":{"line":213,"column":3}},"214":{"start":{"line":215,"column":0},"end":{"line":215,"column":58}},"215":{"start":{"line":216,"column":0},"end":{"line":216,"column":41}},"218":{"start":{"line":219,"column":0},"end":{"line":219,"column":35}},"219":{"start":{"line":220,"column":0},"end":{"line":220,"column":16}},"220":{"start":{"line":221,"column":0},"end":{"line":221,"column":5}},"222":{"start":{"line":223,"column":0},"end":{"line":223,"column":9}},"223":{"start":{"line":224,"column":0},"end":{"line":224,"column":21}},"224":{"start":{"line":225,"column":0},"end":{"line":225,"column":108}},"225":{"start":{"line":226,"column":0},"end":{"line":226,"column":27}},"226":{"start":{"line":227,"column":0},"end":{"line":227,"column":53}},"227":{"start":{"line":228,"column":0},"end":{"line":228,"column":18}},"228":{"start":{"line":229,"column":0},"end":{"line":229,"column":63}},"229":{"start":{"line":230,"column":0},"end":{"line":230,"column":50}},"230":{"start":{"line":231,"column":0},"end":{"line":231,"column":54}},"231":{"start":{"line":232,"column":0},"end":{"line":232,"column":69}},"232":{"start":{"line":233,"column":0},"end":{"line":233,"column":48}},"233":{"start":{"line":234,"column":0},"end":{"line":234,"column":40}},"234":{"start":{"line":235,"column":0},"end":{"line":235,"column":12}},"235":{"start":{"line":236,"column":0},"end":{"line":236,"column":10}},"236":{"start":{"line":237,"column":0},"end":{"line":237,"column":113}},"237":{"start":{"line":238,"column":0},"end":{"line":238,"column":13}},"239":{"start":{"line":240,"column":0},"end":{"line":240,"column":16}},"240":{"start":{"line":241,"column":0},"end":{"line":241,"column":5}},"241":{"start":{"line":242,"column":0},"end":{"line":242,"column":3}},"243":{"start":{"line":244,"column":0},"end":{"line":244,"column":60}},"244":{"start":{"line":245,"column":0},"end":{"line":245,"column":45}},"245":{"start":{"line":246,"column":0},"end":{"line":246,"column":35}},"246":{"start":{"line":247,"column":0},"end":{"line":247,"column":49}},"248":{"start":{"line":249,"column":0},"end":{"line":249,"column":40}},"249":{"start":{"line":250,"column":0},"end":{"line":250,"column":15}},"250":{"start":{"line":251,"column":0},"end":{"line":251,"column":5}},"252":{"start":{"line":253,"column":0},"end":{"line":253,"column":54}},"253":{"start":{"line":254,"column":0},"end":{"line":254,"column":51}},"254":{"start":{"line":255,"column":0},"end":{"line":255,"column":3}},"256":{"start":{"line":257,"column":0},"end":{"line":257,"column":39}},"257":{"start":{"line":258,"column":0},"end":{"line":258,"column":33}},"258":{"start":{"line":259,"column":0},"end":{"line":259,"column":16}},"259":{"start":{"line":260,"column":0},"end":{"line":260,"column":28}},"260":{"start":{"line":261,"column":0},"end":{"line":261,"column":6}},"261":{"start":{"line":262,"column":0},"end":{"line":262,"column":43}},"262":{"start":{"line":263,"column":0},"end":{"line":263,"column":3}},"264":{"start":{"line":265,"column":0},"end":{"line":265,"column":45}},"265":{"start":{"line":266,"column":0},"end":{"line":266,"column":55}},"266":{"start":{"line":267,"column":0},"end":{"line":267,"column":29}},"267":{"start":{"line":268,"column":0},"end":{"line":268,"column":30}},"268":{"start":{"line":269,"column":0},"end":{"line":269,"column":25}},"269":{"start":{"line":270,"column":0},"end":{"line":270,"column":6}},"271":{"start":{"line":272,"column":0},"end":{"line":272,"column":47}},"272":{"start":{"line":273,"column":0},"end":{"line":273,"column":60}},"274":{"start":{"line":275,"column":0},"end":{"line":275,"column":39}},"275":{"start":{"line":276,"column":0},"end":{"line":276,"column":38}},"276":{"start":{"line":277,"column":0},"end":{"line":277,"column":86}},"277":{"start":{"line":278,"column":0},"end":{"line":278,"column":87}},"278":{"start":{"line":279,"column":0},"end":{"line":279,"column":88}},"279":{"start":{"line":280,"column":0},"end":{"line":280,"column":86}},"280":{"start":{"line":281,"column":0},"end":{"line":281,"column":5}},"282":{"start":{"line":283,"column":0},"end":{"line":283,"column":60}},"283":{"start":{"line":284,"column":0},"end":{"line":284,"column":43}},"284":{"start":{"line":285,"column":0},"end":{"line":285,"column":63}},"285":{"start":{"line":286,"column":0},"end":{"line":286,"column":29}},"286":{"start":{"line":287,"column":0},"end":{"line":287,"column":80}},"287":{"start":{"line":288,"column":0},"end":{"line":288,"column":7}},"288":{"start":{"line":289,"column":0},"end":{"line":289,"column":70}},"289":{"start":{"line":290,"column":0},"end":{"line":290,"column":5}},"291":{"start":{"line":292,"column":0},"end":{"line":292,"column":52}},"292":{"start":{"line":293,"column":0},"end":{"line":293,"column":55}},"293":{"start":{"line":294,"column":0},"end":{"line":294,"column":32}},"294":{"start":{"line":295,"column":0},"end":{"line":295,"column":46}},"295":{"start":{"line":296,"column":0},"end":{"line":296,"column":83}},"297":{"start":{"line":298,"column":0},"end":{"line":298,"column":45}},"298":{"start":{"line":299,"column":0},"end":{"line":299,"column":44}},"299":{"start":{"line":300,"column":0},"end":{"line":300,"column":83}},"300":{"start":{"line":301,"column":0},"end":{"line":301,"column":9}},"301":{"start":{"line":302,"column":0},"end":{"line":302,"column":75}},"302":{"start":{"line":303,"column":0},"end":{"line":303,"column":119}},"303":{"start":{"line":304,"column":0},"end":{"line":304,"column":11}},"304":{"start":{"line":305,"column":0},"end":{"line":305,"column":24}},"305":{"start":{"line":306,"column":0},"end":{"line":306,"column":7}},"306":{"start":{"line":307,"column":0},"end":{"line":307,"column":5}},"308":{"start":{"line":309,"column":0},"end":{"line":309,"column":19}},"309":{"start":{"line":310,"column":0},"end":{"line":310,"column":3}},"311":{"start":{"line":312,"column":0},"end":{"line":312,"column":41}},"312":{"start":{"line":313,"column":0},"end":{"line":313,"column":42}},"313":{"start":{"line":314,"column":0},"end":{"line":314,"column":21}},"314":{"start":{"line":315,"column":0},"end":{"line":315,"column":22}},"316":{"start":{"line":317,"column":0},"end":{"line":317,"column":58}},"317":{"start":{"line":318,"column":0},"end":{"line":318,"column":19}},"318":{"start":{"line":319,"column":0},"end":{"line":319,"column":18}},"319":{"start":{"line":320,"column":0},"end":{"line":320,"column":5}},"322":{"start":{"line":323,"column":0},"end":{"line":323,"column":22}},"323":{"start":{"line":324,"column":0},"end":{"line":324,"column":19}},"324":{"start":{"line":325,"column":0},"end":{"line":325,"column":5}},"326":{"start":{"line":327,"column":0},"end":{"line":327,"column":51}},"327":{"start":{"line":328,"column":0},"end":{"line":328,"column":3}},"329":{"start":{"line":330,"column":0},"end":{"line":330,"column":36}},"330":{"start":{"line":331,"column":0},"end":{"line":331,"column":25}},"332":{"start":{"line":333,"column":0},"end":{"line":333,"column":33}},"333":{"start":{"line":334,"column":0},"end":{"line":334,"column":18}},"334":{"start":{"line":335,"column":0},"end":{"line":335,"column":45}},"335":{"start":{"line":336,"column":0},"end":{"line":336,"column":17}},"336":{"start":{"line":337,"column":0},"end":{"line":337,"column":38}},"337":{"start":{"line":338,"column":0},"end":{"line":338,"column":14}},"338":{"start":{"line":339,"column":0},"end":{"line":339,"column":42}},"339":{"start":{"line":340,"column":0},"end"
[...]
packages/cli/src/utils/error-handling.ts":{"path":"/Users/rowan/github/tw-enigma/tw-enigma/packages/cli/src/utils/error-handling.ts","all":false,"statementMap":{"6":{"start":{"line":7,"column":0},"end":{"line":7,"column":51}},"7":{"start":{"line":8,"column":0},"end":{"line":8,"column":26}},"12":{"start":{"line":13,"column":0},"end":{"line":13,"column":26}},"13":{"start":{"line":14,"column":0},"end":{"line":14,"column":32}},"14":{"start":{"line":15,"column":0},"end":{"line":15,"column":28}},"15":{"start":{"line":16,"column":0},"end":{"line":16,"column":40}},"16":{"start":{"line":17,"column":0},"end":{"line":17,"column":40}},"17":{"start":{"line":18,"column":0},"end":{"line":18,"column":34}},"18":{"start":{"line":19,"column":0},"end":{"line":19,"column":34}},"24":{"start":{"line":25,"column":0},"end":{"line":25,"column":37}},"29":{"start":{"line":30,"column":0},"end":{"line":30,"column":14}},"30":{"start":{"line":31,"column":0},"end":{"line":31,"column":20}},"31":{"start":{"line":32,"column":0},"end":{"line":32,"column":52}},"32":{"start":{"line":33,"column":0},"end":{"line":33,"column":25}},"33":{"start":{"line":34,"column":0},"end":{"line":34,"column":37}},"34":{"start":{"line":35,"column":0},"end":{"line":35,"column":5}},"35":{"start":{"line":36,"column":0},"end":{"line":36,"column":19}},"36":{"start":{"line":37,"column":0},"end":{"line":37,"column":27}},"37":{"start":{"line":38,"column":0},"end":{"line":38,"column":21}},"38":{"start":{"line":39,"column":0},"end":{"line":39,"column":29}},"39":{"start":{"line":40,"column":0},"end":{"line":40,"column":27}},"40":{"start":{"line":41,"column":0},"end":{"line":41,"column":3}},"41":{"start":{"line":42,"column":0},"end":{"line":42,"column":1}},"46":{"start":{"line":47,"column":0},"end":{"line":47,"column":71}},"47":{"start":{"line":48,"column":0},"end":{"line":48,"column":34}},"48":{"start":{"line":49,"column":0},"end":{"line":49,"column":47}},"49":{"start":{"line":50,"column":0},"end":{"line":50,"column":69}},"51":{"start":{"line":52,"column":0},"end":{"line":52,"column":65}},"52":{"start":{"line":53,"column":0},"end":{"line":53,"column":5}},"53":{"start":{"line":54,"column":0},"end":{"line":54,"column":33}},"54":{"start":{"line":55,"column":0},"end":{"line":55,"column":38}},"55":{"start":{"line":56,"column":0},"end":{"line":56,"column":47}},"56":{"start":{"line":57,"column":0},"end":{"line":57,"column":27}},"57":{"start":{"line":58,"column":0},"end":{"line":58,"column":25}},"58":{"start":{"line":59,"column":0},"end":{"line":59,"column":7}},"59":{"start":{"line":60,"column":0},"end":{"line":60,"column":20}},"60":{"start":{"line":61,"column":0},"end":{"line":61,"column":10}},"61":{"start":{"line":62,"column":0},"end":{"line":62,"column":44}},"62":{"start":{"line":63,"column":0},"end":{"line":63,"column":27}},"63":{"start":{"line":64,"column":0},"end":{"line":64,"column":7}},"64":{"start":{"line":65,"column":0},"end":{"line":65,"column":20}},"65":{"start":{"line":66,"column":0},"end":{"line":66,"column":3}},"66":{"start":{"line":67,"column":0},"end":{"line":67,"column":1}},"71":{"start":{"line":72,"column":0},"end":{"line":72,"column":26}},"72":{"start":{"line":73,"column":0},"end":{"line":73,"column":35}},"73":{"start":{"line":74,"column":0},"end":{"line":74,"column":89}},"74":{"start":{"line":75,"column":0},"end":{"line":75,"column":23}},"75":{"start":{"line":76,"column":0},"end":{"line":76,"column":7}},"77":{"start":{"line":78,"column":0},"end":{"line":78,"column":38}},"78":{"start":{"line":79,"column":0},"end":{"line":79,"column":83}},"79":{"start":{"line":80,"column":0},"end":{"line":80,"column":31}},"80":{"start":{"line":81,"column":0},"end":{"line":81,"column":7}},"82":{"start":{"line":83,"column":0},"end":{"line":83,"column":33}},"83":{"start":{"line":84,"column":0},"end":{"line":84,"column":92}},"85":{"start":{"line":86,"column":0},"end":{"line":86,"column":54}},"86":{"start":{"line":87,"column":0},"end":{"line":87,"column":77}},"87":{"start":{"line":88,"column":0},"end":{"line":88,"column":21}},"88":{"start":{"line":89,"column":0},"end":{"line":89,"column":13}},"89":{"start":{"line":90,"column":0},"end":{"line":90,"column":7}},"91":{"start":{"line":92,"column":0},"end":{"line":92,"column":53}},"92":{"start":{"line":93,"column":0},"end":{"line":93,"column":91}},"94":{"start":{"line":95,"column":0},"end":{"line":95,"column":58}},"95":{"start":{"line":96,"column":0},"end":{"line":96,"column":86}},"96":{"start":{"line":97,"column":0},"end":{"line":97,"column":16}},"97":{"start":{"line":98,"column":0},"end":{"line":98,"column":13}},"98":{"start":{"line":99,"column":0},"end":{"line":99,"column":7}},"100":{"start":{"line":101,"column":0},"end":{"line":101,"column":53}},"101":{"start":{"line":102,"column":0},"end":{"line":102,"column":96}},"102":{"start":{"line":103,"column":0},"end":{"line":103,"column":16}},"103":{"start":{"line":104,"column":0},"end":{"line":104,"column":26}},"104":{"start":{"line":105,"column":0},"end":{"line":105,"column":7}},"105":{"start":{"line":106,"column":0},"end":{"line":106,"column":2}},"110":{"start":{"line":111,"column":0},"end":{"line":111,"column":43}},"111":{"start":{"line":112,"column":0},"end":{"line":112,"column":30}},"112":{"start":{"line":113,"column":0},"end":{"line":113,"column":17}},"113":{"start":{"line":114,"column":0},"end":{"line":114,"column":37}},"114":{"start":{"line":115,"column":0},"end":{"line":115,"column":15}},"115":{"start":{"line":116,"column":0},"end":{"line":116,"column":7}},"116":{"start":{"line":117,"column":0},"end":{"line":117,"column":29}},"117":{"start":{"line":118,"column":0},"end":{"line":118,"column":19}},"118":{"start":{"line":119,"column":0},"end":{"line":119,"column":36}},"119":{"start":{"line":120,"column":0},"end":{"line":120,"column":18}},"120":{"start":{"line":121,"column":0},"end":{"line":121,"column":40}},"121":{"start":{"line":122,"column":0},"end":{"line":122,"column":25}},"122":{"start":{"line":123,"column":0},"end":{"line":123,"column":52}},"123":{"start":{"line":124,"column":0},"end":{"line":124,"column":38}},"124":{"start":{"line":125,"column":0},"end":{"line":125,"column":10}},"125":{"start":{"line":126,"column":0},"end":{"line":126,"column":60}},"126":{"start":{"line":127,"column":0},"end":{"line":127,"column":8}},"127":{"start":{"line":128,"column":0},"end":{"line":128,"column":12}},"128":{"start":{"line":129,"column":0},"end":{"line":129,"column":25}},"129":{"start":{"line":130,"column":0},"end":{"line":130,"column":53}},"130":{"start":{"line":131,"column":0},"end":{"line":131,"column":35}},"131":{"start":{"line":132,"column":0},"end":{"line":132,"column":10}},"132":{"start":{"line":133,"column":0},"end":{"line":133,"column":32}},"133":{"start":{"line":134,"column":0},"end":{"line":134,"column":8}},"134":{"start":{"line":135,"column":0},"end":{"line":135,"column":5}},"135":{"start":{"line":136,"column":0},"end":{"line":136,"column":3}},"136":{"start":{"line":137,"column":0},"end":{"line":137,"column":1}},"141":{"start":{"line":142,"column":0},"end":{"line":142,"column":40}},"142":{"start":{"line":143,"column":0},"end":{"line":143,"column":35}},"143":{"start":{"line":144,"column":0},"end":{"line":144,"column":20}},"144":{"start":{"line":145,"column":0},"end":{"line":145,"column":9}},"145":{"start":{"line":146,"column":0},"end":{"line":146,"column":58}},"146":{"start":{"line":147,"column":0},"end":{"line":147,"column":27}},"147":{"start":{"line":148,"column":0},"end":{"line":148,"column":85}},"148":{"start":{"line":149,"column":0},"end":{"line":149,"column":14}},"149":{"start":{"line":150,"column":0},"end":{"line":150,"column":37}},"150":{"start":{"line":151,"column":0},"end":{"line":151,"column":7}},"151":{"start":{"line":152,"column":0},"end":{"line":152,"column":3}},"152":{"start":{"line":153,"column":0},"end":{"line":153,"column":1}}},"s":{"6":1,"7":1,"12":1,"13":1,"14":1,"15":1,"16":1,"17":1,"18":1,"24":1,"29":1,"30":0,"31":0,"32":0,"33":0,"34":0,"35":0,"36":0,"37":0,"38":0,"39":0,"40":0,"41":1,"46":1,"47":0,"48":0,"49":0,"51":0,"52":0,"53":0,"54":0,"55":0,"56":0,"57":0,"58":0,"59":0,"60":0,"61":0,"62":0,"63":0,"64":0,"65":0,"66":0,"71":1,"72":1,"73":0,"74":0,"75":0,"77":1,"78":0,"79":0,"80":0,"82":1,"83":0,"85":1,"86":0,"87":0,"88":0,"89":0,"91":1,"92":0,"94":1,"95":0,"96":0,"97":0,"98":0,"100":1,"101":0,"102":0,"103":0,"104":0,"105":1,"110":0,"111":0,"112":0,"113":0,"114":0,"115":0,"116":0,"117":0,"118":0,"119":0,"120":0,"121":0,"122":0,"123":0,"124":0,"125":0,"126":0,"127":0,"128":0,"129":0,"130":0,"131":0,"132":0,"133":0,"134":0,"135":0,"136":0,"141":1,"142":0,"143":0,"144":0,"145":0,"146":0,"147":0,"148":0,"149":0,"150":0,"151":0,"152":0},"branchMap":{"0":{"type":"branch","line":13,"loc":{"start":{"line":13,"column":7},"end":{"line":13,"column":26}},"locations":[{"start":{"line":13,"column":7},"end":{"line":13,"column":26}}]}},"b":{"0":[2]},"fnMap":{"0":{"name":"CLIError","decl":{"start":{"line":30,"column":2},"end":{"line":41,"column":3}},"loc":{"start":{"line":30,"column":2},"end":{"line":41,"column":3}},"line":30},"1":{"name":"handleCLIError","decl":{"start":{"line":47,"column":7},"end":{"line":67,"column":1}},"loc":{"start":{"line":47,"column":7},"end":{"line":67,"column":1}},"line":47},"2":{"name":"configNotFound","decl":{"start":{"line":73,"column":18},"end":{"line":76,"column":7}},"loc":{"start":{"line":73,"column":18},"end":{"line":76,"column":7}},"line":73},"3":{"name":"configInvalid","decl":{"start":{"line":78,"column":17},"end":{"line":81,"column":7}},"loc":{"start":{"line":78,"column":17},"end":{"line":81,"column":7}},"line":78},"4":{"name":"fileNotFound","decl":{"start":{"line":83,"column":16},"end":{"line":84,"column":92}},"loc":{"start":{"line":83,"column":16},"end":{"line":84,"column":92}},"line":83},"5":{"name":"fileNotAccessible","decl":{"start":{"line":86,"column":21},"end":{"line":90,"column":7}},"loc":{"start":{"line":86,"column":21},"end":{"line":90,"column":7}},"line":86},"6":{"name":"invalidInput","decl":{"start":{"line":92,"column":16},"end":{"line":93,"column":91}},"loc":{"start":{"line":92,"column":16},"end":{"line":93,"column":91}},"line":92},"7":{"name":"processingFailed","decl":{"start":{"line":95,"column":20},"end":{"line":99,"column":7}},"loc":{"start":{"line":95,"column":20},"end":{"line":99,"column":7}},"line":95},"8":{"name":"networkError","decl":{"start":{"line":101,"column":16},"end":{"line":105,"column":7}},"loc":{"start":{"line":101,"column":16},"end":{"line":105,"column":7}},"line":101},"9":{"name":"withErrorHandling","decl":{"start":{"line":111,"column":0},"end":{"line":137,"column":1}},"loc":{"start":{"line":111,"column":0},"end":{"line":137,"column":1}},"line":111},"10":{"name":"validateRequiredOptions","decl":{"start":{"line":142,"column":7},"end":{"line":153,"column":1}},"loc":{"start":{"line":142,"column":7},"end":{"line":153,"column":1}},"line":142}},"f":{"0":0,"1":0,"2":0,"3":0,"4":0,"5":0,"6":0,"7":0,"8":0,"9":0,"10":0}},"/Users/rowan/github/tw-enigma/tw-enigma/packages/cli/src/utils/index.ts":{"path":"/Users/rowan/github/tw-enigma/tw-enigma/packages/cli/src/utils/index.ts","all":false,"statementMap":{"7":{"start":{"line":8,"column":0},"end":{"line":8,"column":32}},"10":{"start":{"line":11,"column":0},"end":{"line":11,"column":30}},"13":{"start":{"line":14,"column":0},"end":{"line":14,"column":33}}},"s":{"7":1,"10":1,"13":1},"branchMap":{},"b":{},"fnMap":{},"f":{}},"/Users/rowan/github/tw-enigma/tw-enigma/packages/cli/src/utils/logger-config.ts":{"path":"/Users/rowan/github/tw-enigma/tw-enigma/packages/cli/src/utils/logger-config.ts","all":false,"statementMap":{"7":{"start":{"line":8,"column":0},"end":{"line":8,"column":75}},"12":{"start":{"line":13,"column":0},"end":{"line":13,"column":77}},"14":{"start":{"line":15,"column":0},"end":{"line":15,"column":38}},"15":{"start":{"line":16,"column":0},"end":{"line":16,"column":22}},"16":{"start":{"line":17,"column":0},"end":{"line":17,"column":28}},"17":{"start":{"line":18,"column":0},"end":{"line":18,"column":19}},"18":{"start":{"line":19,"column":0},"end":{"line":19,"column":31}},"19":{"start":{"line":20,"column":0},"end":{"line":20,"column":14}},"20":{"start":{"line":21,"column":0},"end":{"line":21,"column":19}},"21":{"start":{"line":22,"column":0},"end":{"line":22,"column":31}},"22":{"start":{"line":23,"column":0},"end":{"line":23,"column":14}},"23":{"start":{"line":24,"column":0},"end":{"line":24,"column":18}},"24":{"start":{"line":25,"column":0},"end":{"line":25,"column":30}},"25":{"start":{"line":26,"column":0},"end":{"line":26,"column":14}},"26":{"start":{"line":27,"column":0},"end":{"line":27,"column":18}},"27":{"start":{"line":28,"column":0},"end":{"line":28,"column":30}},"28":{"start":{"line":29,"column":0},"end":{"line":29,"column":14}},"29":{"start":{"line":30,"column":0},"end":{"line":30,"column":19}},"30":{"start":{"line":31,"column":0},"end":{"line":31,"column":31}},"31":{"start":{"line":32,"column":0},"end":{"line":32,"column":14}},"32":{"start":{"line":33,"column":0},"end":{"line":33,"column":19}},"33":{"start":{"line":34,"column":0},"end":{"line":34,"column":31}},"34":{"start":{"line":35,"column":0},"end":{"line":35,"column":14}},"35":{"start":{"line":36,"column":0},"end":{"line":36,"column":5}},"36":{"start":{"line":37,"column":0},"end":{"line":37,"column":32}},"37":{"start":{"line":38,"column":0},"end":{"line":38,"column":27}},"38":{"start":{"line":39,"column":0},"end":{"line":39,"column":28}},"39":{"start":{"line":40,"column":0},"end":{"line":40,"column":27}},"40":{"start":{"line":41,"column":0},"end":{"line":41,"column":26}},"41":{"start":{"line":42,"column":0},"end":{"line":42,"column":26}},"42":{"start":{"line":43,"column":0},"end":{"line":43,"column":3}},"45":{"start":{"line":46,"column":0},"end":{"line":46,"column":48}},"46":{"start":{"line":47,"column":0},"end":{"line":47,"column":21}},"47":{"start":{"line":48,"column":0},"end":{"line":48,"column":18}},"48":{"start":{"line":49,"column":0},"end":{"line":49,"column":39}},"49":{"start":{"line":50,"column":0},"end":{"line":50,"column":70}},"50":{"start":{"line":51,"column":0},"end":{"line":51,"column":40}},"51":{"start":{"line":52,"column":0},"end":{"line":52,"column":18}},"52":{"start":{"line":53,"column":0},"end":{"line":53,"column":21}},"53":{"start":{"line":54,"column":0},"end":{"line":54,"column":6}},"54":{"start":{"line":55,"column":0},"end":{"line":55,"column":3}},"57":{"start":{"line":58,"column":0},"end":{"line":58,"column":21}},"58":{"start":{"line":59,"column":0},"end":{"line":59,"column":10}},"59":{"start":{"line":60,"column":0},"end":{"line":60,"column":48}},"60":{"start":{"line":61,"column":0},"end":{"line":61,"column":56}},"61":{"start":{"line":62,"column":0},"end":{"line":62,"column":44}},"62":{"start":{"line":63,"column":0},"end":{"line":63,"column":35}},"63":{"start":{"line":64,"column":0},"end":{"line":64,"column":20}},"64":{"start":{"line":65,"column":0},"end":{"line":65,"column":21}},"65":{"start":{"line":66,"column":0},"end":{"line":66,"column":15}},"66":{"start":{"line":67,"column":0},"end":{"line":67,"column":33}},"67":{"start":{"line":68,"column":0},"end":{"line":68,"column":5}},"68":{"start":{"line":69,"column":0},"end":{"line":69,"column":1}},"73":{"start":{"line":74,"column":0},"end":{"line":74,"column":50}},"74":{"start":{"line":75,"column":0},"end":{"line":75,"column":21}},"75":{"start":{"line":76,"column":0},"end":{"line":76,"column":25}},"76":{"start":{"line":77,"column":0},"end":{"line":77,"column":19}},"77":{"start":{"line":78,"column":0},"end":{"line":78,"column":23}},"78":{"start":{"line":79,"column":0},"end":{"line":79,"column":17}},"79":{"start":{"line":80,"column":0},"end":{"line":80,"column":35}},"80":{"start":{"line":81,"column":0},"end":{"line":81,"column":20}},"81":{"start":{"line":82,"column":0},"end":{"line":82,"column":21}},"82":{"start":{"line":83,"column":0},"end":{"line":83,"column":26}},"83":{"start":{"line":84,"column":0},"end":{"line":84,"column":33}},"84":{"start":{"line":85,"column":0},"end":{"line":85,"column":5}},"85":{"start":{"line":86,"column":0},"end":{"line":86,"column":1}}},"s":{"7":1,"12":1,"14":0,"15":0,"16":0,"17":0,"18":0,"19":0,"20":0,"21":0,"22":0,"23":0,"24":0,"25":0,"26":0,"27":0,"28":0,"29":0,"30":0,"31":0,"32":0,"33":0,"34":0,"35":0,"36":0,"37":0,"38":0,"39":0,"40":0,"41":0,"42":0,"45":0,"46":0,"47":0,"48":0,"49":0,"50":0,"51":0,"52":0,"53":0,"54":0,"57":0,"58":0,"59":0,"60":0,"61":0,"62":0,"63":0,"64":0,"65":0,"66":0,"67":0,"68":0,"73":1,"74":0,"75":0,"76":0,"77":0,"78":0,"79":0,"80":0,"81":0,"82":0,"83":0,"84":0,"85":0},"branchMap":{},"b":{},"fnMap":{"0":{"name":"createLoggerFromArgv","decl":{"start":{"line":13,"column":7},"end":{"line":69,"column":1}},"loc":{"start":{"line":13,"column":7},"end":{"line":69,"column":1}},"line":13},"1":{"name":"createDefaultCliLogger","decl":{"start":{"line":74,"column":7},"end":{"line":86,"column":1}},"loc":{"start":{"line":74,"column":7},"end":{"line":86,"column":1}},"line":74}},"f":{"0":0,"1":0}},"/Users/rowan/github/tw-enigma/tw-enigma/packages/cli/src/cli-helpers.ts":{"path":"/Users/rowan/github/tw-enigma/tw-enigma/packages/cli/src/cli-helpers.ts","all":true,"statementMap":{"12":{"start":{"line":13,"column":0},"end":{"line":13,"column":25}},"16":{"start":{"line":17,"column":0},"end":{"line":17,"column":70}},"17":{"start":{"line":18,"column":0},"end":{"line":18,"column":28}},"18":{"start":{"line":19,"column":0},"end":{"line":19,"column":43}},"19":{"start":{"line":20,"column":0},"end":{"line":20,"column":5}},"22":{"start":{"line":23,"column":0},"end":{"line":23,"column":24}},"23":{"start":{"line":24,"column":0},"end":{"line":24,"column":4}},"28":{"start":{"line":29,"column":0},"end":{"line":29,"column":50}},"29":{"start":{"line":30,"column":0},"end":{"line":30,"column":34}},"30":{"start":{"line":31,"column":0},"end":{"line":31,"column":4}},"35":{"start":{"line":36,"column":0},"end":{"line":36,"column":52}},"36":{"start":{"line":37,"column":0},"end":{"line":37,"column":36}},"37":{"start":{"line":38,"column":0},"end":{"line":38,"column":4}},"42":{"start":{"line":43,"column":0},"end":{"line":43,"column":41}},"43":{"start":{"line":44,"column":0},"end":{"line":44,"column":42}},"44":{"start":{"line":45,"column":0},"end":{"line":45,"column":21}},"45":{"start":{"line":46,"column":0},"end":{"line":46,"column":22}},"47":{"start":{"line":48,"column":0},"end":{"line":48,"column":58}},"48":{"start":{"line":49,"column":0},"end":{"line":49,"column":19}},"49":{"start":{"line":50,"column":0},"end":{"line":50,"column":18}},"50":{"start":{"line":51,"column":0},"end":{"line":51,"column":5}},"52":{"start":{"line":53,"column":0},"end":{"line":53,"column":51}},"53":{"start":{"line":54,"column":0},"end":{"line":54,"column":4}},"58":{"start":{"line":59,"column":0},"end":{"line":59,"column":72}},"59":{"start":{"line":60,"column":0},"end":{"line":60,"column":46}},"61":{"start":{"line":62,"column":0},"end":{"line":62,"column":25}},"62":{"start":{"line":63,"column":0},"end":{"line":63,"column":24}},"63":{"start":{"line":64,"column":0},"end":{"line":64,"column":5}},"66":{"start":{"line":67,"column":0},"end":{"line":67,"column":68}},"67":{"start":{"line":68,"column":0},"end":{"line":68,"column":69}},"68":{"start":{"line":69,"column":0},"end":{"line":69,"column":49}},"69":{"start":{"line":70,"column":0},"end":{"line":70,"column":4}},"70":{"start":{"line":71,"column":0},"end":{"line":71,"column":2}}},"s":{"12":0,"16":0,"17":0,"18":0,"19":0,"22":0,"23":0,"28":0,"29":0,"30":0,"35":0,"36":0,"37":0,"42":0,"43":0,"44":0,"45":0,"47":0,"48":0,"49":0,"50":0,"52":0,"53":0,"58":0,"59":0,"61":0,"62":0,"63":0,"66":0,"67":0,"68":0,"69":0,"70":0},"branchMap":{"0":{"type":"branch","line":1,"loc":{"start":{"line":1,"column":1724},"end":{"line":71,"column":2}},"locations":[{"start":{"line":1,"column":1724},"end":{"line":71,"column":2}}]}},"b":{"0":[1]},"fnMap":{"0":{"name":"(empty-report)","decl":{"start":{"line":1,"column":1724},"end":{"line":71,"column":2}},"loc":{"start":{"line":1,"column":1724},"end":{"line":71,"column":2}},"line":1}},"f":{"0":1}}}}