TN:
SF:debug-cli.js
FN:1,(empty-report)
FNF:1
FNH:0
FNDA:0,(empty-report)
DA:1,0
DA:3,0
DA:4,0
DA:6,0
DA:7,0
DA:8,0
DA:9,0
DA:10,0
DA:11,0
DA:12,0
DA:13,0
DA:14,0
DA:15,0
DA:16,0
DA:17,0
DA:18,0
DA:19,0
DA:21,0
DA:23,0
DA:24,0
DA:26,0
DA:27,0
DA:29,0
DA:30,0
DA:31,0
DA:32,0
DA:33,0
DA:34,0
DA:35,0
DA:37,0
DA:38,0
DA:39,0
DA:40,0
LF:33
LH:0
BRDA:1,0,0,0
BRF:1
BRH:0
end_of_record
TN:
SF:debug_append.mjs
FN:1,(empty-report)
FNF:1
FNH:0
FNDA:0,(empty-report)
DA:1,0
DA:2,0
DA:3,0
DA:5,0
DA:6,0
DA:7,0
DA:8,0
DA:10,0
DA:11,0
DA:12,0
DA:13,0
DA:14,0
DA:15,0
DA:16,0
DA:17,0
DA:18,0
DA:19,0
DA:20,0
DA:21,0
DA:22,0
DA:23,0
DA:24,0
DA:25,0
DA:26,0
DA:27,0
DA:28,0
DA:29,0
DA:30,0
DA:32,0
LF:29
LH:0
BRDA:1,0,0,0
BRF:1
BRH:0
end_of_record
TN:
SF:debug_atomic.js
FN:1,(empty-report)
FNF:1
FNH:0
FNDA:0,(empty-report)
DA:1,0
DA:2,0
DA:3,0
DA:5,0
DA:6,0
DA:7,0
DA:8,0
DA:9,0
DA:10,0
DA:11,0
DA:12,0
DA:13,0
DA:14,0
DA:15,0
DA:16,0
DA:17,0
DA:18,0
DA:19,0
DA:20,0
DA:21,0
DA:22,0
DA:23,0
DA:24,0
DA:25,0
DA:26,0
DA:27,0
DA:28,0
DA:29,0
DA:30,0
DA:31,0
DA:32,0
DA:33,0
DA:34,0
DA:35,0
DA:36,0
DA:37,0
DA:38,0
DA:39,0
DA:40,0
DA:41,0
DA:42,0
DA:43,0
DA:44,0
DA:45,0
DA:46,0
DA:47,0
DA:48,0
DA:49,0
DA:50,0
DA:51,0
DA:52,0
DA:53,0
DA:54,0
DA:56,0
LF:54
LH:0
BRDA:1,0,0,0
BRF:1
BRH:0
end_of_record
TN:
SF:debug_config.js
FN:1,(empty-report)
FNF:1
FNH:0
FNDA:0,(empty-report)
DA:1,0
DA:3,0
DA:4,0
DA:6,0
DA:7,0
DA:8,0
DA:9,0
DA:10,0
DA:11,0
DA:12,0
DA:13,0
DA:14,0
DA:15,0
DA:16,0
DA:17,0
DA:18,0
DA:19,0
DA:21,0
DA:22,0
DA:23,0
DA:24,0
DA:26,0
DA:27,0
DA:28,0
DA:29,0
DA:31,0
DA:32,0
DA:33,0
DA:34,0
DA:35,0
DA:37,0
DA:38,0
DA:39,0
DA:40,0
DA:41,0
LF:35
LH:0
BRDA:1,0,0,0
BRF:1
BRH:0
end_of_record
TN:
SF:debug_minify.js
FN:1,(empty-report)
FNF:1
FNH:0
FNDA:0,(empty-report)
DA:1,0
DA:2,0
DA:3,0
DA:4,0
DA:5,0
DA:6,0
DA:8,0
DA:9,0
DA:10,0
DA:12,0
DA:13,0
DA:14,0
DA:16,0
DA:17,0
DA:18,0
DA:19,0
DA:21,0
DA:22,0
DA:23,0
DA:24,0
DA:25,0
DA:26,0
DA:28,0
DA:29,0
DA:30,0
DA:31,0
DA:32,0
DA:33,0
DA:34,0
DA:36,0
DA:37,0
DA:38,0
DA:39,0
DA:40,0
DA:42,0
DA:43,0
DA:44,0
DA:45,0
DA:46,0
DA:48,0
DA:49,0
DA:50,0
DA:52,0
DA:53,0
DA:54,0
DA:55,0
DA:56,0
DA:57,0
DA:58,0
DA:59,0
DA:60,0
DA:61,0
DA:62,0
DA:64,0
DA:65,0
DA:67,0
DA:68,0
DA:70,0
DA:71,0
DA:73,0
DA:74,0
DA:76,0
DA:77,0
DA:78,0
DA:79,0
DA:81,0
DA:82,0
DA:83,0
DA:84,0
DA:85,0
DA:86,0
DA:87,0
DA:89,0
DA:90,0
DA:92,0
DA:93,0
DA:94,0
DA:95,0
DA:96,0
DA:98,0
DA:99,0
DA:100,0
DA:101,0
DA:102,0
DA:104,0
DA:105,0
DA:106,0
DA:107,0
DA:108,0
LF:89
LH:0
BRDA:1,0,0,0
BRF:1
BRH:0
end_of_record
TN:
SF:src/config.ts
FN:573,deepMerge
FN:600,isObject
FN:607,normalizeCliArguments
FN:888,validateConfig
FN:917,loadConfigFromFile
FN:979,loadConfigFromFileSync
FN:1042,<instance_members_initializer>
FN:1061,EnhancedConfigManager
FN:1087,loadConfig
FN:1183,updateConfig
FN:1262,getConfig
FN:1269,getPerformanceMetrics
FN:1280,listBackups
FN:1295,restoreFromBackup
FN:1324,cleanup
FN:1339,initializeValidators
FN:1362,handleMigration
FN:1400,applyDefaults
FN:1411,validateSchema
FN:1422,validateRuntime
FN:1442,startWatching
FN:1479,createDefaultConfig
FN:1513,logPerformanceInsights
FN:1533,createEnhancedConfigManager
FN:1550,loadEnhancedConfig
FN:1568,loadConfig
FN:1612,loadConfigSync
FN:1656,getConfig
FN:1664,getConfigSync
FN:1672,createSampleConfig
FNF:30
FNH:11
FNDA:42,deepMerge
FNDA:82,isObject
FNDA:18,normalizeCliArguments
FNDA:18,validateConfig
FNDA:18,loadConfigFromFile
FNDA:3,loadConfigFromFileSync
FNDA:0,<instance_members_initializer>
FNDA:0,EnhancedConfigManager
FNDA:0,loadConfig
FNDA:0,updateConfig
FNDA:0,getConfig
FNDA:0,getPerformanceMetrics
FNDA:0,listBackups
FNDA:0,restoreFromBackup
FNDA:0,cleanup
FNDA:0,initializeValidators
FNDA:0,handleMigration
FNDA:0,applyDefaults
FNDA:0,validateSchema
FNDA:0,validateRuntime
FNDA:0,startWatching
FNDA:0,createDefaultConfig
FNDA:0,logPerformanceInsights
FNDA:0,createEnhancedConfigManager
FNDA:0,loadEnhancedConfig
FNDA:18,loadConfig
FNDA:3,loadConfigSync
FNDA:1,getConfig
FNDA:1,getConfigSync
FNDA:1,createSampleConfig
DA:8,1
DA:9,1
DA:10,1
DA:14,1
DA:18,1
DA:22,1
DA:26,1
DA:30,1
DA:31,1
DA:34,1
DA:36,1
DA:37,1
DA:45,1
DA:46,1
DA:48,1
DA:49,1
DA:58,1
DA:60,1
DA:61,1
DA:62,1
DA:63,1
DA:66,1
DA:67,1
DA:68,1
DA:69,1
DA:70,1
DA:71,1
DA:72,1
DA:73,1
DA:74,1
DA:77,1
DA:78,1
DA:81,1
DA:82,1
DA:83,1
DA:84,1
DA:85,1
DA:86,1
DA:87,1
DA:88,1
DA:89,1
DA:90,1
DA:91,1
DA:92,1
DA:93,1
DA:94,1
DA:95,1
DA:96,1
DA:97,1
DA:98,1
DA:99,1
DA:102,1
DA:103,1
DA:104,1
DA:105,1
DA:106,1
DA:107,1
DA:110,1
DA:111,1
DA:112,1
DA:113,1
DA:114,1
DA:115,1
DA:116,1
DA:117,1
DA:120,1
DA:121,1
DA:122,1
DA:123,1
DA:124,1
DA:125,1
DA:126,1
DA:127,1
DA:128,1
DA:129,1
DA:130,1
DA:131,1
DA:132,1
DA:133,1
DA:134,1
DA:135,1
DA:136,1
DA:137,1
DA:140,1
DA:141,1
DA:142,1
DA:143,1
DA:144,1
DA:147,1
DA:148,1
DA:149,1
DA:150,1
DA:151,1
DA:152,1
DA:153,1
DA:154,1
DA:155,1
DA:156,1
DA:157,1
DA:158,1
DA:159,1
DA:160,1
DA:161,1
DA:162,1
DA:163,1
DA:164,1
DA:165,1
DA:166,1
DA:167,1
DA:168,1
DA:169,1
DA:170,1
DA:171,1
DA:172,1
DA:173,1
DA:174,1
DA:175,1
DA:176,1
DA:177,1
DA:178,1
DA:179,1
DA:180,1
DA:181,1
DA:182,1
DA:183,1
DA:184,1
DA:185,1
DA:186,1
DA:187,1
DA:188,1
DA:189,1
DA:190,1
DA:191,1
DA:192,1
DA:193,1
DA:194,1
DA:195,1
DA:196,1
DA:197,1
DA:198,1
DA:199,1
DA:200,1
DA:201,1
DA:202,1
DA:205,1
DA:206,1
DA:207,1
DA:210,1
DA:211,1
DA:212,1
DA:215,1
DA:216,1
DA:217,1
DA:220,1
DA:221,1
DA:222,1
DA:225,1
DA:226,1
DA:227,1
DA:230,1
DA:231,1
DA:232,1
DA:233,1
DA:234,1
DA:235,1
DA:236,1
DA:237,1
DA:238,1
DA:239,1
DA:240,1
DA:241,1
DA:242,1
DA:243,1
DA:244,1
DA:247,1
DA:248,1
DA:249,1
DA:250,1
DA:251,1
DA:252,1
DA:253,1
DA:254,1
DA:255,1
DA:256,1
DA:257,1
DA:258,1
DA:259,1
DA:260,1
DA:261,1
DA:262,1
DA:263,1
DA:264,1
DA:265,1
DA:266,1
DA:267,1
DA:268,1
DA:269,1
DA:270,1
DA:273,1
DA:274,1
DA:275,1
DA:276,1
DA:277,1
DA:278,1
DA:279,1
DA:280,1
DA:281,1
DA:282,1
DA:283,1
DA:284,1
DA:285,1
DA:286,1
DA:287,1
DA:288,1
DA:289,1
DA:290,1
DA:291,1
DA:292,1
DA:295,1
DA:296,1
DA:297,1
DA:298,1
DA:299,1
DA:300,1
DA:301,1
DA:302,1
DA:303,1
DA:304,1
DA:305,1
DA:306,1
DA:307,1
DA:308,1
DA:309,1
DA:310,1
DA:458,1
DA:463,1
DA:464,1
DA:465,1
DA:466,1
DA:467,1
DA:468,1
DA:469,1
DA:470,1
DA:471,1
DA:472,1
DA:473,1
DA:474,1
DA:475,1
DA:476,1
DA:477,1
DA:479,1
DA:480,1
DA:481,1
DA:482,1
DA:483,1
DA:484,1
DA:485,1
DA:486,1
DA:487,1
DA:488,1
DA:489,1
DA:490,1
DA:491,1
DA:492,1
DA:493,1
DA:494,1
DA:495,1
DA:496,1
DA:497,1
DA:498,1
DA:499,1
DA:500,1
DA:501,1
DA:502,1
DA:503,1
DA:504,1
DA:505,1
DA:506,1
DA:507,1
DA:508,1
DA:509,1
DA:510,1
DA:511,1
DA:512,1
DA:513,1
DA:514,1
DA:515,1
DA:516,1
DA:517,1
DA:518,1
DA:519,1
DA:520,1
DA:521,1
DA:522,1
DA:523,1
DA:524,1
DA:525,1
DA:526,1
DA:527,1
DA:528,1
DA:529,1
DA:530,1
DA:531,1
DA:532,1
DA:533,1
DA:534,1
DA:535,1
DA:536,1
DA:537,1
DA:538,1
DA:539,1
DA:540,1
DA:541,1
DA:542,1
DA:543,1
DA:544,1
DA:545,1
DA:546,1
DA:547,1
DA:548,1
DA:549,1
DA:550,1
DA:551,1
DA:552,1
DA:553,1
DA:554,1
DA:555,1
DA:556,1
DA:557,1
DA:558,1
DA:559,1
DA:560,1
DA:561,1
DA:562,1
DA:563,1
DA:564,1
DA:565,1
DA:566,1
DA:567,1
DA:573,42
DA:574,42
DA:575,42
DA:576,42
DA:577,42
DA:578,21
DA:580,42
DA:581,21
DA:582,40
DA:583,3
DA:584,3
DA:585,3
DA:586,3
DA:587,3
DA:588,40
DA:589,37
DA:590,37
DA:591,40
DA:592,21
DA:594,21
DA:595,21
DA:600,82
DA:601,82
DA:602,82
DA:607,18
DA:608,18
DA:611,18
DA:612,18
DA:613,18
DA:614,18
DA:615,18
DA:616,18
DA:617,18
DA:618,18
DA:619,18
DA:620,18
DA:621,18
DA:622,18
DA:623,18
DA:624,18
DA:625,18
DA:626,18
DA:627,18
DA:628,18
DA:629,18
DA:630,18
DA:631,18
DA:632,18
DA:633,18
DA:634,18
DA:635,18
DA:636,18
DA:637,18
DA:640,18
DA:641,18
DA:642,18
DA:643,18
DA:644,18
DA:645,18
DA:646,18
DA:647,18
DA:648,18
DA:649,18
DA:650,18
DA:652,18
DA:654,2
DA:655,2
DA:656,2
DA:659,18
DA:660,18
DA:661,18
DA:662,1
DA:663,18
DA:664,18
DA:665,18
DA:666,18
DA:667,18
DA:668,18
DA:669,18
DA:670,18
DA:671,18
DA:672,18
DA:673,18
DA:675,18
DA:677,1
DA:678,1
DA:681,18
DA:682,18
DA:683,18
DA:684,18
DA:685,18
DA:686,18
DA:687,18
DA:688,18
DA:689,18
DA:690,18
DA:691,18
DA:692,18
DA:693,18
DA:694,18
DA:695,18
DA:697,18
DA:699,0
DA:700,0
DA:703,18
DA:704,18
DA:705,18
DA:706,18
DA:707,18
DA:708,18
DA:709,18
DA:710,18
DA:711,18
DA:712,18
DA:713,18
DA:714,18
DA:715,18
DA:716,18
DA:717,18
DA:718,18
DA:719,18
DA:720,18
DA:721,18
DA:722,18
DA:723,18
DA:725,18
DA:726,18
DA:727,18
DA:728,18
DA:729,0
DA:730,18
DA:731,18
DA:732,18
DA:733,18
DA:734,0
DA:736,18
DA:737,18
DA:738,18
DA:739,18
DA:740,0
DA:741,18
DA:742,18
DA:743,0
DA:744,18
DA:745,18
DA:746,0
DA:747,18
DA:748,18
DA:750,18
DA:751,18
DA:752,0
DA:753,18
DA:754,18
DA:755,18
DA:756,18
DA:757,0
DA:758,18
DA:759,18
DA:760,18
DA:761,18
DA:762,18
DA:763,18
DA:764,0
DA:767,18
DA:768,18
DA:769,0
DA:770,18
DA:771,18
DA:772,0
DA:773,18
DA:774,18
DA:775,0
DA:776,18
DA:777,18
DA:778,0
DA:779,18
DA:780,18
DA:781,0
DA:782,18
DA:783,18
DA:784,0
DA:787,18
DA:788,18
DA:789,0
DA:790,18
DA:791,18
DA:792,18
DA:793,18
DA:794,18
DA:795,18
DA:796,18
DA:797,18
DA:798,18
DA:799,18
DA:800,18
DA:801,18
DA:802,0
DA:803,18
DA:804,18
DA:805,0
DA:806,18
DA:807,18
DA:808,0
DA:809,18
DA:810,18
DA:811,0
DA:813,18
DA:815,0
DA:816,0
DA:817,0
DA:820,18
DA:821,18
DA:822,18
DA:823,18
DA:824,18
DA:825,0
DA:826,18
DA:827,18
DA:828,0
DA:829,18
DA:830,18
DA:832,18
DA:834,0
DA:835,0
DA:836,0
DA:837,0
DA:840,18
DA:841,18
DA:842,18
DA:845,18
DA:846,18
DA:847,18
DA:848,18
DA:849,18
DA:850,18
DA:853,18
DA:854,18
DA:855,18
DA:856,18
DA:857,18
DA:858,18
DA:859,18
DA:862,18
DA:863,18
DA:864,18
DA:865,18
DA:866,18
DA:867,18
DA:870,18
DA:871,18
DA:872,18
DA:873,18
DA:874,18
DA:875,18
DA:876,18
DA:878,18
DA:879,0
DA:880,0
DA:882,18
DA:883,18
DA:888,18
DA:889,18
DA:890,18
DA:892,18
DA:893,18
DA:894,2
DA:895,2
DA:896,2
DA:897,2
DA:898,2
DA:899,2
DA:900,2
DA:901,2
DA:902,2
DA:903,2
DA:904,2
DA:905,0
DA:906,2
DA:907,2
DA:908,2
DA:909,2
DA:910,2
DA:911,2
DA:912,18
DA:917,18
DA:918,18
DA:919,18
DA:924,18
DA:925,18
DA:926,18
DA:927,18
DA:928,18
DA:929,18
DA:931,18
DA:933,18
DA:934,18
DA:936,18
DA:937,2
DA:938,2
DA:939,18
DA:940,16
DA:941,16
DA:942,16
DA:944,18
DA:945,7
DA:946,7
DA:947,7
DA:949,9
DA:950,9
DA:951,9
DA:952,9
DA:953,9
DA:955,9
DA:956,18
DA:957,18
DA:958,18
DA:959,18
DA:960,18
DA:961,2
DA:962,2
DA:963,2
DA:964,2
DA:965,2
DA:967,2
DA:968,2
DA:969,2
DA:970,2
DA:971,2
DA:972,2
DA:973,2
DA:974,18
DA:979,3
DA:980,3
DA:981,3
DA:986,3
DA:987,3
DA:988,3
DA:989,3
DA:990,3
DA:991,3
DA:993,3
DA:995,3
DA:996,3
DA:998,3
DA:999,0
DA:1000,0
DA:1001,3
DA:1002,3
DA:1003,3
DA:1004,3
DA:1006,3
DA:1007,1
DA:1008,1
DA:1009,1
DA:1011,1
DA:1012,1
DA:1013,1
DA:1014,1
DA:1015,1
DA:1017,1
DA:1018,3
DA:1019,3
DA:1020,3
DA:1021,3
DA:1022,3
DA:1023,1
DA:1024,1
DA:1025,1
DA:1026,1
DA:1027,1
DA:1029,1
DA:1030,1
DA:1031,1
DA:1032,1
DA:1033,1
DA:1034,1
DA:1035,1
DA:1036,3
DA:1041,1
DA:1042,1
DA:1043,0
DA:1044,0
DA:1045,0
DA:1046,0
DA:1047,0
DA:1048,0
DA:1049,0
DA:1050,0
DA:1051,0
DA:1052,0
DA:1061,1
DA:1062,0
DA:1063,0
DA:1070,0
DA:1071,0
DA:1072,0
DA:1073,0
DA:1074,0
DA:1075,0
DA:1076,0
DA:1077,0
DA:1078,0
DA:1079,0
DA:1080,0
DA:1081,0
DA:1082,0
DA:1087,1
DA:1094,0
DA:1095,0
DA:1096,0
DA:1099,0
DA:1100,0
DA:1102,0
DA:1103,0
DA:1104,0
DA:1105,0
DA:1107,0
DA:1108,0
DA:1111,0
DA:1114,0
DA:1115,0
DA:1116,0
DA:1117,0
DA:1119,0
DA:1120,0
DA:1121,0
DA:1122,0
DA:1125,0
DA:1126,0
DA:1128,0
DA:1129,0
DA:1130,0
DA:1132,0
DA:1135,0
DA:1136,0
DA:1137,0
DA:1138,0
DA:1141,0
DA:1142,0
DA:1143,0
DA:1144,0
DA:1145,0
DA:1148,0
DA:1149,0
DA:1150,0
DA:1151,0
DA:1152,0
DA:1153,0
DA:1154,0
DA:1155,0
DA:1156,0
DA:1159,0
DA:1160,0
DA:1161,0
DA:1163,0
DA:1165,0
DA:1166,0
DA:1167,0
DA:1168,0
DA:1169,0
DA:1170,0
DA:1171,0
DA:1172,0
DA:1174,0
DA:1175,0
DA:1176,0
DA:1177,0
DA:1178,0
DA:1183,1
DA:1184,0
DA:1185,0
DA:1189,0
DA:1195,0
DA:1196,0
DA:1197,0
DA:1198,0
DA:1199,0
DA:1201,0
DA:1202,0
DA:1203,0
DA:1204,0
DA:1205,0
DA:1208,0
DA:1209,0
DA:1210,0
DA:1211,0
DA:1212,0
DA:1213,0
DA:1214,0
DA:1215,0
DA:1218,0
DA:1221,0
DA:1222,0
DA:1223,0
DA:1224,0
DA:1225,0
DA:1226,0
DA:1227,0
DA:1228,0
DA:1229,0
DA:1230,0
DA:1233,0
DA:1234,0
DA:1235,0
DA:1236,0
DA:1237,0
DA:1240,0
DA:1242,0
DA:1244,0
DA:1245,0
DA:1246,0
DA:1247,0
DA:1248,0
DA:1250,0
DA:1251,0
DA:1252,0
DA:1253,0
DA:1254,0
DA:1255,0
DA:1256,0
DA:1257,0
DA:1262,1
DA:1263,0
DA:1264,0
DA:1269,1
DA:1270,0
DA:1271,0
DA:1272,0
DA:1274,0
DA:1275,0
DA:1280,1
DA:1284,0
DA:1285,0
DA:1286,0
DA:1287,0
DA:1289,0
DA:1290,0
DA:1295,1
DA:1298,0
DA:1299,0
DA:1300,0
DA:1301,0
DA:1302,0
DA:1304,0
DA:1305,0
DA:1307,0
DA:1308,0
DA:1310,0
DA:1312,0
DA:1313,0
DA:1314,0
DA:1315,0
DA:1316,0
DA:1317,0
DA:1318,0
DA:1319,0
DA:1324,1
DA:1325,0
DA:1326,0
DA:1327,0
DA:1328,0
DA:1330,0
DA:1331,0
DA:1332,0
DA:1333,0
DA:1334,0
DA:1339,1
DA:1340,0
DA:1343,0
DA:1346,0
DA:1349,0
DA:1350,0
DA:1351,0
DA:1354,0
DA:1355,0
DA:1356,0
DA:1357,0
DA:1362,1
DA:1365,0
DA:1366,0
DA:1367,0
DA:1368,0
DA:1370,0
DA:1371,0
DA:1372,0
DA:1373,0
DA:1374,0
DA:1376,0
DA:1378,0
DA:1379,0
DA:1380,0
DA:1381,0
DA:1383,0
DA:1384,0
DA:1385,0
DA:1386,0
DA:1387,0
DA:1388,0
DA:1389,0
DA:1391,0
DA:1392,0
DA:1393,0
DA:1394,0
DA:1395,0
DA:1400,1
DA:1401,0
DA:1402,0
DA:1403,0
DA:1405,0
DA:1406,0
DA:1411,1
DA:1412,0
DA:1413,0
DA:1414,0
DA:1416,0
DA:1417,0
DA:1422,1
DA:1423,0
DA:1424,0
DA:1425,0
DA:1427,0
DA:1428,0
DA:1430,0
DA:1431,0
DA:1432,0
DA:1433,0
DA:1434,0
DA:1435,0
DA:1436,0
DA:1437,0
DA:1442,1
DA:1443,0
DA:1445,0
DA:1446,0
DA:1447,0
DA:1448,0
DA:1450,0
DA:1451,0
DA:1453,0
DA:1455,0
DA:1456,0
DA:1457,0
DA:1458,0
DA:1459,0
DA:1460,0
DA:1462,0
DA:1463,0
DA:1464,0
DA:1465,0
DA:1466,0
DA:1468,0
DA:1469,0
DA:1470,0
DA:1472,0
DA:1473,0
DA:1474,0
DA:1479,1
DA:1483,0
DA:1484,0
DA:1485,0
DA:1487,0
DA:1488,0
DA:1490,0
DA:1491,0
DA:1492,0
DA:1493,0
DA:1494,0
DA:1495,0
DA:1496,0
DA:1497,0
DA:1498,0
DA:1499,0
DA:1501,0
DA:1503,0
DA:1504,0
DA:1505,0
DA:1506,0
DA:1507,0
DA:1508,0
DA:1513,1
DA:1514,0
DA:1516,0
DA:1517,0
DA:1518,0
DA:1520,0
DA:1521,0
DA:1522,0
DA:1524,0
DA:1525,0
DA:1526,0
DA:1527,0
DA:1528,1
DA:1533,1
DA:1534,0
DA:1535,0
DA:1543,0
DA:1544,0
DA:1545,0
DA:1550,0
DA:1551,0
DA:1552,0
DA:1553,0
DA:1554,0
DA:1555,0
DA:1556,0
DA:1557,0
DA:1559,0
DA:1560,0
DA:1562,0
DA:1563,0
DA:1568,18
DA:1569,18
DA:1571,18
DA:1572,18
DA:1573,18
DA:1574,18
DA:1577,18
DA:1580,18
DA:1583,18
DA:1585,18
DA:1586,18
DA:1587,18
DA:1588,18
DA:1589,18
DA:1590,18
DA:1592,4
DA:1594,0
DA:1595,4
DA:1596,4
DA:1597,4
DA:1598,4
DA:1599,4
DA:1600,4
DA:1601,4
DA:1603,0
DA:1604,0
DA:1605,0
DA:1606,4
DA:1607,18
DA:1612,1
DA:1613,3
DA:1615,3
DA:1616,3
DA:1617,3
DA:1618,3
DA:1621,3
DA:1624,3
DA:1627,3
DA:1629,3
DA:1630,3
DA:1631,3
DA:1632,3
DA:1633,3
DA:1634,3
DA:1636,1
DA:1638,0
DA:1639,1
DA:1640,1
DA:1641,1
DA:1642,1
DA:1643,1
DA:1644,1
DA:1645,1
DA:1647,0
DA:1648,0
DA:1649,0
DA:1650,1
DA:1651,3
DA:1656,1
DA:1657,1
DA:1658,1
DA:1659,1
DA:1664,1
DA:1665,1
DA:1666,1
DA:1667,1
DA:1672,1
DA:1673,1
DA:1708,1
LF:1118
LH:763
BRDA:573,0,0,42
BRDA:577,1,0,21
BRDA:580,2,0,21
BRDA:581,3,0,40
BRDA:582,4,0,3
BRDA:583,5,0,2
BRDA:588,6,0,37
BRDA:600,7,0,82
BRDA:601,8,0,48
BRDA:607,9,0,18
BRDA:611,10,0,4
BRDA:612,11,0,4
BRDA:613,12,0,0
BRDA:614,13,0,0
BRDA:615,14,0,1
BRDA:616,15,0,0
BRDA:617,16,0,0
BRDA:618,17,0,0
BRDA:619,18,0,4
BRDA:620,19,0,2
BRDA:621,20,0,1
BRDA:622,21,0,0
BRDA:624,22,0,2
BRDA:625,23,0,0
BRDA:627,24,0,2
BRDA:629,25,0,0
BRDA:630,26,0,0
BRDA:632,27,0,0
BRDA:634,28,0,0
BRDA:636,29,0,0
BRDA:637,30,0,0
BRDA:642,31,0,2
BRDA:644,32,0,1
BRDA:646,33,0,2
BRDA:648,34,0,1
BRDA:650,35,0,0
BRDA:652,36,0,2
BRDA:661,37,0,1
BRDA:664,38,0,1
BRDA:666,39,0,1
BRDA:668,40,0,0
BRDA:670,41,0,1
BRDA:671,42,0,1
BRDA:673,43,0,1
BRDA:675,44,0,1
BRDA:682,45,0,0
BRDA:683,46,0,0
BRDA:685,47,0,0
BRDA:687,48,0,0
BRDA:689,49,0,0
BRDA:691,50,0,0
BRDA:693,51,0,0
BRDA:695,52,0,0
BRDA:697,53,0,0
BRDA:705,54,0,0
BRDA:707,55,0,0
BRDA:709,56,0,0
BRDA:711,57,0,0
BRDA:713,58,0,0
BRDA:715,59,0,0
BRDA:717,60,0,0
BRDA:719,61,0,0
BRDA:721,62,0,0
BRDA:723,63,0,0
BRDA:726,64,0,0
BRDA:728,65,0,0
BRDA:731,66,0,0
BRDA:733,67,0,0
BRDA:737,68,0,0
BRDA:739,69,0,0
BRDA:742,70,0,0
BRDA:745,71,0,0
BRDA:748,72,0,0
BRDA:751,73,0,0
BRDA:754,74,0,0
BRDA:756,75,0,0
BRDA:759,76,0,0
BRDA:761,77,0,0
BRDA:763,78,0,0
BRDA:768,79,0,0
BRDA:771,80,0,0
BRDA:774,81,0,0
BRDA:777,82,0,0
BRDA:780,83,0,0
BRDA:783,84,0,0
BRDA:788,85,0,0
BRDA:791,86,0,0
BRDA:793,87,0,0
BRDA:795,88,0,0
BRDA:797,89,0,0
BRDA:799,90,0,0
BRDA:801,91,0,0
BRDA:804,92,0,0
BRDA:807,93,0,0
BRDA:810,94,0,0
BRDA:813,95,0,0
BRDA:822,96,0,0
BRDA:824,97,0,0
BRDA:827,98,0,0
BRDA:830,99,0,0
BRDA:832,100,0,0
BRDA:841,101,0,0
BRDA:842,102,0,0
BRDA:846,103,0,0
BRDA:847,104,0,0
BRDA:848,105,0,0
BRDA:849,106,0,0
BRDA:850,107,0,0
BRDA:854,108,0,0
BRDA:855,109,0,0
BRDA:856,110,0,0
BRDA:857,111,0,0
BRDA:858,112,0,0
BRDA:859,113,0,0
BRDA:863,114,0,0
BRDA:864,115,0,0
BRDA:865,116,0,0
BRDA:866,117,0,0
BRDA:867,118,0,0
BRDA:871,119,0,0
BRDA:872,120,0,0
BRDA:873,121,0,0
BRDA:874,122,0,0
BRDA:875,123,0,0
BRDA:876,124,0,0
BRDA:878,125,0,0
BRDA:888,126,0,18
BRDA:893,127,0,2
BRDA:899,128,0,0
BRDA:904,129,0,0
BRDA:906,130,0,0
BRDA:896,131,0,3
BRDA:917,132,0,18
BRDA:936,133,0,2
BRDA:938,134,0,0
BRDA:939,135,0,16
BRDA:944,136,0,7
BRDA:947,137,0,9
BRDA:956,138,0,0
BRDA:960,139,0,2
BRDA:964,140,0,0
BRDA:968,141,0,0
BRDA:979,142,0,3
BRDA:998,143,0,0
BRDA:1004,144,0,2
BRDA:1006,145,0,1
BRDA:1018,146,0,0
BRDA:1022,147,0,1
BRDA:1026,148,0,0
BRDA:1030,149,0,0
BRDA:1568,150,0,18
BRDA:1572,151,0,4
BRDA:1572,152,0,2
BRDA:1572,153,0,2
BRDA:1574,154,0,16
BRDA:1577,155,0,0
BRDA:1590,156,0,4
BRDA:1592,157,0,0
BRDA:1595,158,0,0
BRDA:1601,159,0,0
BRDA:1612,160,0,3
BRDA:1616,161,0,1
BRDA:1616,162,0,0
BRDA:1621,163,0,2
BRDA:1621,164,0,0
BRDA:1634,165,0,1
BRDA:1636,166,0,0
BRDA:1639,167,0,0
BRDA:1645,168,0,0
BRDA:1656,169,0,1
BRDA:1664,170,0,1
BRDA:1672,171,0,1
BRF:172
BRH:56
end_of_record
TN:
SF:src/configBackup.ts
FN:91,<instance_members_initializer>
FN:97,ConfigBackup
FN:121,initializeBackupSystem
FN:141,loadBackupMetadata
FN:164,saveBackupMetadata
FN:186,createBackup
FN:274,restoreFromBackup
FN:355,verifyBackup
FN:419,listBackups
FN:453,deleteBackup
FN:493,applyRetentionPolicy
FN:558,getBackupStatistics
FN:583,generateBackupId
FN:592,calculateChecksum
FN:599,extractConfigVersion
FN:611,createEmergencyBackup
FN:622,getLatestBackup
FN:630,cleanupCorruptedBackups
FN:649,createConfigBackup
FN:660,backupConfig
FN:671,restoreConfig
FNF:21
FNH:17
FNDA:10,<instance_members_initializer>
FNDA:10,ConfigBackup
FNDA:10,initializeBackupSystem
FNDA:13,loadBackupMetadata
FNDA:12,saveBackupMetadata
FNDA:11,createBackup
FNDA:1,restoreFromBackup
FNDA:3,verifyBackup
FNDA:26,listBackups
FNDA:1,deleteBackup
FNDA:11,applyRetentionPolicy
FNDA:0,getBackupStatistics
FNDA:11,generateBackupId
FNDA:14,calculateChecksum
FNDA:11,extractConfigVersion
FNDA:0,createEmergencyBackup
FNDA:0,getLatestBackup
FNDA:0,cleanupCorruptedBackups
FNDA:7,createConfigBackup
FNDA:2,backupConfig
FNDA:1,restoreConfig
DA:1,1
DA:2,1
DA:3,1
DA:4,1
DA:5,1
DA:8,1
DA:78,1
DA:79,1
DA:80,1
DA:81,1
DA:82,1
DA:83,1
DA:84,1
DA:85,1
DA:90,1
DA:91,1
DA:92,10
DA:93,10
DA:94,10
DA:95,10
DA:97,1
DA:98,10
DA:99,10
DA:100,10
DA:101,10
DA:102,10
DA:103,10
DA:104,10
DA:105,10
DA:106,10
DA:108,10
DA:109,10
DA:111,10
DA:112,10
DA:113,10
DA:114,10
DA:115,10
DA:116,10
DA:121,1
DA:123,10
DA:124,8
DA:125,8
DA:126,8
DA:129,10
DA:130,10
DA:131,40
DA:132,40
DA:133,32
DA:134,32
DA:135,40
DA:136,10
DA:141,1
DA:142,13
DA:143,5
DA:144,5
DA:145,5
DA:147,5
DA:148,5
DA:149,5
DA:150,5
DA:151,5
DA:152,5
DA:154,5
DA:155,5
DA:156,0
DA:157,0
DA:158,5
DA:159,13
DA:164,1
DA:165,12
DA:166,12
DA:167,12
DA:168,12
DA:169,12
DA:170,12
DA:171,18
DA:172,18
DA:173,12
DA:174,12
DA:176,12
DA:177,12
DA:178,12
DA:179,0
DA:180,0
DA:181,12
DA:186,1
DA:187,11
DA:188,11
DA:189,11
DA:190,11
DA:191,11
DA:192,11
DA:193,11
DA:195,11
DA:196,0
DA:197,0
DA:199,11
DA:201,11
DA:203,11
DA:204,11
DA:205,11
DA:206,11
DA:207,11
DA:210,11
DA:211,11
DA:214,11
DA:215,11
DA:216,11
DA:217,11
DA:218,11
DA:219,11
DA:220,11
DA:221,11
DA:222,11
DA:223,11
DA:224,11
DA:225,11
DA:226,11
DA:227,11
DA:228,11
DA:231,11
DA:234,11
DA:237,11
DA:238,11
DA:239,11
DA:240,11
DA:241,11
DA:242,11
DA:243,11
DA:244,11
DA:245,11
DA:246,11
DA:247,11
DA:248,11
DA:251,11
DA:252,11
DA:255,11
DA:256,11
DA:257,11
DA:259,11
DA:260,11
DA:262,11
DA:264,11
DA:265,0
DA:266,0
DA:267,0
DA:268,0
DA:269,11
DA:274,1
DA:275,1
DA:276,1
DA:277,1
DA:278,1
DA:279,1
DA:280,1
DA:281,1
DA:282,1
DA:284,1
DA:286,1
DA:288,1
DA:289,1
DA:290,0
DA:291,0
DA:292,0
DA:295,1
DA:296,1
DA:297,0
DA:298,0
DA:299,0
DA:302,1
DA:303,1
DA:304,1
DA:305,1
DA:306,1
DA:307,1
DA:308,1
DA:309,1
DA:310,0
DA:311,0
DA:312,1
DA:315,1
DA:316,1
DA:319,1
DA:320,1
DA:321,1
DA:322,1
DA:323,1
DA:324,1
DA:325,1
DA:327,0
DA:328,0
DA:331,1
DA:332,1
DA:333,0
DA:334,0
DA:337,1
DA:339,1
DA:340,1
DA:341,1
DA:343,1
DA:344,0
DA:345,0
DA:346,0
DA:347,0
DA:349,1
DA:350,1
DA:355,1
DA:357,3
DA:358,3
DA:359,3
DA:360,3
DA:361,3
DA:362,3
DA:363,3
DA:364,3
DA:365,3
DA:366,3
DA:368,3
DA:369,3
DA:370,3
DA:371,0
DA:372,0
DA:373,0
DA:376,3
DA:377,3
DA:378,0
DA:379,0
DA:380,0
DA:383,3
DA:384,3
DA:385,3
DA:388,3
DA:389,3
DA:390,3
DA:391,1
DA:392,1
DA:395,3
DA:396,3
DA:397,3
DA:398,3
DA:399,1
DA:400,1
DA:402,3
DA:403,0
DA:404,0
DA:407,3
DA:409,3
DA:410,0
DA:411,0
DA:413,3
DA:414,3
DA:419,1
DA:424,26
DA:425,26
DA:427,26
DA:428,2
DA:429,1
DA:430,2
DA:431,1
DA:432,1
DA:434,2
DA:435,1
DA:436,1
DA:438,2
DA:439,0
DA:440,0
DA:442,2
DA:443,0
DA:444,0
DA:445,2
DA:447,26
DA:448,26
DA:453,1
DA:454,1
DA:455,1
DA:456,1
DA:457,0
DA:458,0
DA:459,0
DA:462,1
DA:463,1
DA:465,1
DA:466,0
DA:467,0
DA:468,0
DA:471,1
DA:472,1
DA:473,1
DA:476,1
DA:477,1
DA:479,1
DA:480,1
DA:482,1
DA:484,1
DA:485,0
DA:486,0
DA:487,0
DA:488,1
DA:493,1
DA:497,11
DA:498,11
DA:499,11
DA:500,11
DA:501,11
DA:502,11
DA:504,11
DA:505,11
DA:506,11
DA:509,11
DA:510,11
DA:513,11
DA:514,16
DA:515,16
DA:516,0
DA:517,0
DA:518,0
DA:519,0
DA:520,0
DA:521,0
DA:522,16
DA:525,11
DA:526,1
DA:527,1
DA:528,1
DA:530,1
DA:531,1
DA:532,1
DA:533,1
DA:534,0
DA:535,0
DA:536,1
DA:537,1
DA:540,11
DA:541,11
DA:543,11
DA:544,1
DA:545,1
DA:547,11
DA:548,0
DA:549,0
DA:550,0
DA:552,11
DA:553,11
DA:558,1
DA:566,0
DA:567,0
DA:569,0
DA:570,0
DA:571,0
DA:572,0
DA:573,0
DA:574,0
DA:575,0
DA:576,0
DA:577,0
DA:578,0
DA:583,1
DA:584,11
DA:585,11
DA:586,11
DA:587,11
DA:592,1
DA:593,14
DA:594,14
DA:599,1
DA:600,11
DA:601,11
DA:602,11
DA:603,11
DA:604,0
DA:605,0
DA:606,11
DA:611,1
DA:612,0
DA:613,0
DA:614,0
DA:615,0
DA:616,0
DA:617,0
DA:622,1
DA:623,0
DA:624,0
DA:625,0
DA:630,1
DA:631,0
DA:633,0
DA:634,0
DA:635,0
DA:636,0
DA:637,0
DA:638,0
DA:639,0
DA:640,0
DA:642,0
DA:643,0
DA:644,1
DA:649,1
DA:650,7
DA:651,7
DA:652,7
DA:653,7
DA:654,7
DA:655,7
DA:660,2
DA:661,2
DA:662,2
DA:663,2
DA:664,2
DA:665,2
DA:666,2
DA:671,1
DA:672,1
DA:673,1
DA:674,1
DA:675,1
DA:676,1
DA:677,1
LF:417
LH:323
BRDA:91,0,0,10
BRDA:97,1,0,10
BRDA:121,2,0,10
BRDA:123,3,0,8
BRDA:130,4,0,40
BRDA:132,5,0,32
BRDA:141,6,0,13
BRDA:142,7,0,5
BRDA:147,8,0,0
BRDA:155,9,0,0
BRDA:164,10,0,12
BRDA:178,11,0,0
BRDA:170,12,0,18
BRDA:186,13,0,11
BRDA:195,14,0,0
BRDA:205,15,0,4
BRDA:205,16,0,7
BRDA:224,17,0,0
BRDA:264,18,0,0
BRDA:274,19,0,1
BRDA:289,20,0,0
BRDA:296,21,0,0
BRDA:309,22,0,0
BRDA:325,23,0,0
BRDA:332,24,0,0
BRDA:343,25,0,0
BRDA:355,26,0,3
BRDA:370,27,0,0
BRDA:377,28,0,0
BRDA:390,29,0,1
BRDA:398,30,0,1
BRDA:402,31,0,0
BRDA:409,32,0,0
BRDA:419,33,0,26
BRDA:427,34,0,2
BRDA:428,35,0,1
BRDA:428,36,0,1
BRDA:434,37,0,1
BRDA:438,38,0,0
BRDA:442,39,0,0
BRDA:429,40,0,2
BRDA:430,41,0,2
BRDA:435,42,0,2
BRDA:447,43,0,13
BRDA:453,44,0,1
BRDA:456,45,0,0
BRDA:465,46,0,0
BRDA:465,47,0,0
BRDA:484,48,0,0
BRDA:493,49,0,11
BRDA:513,50,0,16
BRDA:515,51,0,0
BRDA:525,52,0,1
BRDA:533,53,0,0
BRDA:543,54,0,1
BRDA:547,55,0,0
BRDA:509,56,0,16
BRDA:510,57,0,16
BRDA:528,58,0,1
BRDA:541,59,0,15
BRDA:583,60,0,11
BRDA:592,61,0,14
BRDA:599,62,0,11
BRDA:602,63,0,0
BRDA:603,64,0,0
BRDA:649,65,0,7
BRDA:660,66,0,2
BRDA:671,67,0,1
BRF:68
BRH:41
end_of_record
TN:
SF:src/configDefaults.ts
FN:372,<instance_members_initializer>
FN:375,ConfigDefaults
FN:383,detectEnvironment
FN:396,getDefaults
FN:405,buildFallbackChain
FN:439,getGlobalDefaults
FN:457,getProjectDefaults
FN:475,mergeConfigs
FN:499,addToChain
FN:512,validateDefaults
FN:527,isValidConfig
FN:539,logFallbackChain
FN:551,getFallbackChain
FN:558,getEnvironmentDefaults
FN:566,createConfigWithDefaults
FN:581,isSafePath
FN:593,getSafeDefaults
FN:613,createEnvironmentConfig
FN:627,validateEnvironmentConfig
FN:683,createConfigDefaults
FN:690,getQuickDefaults
FN:698,getSafeDefaults
FN:705,getEnvironmentDefaults
FNF:23
FNH:14
FNDA:3,<instance_members_initializer>
FNDA:3,ConfigDefaults
FNDA:0,detectEnvironment
FNDA:3,getDefaults
FNDA:3,buildFallbackChain
FNDA:3,getGlobalDefaults
FNDA:3,getProjectDefaults
FNDA:6,mergeConfigs
FNDA:6,addToChain
FNDA:3,validateDefaults
FNDA:6,isValidConfig
FNDA:3,logFallbackChain
FNDA:0,getFallbackChain
FNDA:0,getEnvironmentDefaults
FNDA:3,createConfigWithDefaults
FNDA:0,isSafePath
FNDA:0,getSafeDefaults
FNDA:0,createEnvironmentConfig
FNDA:0,validateEnvironmentConfig
FNDA:3,createConfigDefaults
FNDA:0,getQuickDefaults
FNDA:0,getSafeDefaults
FNDA:2,getEnvironmentDefaults
DA:2,1
DA:3,1
DA:4,1
DA:5,1
DA:6,1
DA:11,1
DA:21,1
DA:22,1
DA:23,1
DA:24,1
DA:25,1
DA:26,1
DA:27,1
DA:45,1
DA:46,1
DA:47,1
DA:48,1
DA:49,1
DA:50,1
DA:51,1
DA:52,1
DA:53,1
DA:54,1
DA:55,1
DA:56,1
DA:57,1
DA:58,1
DA:59,1
DA:60,1
DA:61,1
DA:62,1
DA:63,1
DA:64,1
DA:65,1
DA:66,1
DA:67,1
DA:68,1
DA:69,1
DA:70,1
DA:71,1
DA:72,1
DA:73,1
DA:74,1
DA:75,1
DA:76,1
DA:77,1
DA:78,1
DA:79,1
DA:80,1
DA:81,1
DA:82,1
DA:83,1
DA:84,1
DA:85,1
DA:86,1
DA:87,1
DA:88,1
DA:89,1
DA:90,1
DA:91,1
DA:92,1
DA:94,1
DA:95,1
DA:96,1
DA:97,1
DA:98,1
DA:99,1
DA:100,1
DA:101,1
DA:102,1
DA:103,1
DA:104,1
DA:105,1
DA:106,1
DA:107,1
DA:108,1
DA:109,1
DA:110,1
DA:111,1
DA:112,1
DA:113,1
DA:114,1
DA:115,1
DA:116,1
DA:117,1
DA:118,1
DA:119,1
DA:120,1
DA:121,1
DA:122,1
DA:123,1
DA:124,1
DA:125,1
DA:126,1
DA:127,1
DA:128,1
DA:129,1
DA:130,1
DA:131,1
DA:132,1
DA:133,1
DA:134,1
DA:135,1
DA:136,1
DA:137,1
DA:138,1
DA:139,1
DA:140,1
DA:142,1
DA:143,1
DA:144,1
DA:145,1
DA:146,1
DA:147,1
DA:148,1
DA:149,1
DA:150,1
DA:151,1
DA:152,1
DA:153,1
DA:154,1
DA:155,1
DA:156,1
DA:157,1
DA:158,1
DA:159,1
DA:160,1
DA:161,1
DA:162,1
DA:163,1
DA:164,1
DA:165,1
DA:166,1
DA:167,1
DA:168,1
DA:169,1
DA:170,1
DA:171,1
DA:172,1
DA:173,1
DA:174,1
DA:175,1
DA:176,1
DA:177,1
DA:178,1
DA:179,1
DA:180,1
DA:181,1
DA:182,1
DA:183,1
DA:184,1
DA:185,1
DA:186,1
DA:187,1
DA:189,1
DA:190,1
DA:191,1
DA:192,1
DA:193,1
DA:194,1
DA:195,1
DA:196,1
DA:197,1
DA:198,1
DA:199,1
DA:200,1
DA:201,1
DA:202,1
DA:203,1
DA:204,1
DA:205,1
DA:206,1
DA:207,1
DA:208,1
DA:209,1
DA:210,1
DA:211,1
DA:212,1
DA:213,1
DA:214,1
DA:215,1
DA:216,1
DA:217,1
DA:218,1
DA:219,1
DA:220,1
DA:221,1
DA:222,1
DA:223,1
DA:224,1
DA:225,1
DA:226,1
DA:227,1
DA:228,1
DA:229,1
DA:230,1
DA:231,1
DA:232,1
DA:233,1
DA:234,1
DA:235,1
DA:240,1
DA:241,1
DA:242,1
DA:243,1
DA:244,1
DA:245,1
DA:246,1
DA:247,1
DA:248,1
DA:249,1
DA:250,1
DA:251,1
DA:252,1
DA:253,1
DA:254,1
DA:255,1
DA:256,1
DA:257,1
DA:258,1
DA:259,1
DA:260,1
DA:261,1
DA:262,1
DA:263,1
DA:264,1
DA:265,1
DA:266,1
DA:267,1
DA:268,1
DA:269,1
DA:270,1
DA:271,1
DA:272,1
DA:273,1
DA:274,1
DA:275,1
DA:276,1
DA:277,1
DA:278,1
DA:279,1
DA:280,1
DA:281,1
DA:282,1
DA:283,1
DA:284,1
DA:285,1
DA:286,1
DA:287,1
DA:288,1
DA:289,1
DA:290,1
DA:291,1
DA:292,1
DA:293,1
DA:294,1
DA:295,1
DA:296,1
DA:297,1
DA:298,1
DA:299,1
DA:300,1
DA:301,1
DA:302,1
DA:303,1
DA:304,1
DA:305,1
DA:306,1
DA:307,1
DA:308,1
DA:309,1
DA:310,1
DA:311,1
DA:312,1
DA:313,1
DA:314,1
DA:315,1
DA:316,1
DA:317,1
DA:318,1
DA:319,1
DA:320,1
DA:321,1
DA:322,1
DA:323,1
DA:324,1
DA:325,1
DA:326,1
DA:327,1
DA:328,1
DA:329,1
DA:330,1
DA:331,1
DA:332,1
DA:333,1
DA:334,1
DA:335,1
DA:336,1
DA:337,1
DA:338,1
DA:339,1
DA:340,1
DA:341,1
DA:342,1
DA:343,1
DA:344,1
DA:349,1
DA:350,1
DA:351,1
DA:352,1
DA:353,1
DA:354,1
DA:359,1
DA:360,1
DA:361,1
DA:362,1
DA:363,1
DA:364,1
DA:365,1
DA:366,1
DA:371,1
DA:372,1
DA:373,3
DA:375,1
DA:376,3
DA:377,3
DA:378,3
DA:383,1
DA:384,0
DA:385,0
DA:387,0
DA:388,0
DA:389,0
DA:390,0
DA:391,0
DA:396,1
DA:397,3
DA:398,3
DA:399,3
DA:400,3
DA:405,1
DA:406,3
DA:409,3
DA:410,3
DA:413,3
DA:414,3
DA:415,0
DA:416,0
DA:417,0
DA:420,3
DA:421,3
DA:422,3
DA:423,3
DA:424,3
DA:427,3
DA:428,3
DA:429,0
DA:430,0
DA:431,0
DA:433,3
DA:434,3
DA:439,1
DA:440,3
DA:441,12
DA:442,0
DA:443,0
DA:444,0
DA:445,0
DA:446,0
DA:447,0
DA:448,0
DA:449,0
DA:450,12
DA:451,3
DA:452,3
DA:457,1
DA:458,3
DA:459,18
DA:460,0
DA:461,0
DA:462,0
DA:463,0
DA:464,0
DA:465,0
DA:466,0
DA:467,0
DA:468,18
DA:469,3
DA:470,3
DA:475,1
DA:476,6
DA:478,6
DA:479,28
DA:480,28
DA:482,4
DA:483,4
DA:484,4
DA:485,4
DA:486,28
DA:488,24
DA:489,24
DA:490,28
DA:491,28
DA:493,6
DA:494,6
DA:499,1
DA:500,6
DA:501,6
DA:502,6
DA:503,6
DA:504,6
DA:505,6
DA:506,6
DA:507,6
DA:512,1
DA:513,3
DA:514,3
DA:515,3
DA:516,0
DA:519,0
DA:520,0
DA:521,0
DA:522,3
DA:527,1
DA:528,6
DA:529,6
DA:530,6
DA:531,6
DA:532,0
DA:533,0
DA:534,6
DA:539,1
DA:540,3
DA:541,0
DA:542,0
DA:543,0
DA:544,0
DA:545,0
DA:546,3
DA:551,1
DA:552,0
DA:553,0
DA:558,1
DA:559,0
DA:560,0
DA:561,0
DA:566,1
DA:567,3
DA:568,3
DA:569,3
DA:570,3
DA:571,3
DA:572,1
DA:573,1
DA:574,1
DA:575,1
DA:576,3
DA:581,1
DA:582,0
DA:583,0
DA:584,0
DA:587,0
DA:588,0
DA:593,1
DA:598,0
DA:599,0
DA:600,0
DA:602,0
DA:603,0
DA:604,0
DA:605,0
DA:606,0
DA:607,0
DA:608,0
DA:613,1
DA:614,0
DA:615,0
DA:617,0
DA:618,0
DA:619,0
DA:621,0
DA:622,0
DA:627,1
DA:631,0
DA:632,0
DA:633,0
DA:634,0
DA:637,0
DA:638,0
DA:640,0
DA:641,0
DA:642,0
DA:643,0
DA:644,0
DA:645,0
DA:646,0
DA:648,0
DA:649,0
DA:650,0
DA:651,0
DA:652,0
DA:653,0
DA:654,0
DA:655,0
DA:657,0
DA:659,0
DA:660,0
DA:661,0
DA:662,0
DA:664,0
DA:665,0
DA:666,0
DA:667,0
DA:669,0
DA:670,0
DA:672,0
DA:673,0
DA:674,0
DA:675,0
DA:676,0
DA:677,0
DA:678,1
DA:683,1
DA:684,3
DA:685,3
DA:690,1
DA:691,0
DA:692,0
DA:693,0
DA:698,1
DA:699,0
DA:700,0
DA:705,1
DA:706,2
DA:707,2
LF:535
LH:425
BRDA:372,0,0,3
BRDA:375,1,0,3
BRDA:376,2,0,0
BRDA:396,3,0,3
BRDA:405,4,0,3
BRDA:414,5,0,0
BRDA:428,6,0,0
BRDA:439,7,0,3
BRDA:440,8,0,12
BRDA:441,9,0,0
BRDA:457,10,0,3
BRDA:458,11,0,18
BRDA:459,12,0,0
BRDA:475,13,0,6
BRDA:478,14,0,28
BRDA:480,15,0,4
BRDA:480,16,0,4
BRDA:480,17,0,4
BRDA:486,18,0,24
BRDA:499,19,0,6
BRDA:512,20,0,3
BRDA:515,21,0,0
BRDA:527,22,0,6
BRDA:531,23,0,0
BRDA:539,24,0,3
BRDA:540,25,0,0
BRDA:566,26,0,3
BRDA:571,27,0,1
BRDA:572,28,0,0
BRDA:683,29,0,3
BRDA:705,30,0,2
BRF:31
BRH:22
end_of_record
TN:
SF:src/configMigration.ts
FN:70,<instance_members_initializer>
FN:74,ConfigMigration
FN:88,initializeMigrations
FN:95,migrate
FN:145,rollback
FN:167,migrate
FN:189,rollback
FN:208,addMigration
FN:217,detectVersion
FN:237,inferVersionFromStructure
FN:255,getSchemaVersionForConfigVersion
FN:267,needsMigration
FN:276,getMigrationPath
FN:305,migrate
FN:431,createBackup
FN:454,restoreFromBackup
FN:483,listBackups
FN:529,getDeprecationWarnings
FN:558,getUpgradeSuggestions
FN:589,createMigrationFromCurrent
FN:618,createConfigMigration
FN:625,migrateConfig
FN:636,needsConfigMigration
FNF:23
FNH:16
FNDA:5,<instance_members_initializer>
FNDA:5,ConfigMigration
FNDA:5,initializeMigrations
FNDA:3,migrate
FNDA:0,rollback
FNDA:3,migrate
FNDA:0,rollback
FNDA:10,addMigration
FNDA:8,detectVersion
FNDA:8,inferVersionFromStructure
FNDA:8,getSchemaVersionForConfigVersion
FNDA:5,needsMigration
FNDA:3,getMigrationPath
FNDA:4,migrate
FNDA:2,createBackup
FNDA:0,restoreFromBackup
FNDA:0,listBackups
FNDA:0,getDeprecationWarnings
FNDA:0,getUpgradeSuggestions
FNDA:0,createMigrationFromCurrent
FNDA:2,createConfigMigration
FNDA:3,migrateConfig
FNDA:1,needsConfigMigration
DA:1,1
DA:2,1
DA:3,1
DA:4,1
DA:5,1
DA:8,1
DA:13,1
DA:14,1
DA:15,1
DA:16,1
DA:17,1
DA:18,1
DA:19,1
DA:63,1
DA:64,1
DA:69,1
DA:70,1
DA:71,5
DA:72,5
DA:74,1
DA:75,5
DA:76,5
DA:77,5
DA:80,5
DA:81,5
DA:82,5
DA:83,5
DA:88,1
DA:90,5
DA:91,5
DA:92,5
DA:93,5
DA:94,5
DA:95,5
DA:96,3
DA:97,3
DA:98,3
DA:99,3
DA:100,3
DA:101,3
DA:102,3
DA:103,3
DA:104,3
DA:105,3
DA:106,3
DA:107,3
DA:108,3
DA:109,3
DA:110,3
DA:111,3
DA:112,3
DA:113,3
DA:114,3
DA:115,3
DA:116,3
DA:117,3
DA:118,3
DA:119,3
DA:120,3
DA:121,3
DA:122,3
DA:123,3
DA:124,3
DA:125,3
DA:126,3
DA:127,3
DA:128,3
DA:129,3
DA:130,3
DA:131,3
DA:132,3
DA:133,3
DA:134,3
DA:135,3
DA:136,3
DA:137,3
DA:138,3
DA:139,3
DA:140,3
DA:141,3
DA:142,3
DA:143,3
DA:144,3
DA:145,5
DA:146,0
DA:147,0
DA:148,0
DA:149,0
DA:150,0
DA:151,0
DA:152,0
DA:153,0
DA:154,0
DA:155,0
DA:156,0
DA:157,0
DA:158,0
DA:159,5
DA:162,5
DA:163,5
DA:164,5
DA:165,5
DA:166,5
DA:167,5
DA:168,3
DA:169,3
DA:170,3
DA:171,3
DA:172,3
DA:173,3
DA:174,3
DA:175,3
DA:176,3
DA:177,3
DA:178,3
DA:179,3
DA:180,3
DA:181,3
DA:182,3
DA:183,3
DA:184,3
DA:185,3
DA:186,3
DA:187,3
DA:188,3
DA:189,5
DA:190,0
DA:191,0
DA:192,0
DA:193,0
DA:194,0
DA:195,0
DA:196,0
DA:197,0
DA:198,0
DA:199,0
DA:200,5
DA:202,5
DA:203,5
DA:208,1
DA:209,10
DA:210,10
DA:211,10
DA:212,10
DA:217,1
DA:219,8
DA:220,0
DA:221,0
DA:224,8
DA:226,8
DA:227,8
DA:228,8
DA:229,8
DA:230,8
DA:231,8
DA:232,8
DA:237,1
DA:239,8
DA:240,0
DA:241,0
DA:244,8
DA:245,0
DA:246,0
DA:249,8
DA:250,8
DA:255,1
DA:256,8
DA:257,8
DA:258,8
DA:259,8
DA:260,8
DA:261,8
DA:262,8
DA:267,1
DA:268,5
DA:269,5
DA:270,0
DA:271,5
DA:276,1
DA:277,3
DA:278,3
DA:280,3
DA:281,3
DA:283,3
DA:284,6
DA:287,6
DA:288,6
DA:290,6
DA:291,0
DA:292,0
DA:293,0
DA:295,6
DA:296,6
DA:297,6
DA:299,3
DA:300,3
DA:305,1
DA:306,4
DA:307,4
DA:308,4
DA:309,4
DA:310,4
DA:311,4
DA:312,4
DA:314,4
DA:315,4
DA:316,4
DA:317,4
DA:318,4
DA:319,4
DA:320,4
DA:321,4
DA:323,4
DA:325,4
DA:326,0
DA:327,0
DA:328,0
DA:330,4
DA:331,4
DA:333,4
DA:334,4
DA:335,4
DA:336,1
DA:337,1
DA:338,1
DA:341,3
DA:342,3
DA:345,4
DA:346,0
DA:347,0
DA:348,0
DA:349,0
DA:352,3
DA:354,4
DA:355,0
DA:356,0
DA:357,0
DA:360,4
DA:361,2
DA:362,2
DA:363,2
DA:366,3
DA:368,4
DA:369,6
DA:371,6
DA:372,0
DA:373,0
DA:374,0
DA:376,6
DA:377,6
DA:378,6
DA:381,6
DA:382,0
DA:383,0
DA:384,0
DA:386,6
DA:387,0
DA:388,0
DA:389,0
DA:390,6
DA:393,3
DA:394,3
DA:395,3
DA:396,3
DA:397,3
DA:398,3
DA:399,3
DA:402,3
DA:403,3
DA:404,4
DA:405,0
DA:406,0
DA:407,0
DA:410,3
DA:411,3
DA:412,3
DA:413,3
DA:414,4
DA:415,0
DA:416,0
DA:418,3
DA:420,4
DA:421,0
DA:422,0
DA:423,0
DA:425,3
DA:426,4
DA:431,1
DA:432,2
DA:433,2
DA:434,2
DA:436,2
DA:437,2
DA:438,2
DA:439,2
DA:440,2
DA:441,2
DA:442,2
DA:443,2
DA:445,2
DA:446,2
DA:448,2
DA:449,2
DA:454,1
DA:455,0
DA:456,0
DA:457,0
DA:458,0
DA:459,0
DA:461,0
DA:462,0
DA:465,0
DA:468,0
DA:469,0
DA:471,0
DA:472,0
DA:474,0
DA:475,0
DA:476,0
DA:477,0
DA:478,0
DA:483,1
DA:488,0
DA:489,0
DA:494,0
DA:496,0
DA:497,0
DA:498,0
DA:500,0
DA:502,0
DA:503,0
DA:504,0
DA:506,0
DA:507,0
DA:508,0
DA:509,0
DA:511,0
DA:512,0
DA:513,0
DA:514,0
DA:515,0
DA:516,0
DA:517,0
DA:518,0
DA:519,0
DA:520,0
DA:521,0
DA:523,0
DA:524,0
DA:529,1
DA:530,0
DA:531,0
DA:534,0
DA:535,0
DA:536,0
DA:537,0
DA:538,0
DA:539,0
DA:540,0
DA:541,0
DA:543,0
DA:544,0
DA:545,0
DA:546,0
DA:547,0
DA:548,0
DA:549,0
DA:550,0
DA:552,0
DA:553,0
DA:558,1
DA:559,0
DA:560,0
DA:562,0
DA:563,0
DA:564,0
DA:566,0
DA:567,0
DA:568,0
DA:571,0
DA:572,0
DA:573,0
DA:575,0
DA:576,0
DA:577,0
DA:579,0
DA:580,0
DA:581,0
DA:583,0
DA:584,0
DA:589,1
DA:590,0
DA:591,0
DA:592,0
DA:593,0
DA:594,0
DA:595,0
DA:596,0
DA:598,0
DA:599,0
DA:600,0
DA:602,0
DA:603,0
DA:604,0
DA:605,0
DA:606,0
DA:607,0
DA:608,0
DA:610,0
DA:611,0
DA:612,0
DA:613,1
DA:618,1
DA:619,2
DA:620,2
DA:625,3
DA:626,3
DA:627,3
DA:628,3
DA:629,3
DA:630,3
DA:631,3
DA:636,1
DA:637,1
DA:638,1
DA:639,1
DA:641,0
DA:642,0
DA:643,0
DA:644,0
DA:645,0
DA:646,0
DA:647,0
DA:648,0
DA:649,1
LF:435
LH:264
BRDA:70,0,0,5
BRDA:74,1,0,5
BRDA:88,2,0,5
BRDA:95,3,0,3
BRDA:110,4,0,0
BRDA:111,5,0,2
BRDA:112,6,0,2
BRDA:167,7,0,3
BRDA:208,8,0,10
BRDA:217,9,0,8
BRDA:219,10,0,0
BRDA:237,11,0,8
BRDA:239,12,0,0
BRDA:244,13,0,0
BRDA:244,14,0,0
BRDA:255,15,0,8
BRDA:257,16,0,0
BRDA:258,17,0,0
BRDA:260,18,0,0
BRDA:267,19,0,5
BRDA:269,20,0,0
BRDA:276,21,0,3
BRDA:283,22,0,6
BRDA:283,23,0,6
BRDA:290,24,0,0
BRDA:288,25,0,9
BRDA:305,26,0,4
BRDA:325,27,0,0
BRDA:335,28,0,1
BRDA:338,29,0,3
BRDA:345,30,0,0
BRDA:345,31,0,0
BRDA:349,32,0,3
BRDA:354,33,0,0
BRDA:354,34,0,0
BRDA:357,35,0,3
BRDA:360,36,0,2
BRDA:360,37,0,2
BRDA:363,38,0,3
BRDA:368,39,0,6
BRDA:371,40,0,0
BRDA:371,41,0,0
BRDA:381,42,0,0
BRDA:381,43,0,0
BRDA:386,44,0,0
BRDA:390,45,0,3
BRDA:404,46,0,0
BRDA:407,47,0,3
BRDA:414,48,0,0
BRDA:416,49,0,3
BRDA:420,50,0,0
BRDA:423,51,0,3
BRDA:431,52,0,2
BRDA:618,53,0,2
BRDA:625,54,0,3
BRDA:636,55,0,1
BRDA:639,56,0,0
BRF:57
BRH:33
end_of_record
TN:
SF:src/configSafeUpdater.ts
FN:1,(empty-report)
FNF:1
FNH:1
FNDA:1,(empty-report)
DA:8,0
DA:9,0
DA:10,0
DA:11,0
DA:12,0
DA:13,0
DA:14,0
DA:82,0
DA:83,0
DA:84,0
DA:85,0
DA:87,0
DA:88,0
DA:89,0
DA:90,0
DA:91,0
DA:92,0
DA:93,0
DA:94,0
DA:95,0
DA:96,0
DA:97,0
DA:98,0
DA:99,0
DA:100,0
DA:102,0
DA:103,0
DA:108,0
DA:109,0
DA:110,0
DA:111,0
DA:112,0
DA:113,0
DA:114,0
DA:115,0
DA:117,0
DA:118,0
DA:119,0
DA:120,0
DA:121,0
DA:123,0
DA:125,0
DA:128,0
DA:131,0
DA:134,0
DA:135,0
DA:136,0
DA:138,0
DA:139,0
DA:140,0
DA:141,0
DA:142,0
DA:143,0
DA:144,0
DA:145,0
DA:146,0
DA:147,0
DA:148,0
DA:149,0
DA:150,0
DA:151,0
DA:152,0
DA:153,0
DA:154,0
DA:155,0
DA:156,0
DA:159,0
DA:160,0
DA:163,0
DA:164,0
DA:165,0
DA:168,0
DA:170,0
DA:171,0
DA:172,0
DA:173,0
DA:174,0
DA:176,0
DA:177,0
DA:178,0
DA:179,0
DA:180,0
DA:181,0
DA:182,0
DA:185,0
DA:186,0
DA:187,0
DA:188,0
DA:189,0
DA:190,0
DA:191,0
DA:192,0
DA:194,0
DA:195,0
DA:196,0
DA:197,0
DA:198,0
DA:199,0
DA:200,0
DA:201,0
DA:202,0
DA:203,0
DA:204,0
DA:205,0
DA:206,0
DA:207,0
DA:208,0
DA:209,0
DA:214,0
DA:215,0
DA:221,0
DA:222,0
DA:224,0
DA:225,0
DA:227,0
DA:229,0
DA:230,0
DA:231,0
DA:232,0
DA:233,0
DA:236,0
DA:237,0
DA:238,0
DA:240,0
DA:241,0
DA:242,0
DA:243,0
DA:244,0
DA:245,0
DA:246,0
DA:247,0
DA:249,0
DA:251,0
DA:252,0
DA:253,0
DA:254,0
DA:256,0
DA:257,0
DA:258,0
DA:259,0
DA:260,0
DA:261,0
DA:262,0
DA:263,0
DA:264,0
DA:266,0
DA:267,0
DA:268,0
DA:269,0
DA:270,0
DA:271,0
DA:272,0
DA:273,0
DA:274,0
DA:275,0
DA:276,0
DA:277,0
DA:278,0
DA:279,0
DA:280,0
DA:281,0
DA:282,0
DA:284,0
DA:285,0
DA:286,0
DA:289,0
DA:290,0
DA:291,0
DA:292,0
DA:293,0
DA:294,0
DA:295,0
DA:297,0
DA:298,0
DA:299,0
DA:300,0
DA:301,0
DA:302,0
DA:303,0
DA:304,0
DA:309,0
DA:310,0
DA:311,0
DA:312,0
DA:313,0
DA:314,0
DA:316,0
DA:317,0
DA:322,0
DA:323,0
DA:324,0
DA:325,0
DA:326,0
DA:327,0
DA:332,0
DA:333,0
DA:334,0
DA:336,0
DA:338,0
DA:339,0
DA:340,0
DA:341,0
DA:344,0
DA:345,0
DA:346,0
DA:347,0
DA:350,0
DA:351,0
DA:353,0
DA:354,0
DA:355,0
DA:356,0
DA:357,0
DA:358,0
DA:359,0
DA:360,0
DA:361,0
DA:364,0
DA:365,0
DA:368,0
DA:370,0
DA:371,0
DA:372,0
DA:373,0
DA:374,0
DA:376,0
DA:377,0
DA:378,0
DA:380,0
DA:381,0
DA:382,0
DA:383,0
DA:384,0
DA:385,0
DA:386,0
DA:387,0
DA:388,0
DA:389,0
DA:390,0
DA:391,0
DA:392,0
DA:393,0
DA:394,0
DA:395,0
DA:400,0
DA:401,0
DA:402,0
DA:405,0
DA:406,0
DA:407,0
DA:408,0
DA:411,0
DA:412,0
DA:415,0
DA:416,0
DA:417,0
DA:418,0
DA:420,0
DA:421,0
DA:422,0
DA:423,0
DA:424,0
DA:425,0
DA:426,0
DA:427,0
DA:428,0
DA:429,0
DA:431,0
DA:432,0
DA:434,0
DA:435,0
DA:440,0
DA:441,0
DA:443,0
DA:444,0
DA:446,0
DA:447,0
DA:448,0
DA:449,0
DA:450,0
DA:451,0
DA:452,0
DA:453,0
DA:454,0
DA:455,0
DA:456,0
DA:457,0
DA:462,0
DA:463,0
DA:464,0
DA:465,0
DA:466,0
DA:467,0
DA:468,0
DA:469,0
DA:470,0
DA:472,0
DA:473,0
DA:474,0
DA:476,0
DA:477,0
DA:479,0
DA:480,0
DA:482,0
DA:483,0
DA:485,0
DA:486,0
DA:487,0
DA:488,0
DA:489,0
DA:491,0
DA:492,0
DA:493,0
DA:494,0
DA:499,0
DA:500,0
DA:502,0
DA:503,0
DA:504,0
DA:505,0
DA:506,0
DA:507,0
DA:508,0
DA:510,0
DA:511,0
DA:516,0
DA:517,0
DA:519,0
DA:520,0
DA:521,0
DA:522,0
DA:523,0
DA:524,0
DA:525,0
DA:526,0
DA:527,0
DA:529,0
DA:530,0
DA:535,0
DA:536,0
DA:538,0
DA:539,0
DA:540,0
DA:541,0
DA:542,0
DA:543,0
DA:544,0
DA:545,0
DA:548,0
DA:549,0
DA:550,0
DA:551,0
DA:552,0
DA:555,0
DA:556,0
DA:557,0
DA:559,0
DA:560,0
DA:561,0
DA:562,0
DA:563,0
DA:565,0
DA:566,0
DA:568,0
DA:569,0
DA:570,0
DA:571,0
DA:572,0
DA:573,0
DA:574,0
DA:575,0
DA:576,0
DA:577,0
DA:578,0
DA:579,0
DA:580,0
DA:581,0
DA:582,0
DA:587,0
DA:588,0
DA:589,0
DA:591,0
DA:592,0
DA:593,0
DA:595,0
DA:596,0
DA:597,0
DA:598,0
DA:601,0
DA:602,0
DA:603,0
DA:605,0
DA:606,0
DA:608,0
DA:609,0
DA:610,0
DA:611,0
DA:612,0
DA:613,0
DA:614,0
DA:619,0
DA:620,0
DA:621,0
DA:622,0
DA:625,0
DA:626,0
DA:627,0
DA:628,0
DA:629,0
DA:630,0
DA:631,0
DA:632,0
DA:633,0
DA:634,0
DA:635,0
DA:636,0
DA:641,0
DA:642,0
DA:643,0
DA:644,0
DA:646,0
DA:647,0
DA:648,0
DA:650,0
DA:651,0
DA:652,0
DA:653,0
DA:654,0
DA:655,0
DA:656,0
DA:657,0
DA:658,0
DA:659,0
DA:660,0
DA:665,0
DA:666,0
DA:667,0
DA:668,0
DA:670,0
DA:671,0
DA:672,0
DA:675,0
DA:676,0
DA:677,0
DA:678,0
DA:679,0
DA:680,0
DA:681,0
DA:684,0
DA:685,0
DA:686,0
DA:687,0
DA:688,0
DA:690,0
DA:691,0
DA:692,0
DA:693,0
DA:694,0
DA:695,0
DA:700,0
DA:703,0
DA:704,0
DA:705,0
DA:706,0
DA:707,0
DA:712,0
DA:713,0
DA:714,0
LF:468
LH:0
BRDA:1,0,0,1
BRF:1
BRH:1
end_of_record
TN:
SF:src/configValidator.ts
FN:49,<static_initializer>
FN:50,<instance_members_initializer>
FN:52,ConfigValidator
FN:57,getInstance
FN:67,initializeValidationRules
FN:91,validateFile
FN:126,validateConfiguration
FN:214,validateBasicSchema
FN:263,validateCrossFields
FN:321,validateSecurity
FN:384,validatePerformance
FN:422,generateSuggestions
FN:453,validatePathExists
FN:458,validatePathWritable
FN:463,validatePathsDifferent
FN:468,validatePathSafe
FN:473,validateMemoryLimits
FN:478,validateConcurrencyLimits
FN:483,validateFileSizeLimits
FN:488,validateNoPathTraversal
FN:493,validateFilePermissions
FN:498,validatePerformanceImpact
FN:503,validateOptimizationSettings
FN:512,createConfigValidator
FN:519,getConfigValidator
FN:526,validateConfigSchema
FN:540,validateConfig
FNF:27
FNH:16
FNDA:2,<static_initializer>
FNDA:1,<instance_members_initializer>
FNDA:1,ConfigValidator
FNDA:12,getInstance
FNDA:1,initializeValidationRules
FNDA:15,validateFile
FNDA:20,validateConfiguration
FNDA:20,validateBasicSchema
FNDA:19,validateCrossFields
FNDA:19,validateSecurity
FNDA:19,validatePerformance
FNDA:3,generateSuggestions
FNDA:0,validatePathExists
FNDA:0,validatePathWritable
FNDA:0,validatePathsDifferent
FNDA:0,validatePathSafe
FNDA:0,validateMemoryLimits
FNDA:0,validateConcurrencyLimits
FNDA:0,validateFileSizeLimits
FNDA:0,validateNoPathTraversal
FNDA:0,validateFilePermissions
FNDA:0,validatePerformanceImpact
FNDA:0,validateOptimizationSettings
FNDA:7,createConfigValidator
FNDA:5,getConfigValidator
FNDA:3,validateConfigSchema
FNDA:2,validateConfig
DA:8,1
DA:9,1
DA:10,1
DA:11,1
DA:12,1
DA:18,1
DA:48,1
DA:49,1
DA:50,1
DA:52,1
DA:53,1
DA:54,1
DA:55,1
DA:57,1
DA:58,12
DA:59,1
DA:60,1
DA:61,12
DA:62,12
DA:67,1
DA:69,1
DA:70,1
DA:71,1
DA:72,1
DA:75,1
DA:76,1
DA:77,1
DA:80,1
DA:81,1
DA:84,1
DA:85,1
DA:86,1
DA:91,1
DA:92,15
DA:93,15
DA:95,15
DA:96,15
DA:98,14
DA:99,14
DA:100,14
DA:101,14
DA:102,14
DA:103,14
DA:104,15
DA:105,15
DA:106,15
DA:107,1
DA:108,1
DA:109,1
DA:110,1
DA:111,1
DA:112,1
DA:113,1
DA:114,1
DA:115,1
DA:116,1
DA:117,1
DA:118,1
DA:119,1
DA:120,1
DA:121,15
DA:126,1
DA:127,20
DA:128,20
DA:129,20
DA:130,20
DA:131,20
DA:132,20
DA:134,20
DA:136,20
DA:138,20
DA:139,20
DA:140,1
DA:141,1
DA:143,19
DA:146,19
DA:147,19
DA:148,19
DA:149,19
DA:150,19
DA:153,19
DA:154,19
DA:155,19
DA:156,19
DA:157,19
DA:160,19
DA:161,19
DA:162,19
DA:163,19
DA:165,19
DA:167,19
DA:168,19
DA:169,19
DA:170,19
DA:171,19
DA:172,19
DA:173,19
DA:175,19
DA:176,19
DA:177,19
DA:178,19
DA:179,19
DA:180,19
DA:181,19
DA:182,19
DA:183,19
DA:184,20
DA:185,20
DA:186,20
DA:187,0
DA:189,0
DA:190,0
DA:191,0
DA:192,0
DA:193,0
DA:194,0
DA:195,0
DA:197,0
DA:198,0
DA:199,0
DA:200,0
DA:201,0
DA:202,0
DA:203,0
DA:204,0
DA:205,0
DA:206,0
DA:207,0
DA:208,0
DA:209,20
DA:214,1
DA:215,20
DA:217,20
DA:218,20
DA:220,20
DA:221,20
DA:222,20
DA:223,20
DA:224,20
DA:225,20
DA:226,20
DA:227,20
DA:228,20
DA:229,1
DA:230,1
DA:231,3
DA:232,3
DA:234,3
DA:235,3
DA:236,3
DA:237,3
DA:238,3
DA:239,3
DA:240,3
DA:241,3
DA:242,3
DA:243,3
DA:244,3
DA:245,1
DA:247,1
DA:248,1
DA:249,1
DA:250,1
DA:251,1
DA:252,1
DA:253,1
DA:254,1
DA:256,0
DA:257,0
DA:258,20
DA:263,1
DA:264,19
DA:265,19
DA:266,19
DA:267,19
DA:270,19
DA:271,19
DA:272,19
DA:274,19
DA:275,0
DA:276,0
DA:277,0
DA:278,0
DA:279,0
DA:280,0
DA:281,0
DA:282,0
DA:283,0
DA:284,0
DA:285,0
DA:286,0
DA:287,19
DA:288,19
DA:291,19
DA:292,0
DA:293,0
DA:294,0
DA:295,0
DA:296,0
DA:297,0
DA:298,0
DA:301,19
DA:302,1
DA:303,1
DA:304,1
DA:305,1
DA:306,1
DA:307,1
DA:309,19
DA:310,19
DA:311,19
DA:312,19
DA:313,19
DA:314,19
DA:315,19
DA:316,19
DA:321,1
DA:322,19
DA:323,19
DA:324,19
DA:325,19
DA:328,19
DA:329,19
DA:330,38
DA:331,0
DA:332,0
DA:333,0
DA:334,0
DA:335,0
DA:336,0
DA:337,0
DA:338,0
DA:339,0
DA:340,0
DA:341,0
DA:342,0
DA:343,38
DA:344,38
DA:347,19
DA:348,19
DA:349,19
DA:350,19
DA:351,19
DA:352,19
DA:353,0
DA:354,0
DA:355,0
DA:356,0
DA:357,0
DA:358,0
DA:359,0
DA:360,0
DA:361,0
DA:362,0
DA:363,0
DA:364,0
DA:365,19
DA:366,19
DA:367,0
DA:368,0
DA:369,19
DA:370,19
DA:372,19
DA:373,19
DA:374,19
DA:375,19
DA:376,19
DA:377,19
DA:378,19
DA:379,19
DA:384,1
DA:385,19
DA:386,19
DA:387,19
DA:390,19
DA:391,0
DA:392,0
DA:393,0
DA:394,19
DA:397,19
DA:398,0
DA:399,0
DA:400,0
DA:401,19
DA:404,19
DA:405,0
DA:406,0
DA:407,0
DA:408,19
DA:410,19
DA:411,19
DA:412,19
DA:413,19
DA:414,19
DA:415,19
DA:416,19
DA:417,19
DA:422,1
DA:423,3
DA:425,3
DA:426,3
DA:427,2
DA:428,2
DA:429,0
DA:430,0
DA:431,2
DA:433,3
DA:434,0
DA:435,0
DA:437,3
DA:438,0
DA:439,0
DA:441,3
DA:442,0
DA:443,0
DA:445,3
DA:446,1
DA:447,3
DA:449,3
DA:450,3
DA:453,1
DA:455,0
DA:456,0
DA:458,1
DA:460,0
DA:461,0
DA:463,1
DA:465,0
DA:466,0
DA:468,1
DA:470,0
DA:471,0
DA:473,1
DA:475,0
DA:476,0
DA:478,1
DA:480,0
DA:481,0
DA:483,1
DA:485,0
DA:486,0
DA:488,1
DA:490,0
DA:491,0
DA:493,1
DA:495,0
DA:496,0
DA:498,1
DA:500,0
DA:501,0
DA:503,1
DA:505,0
DA:506,0
DA:507,1
DA:512,1
DA:513,7
DA:514,7
DA:519,1
DA:520,5
DA:521,5
DA:526,3
DA:527,3
DA:528,3
DA:530,3
DA:531,3
DA:532,3
DA:533,3
DA:534,3
DA:535,3
DA:540,2
DA:541,2
DA:542,2
DA:543,2
LF:373
LH:267
BRDA:49,0,0,2
BRDA:50,1,0,1
BRDA:52,2,0,1
BRDA:57,3,0,12
BRDA:58,4,0,1
BRDA:67,5,0,1
BRDA:91,6,0,15
BRDA:95,7,0,0
BRDA:96,8,0,14
BRDA:104,9,0,13
BRDA:104,10,0,13
BRDA:104,11,0,1
BRDA:106,12,0,1
BRDA:110,13,0,0
BRDA:126,14,0,20
BRDA:139,15,0,1
BRDA:141,16,0,19
BRDA:184,17,0,0
BRDA:186,18,0,0
BRDA:214,19,0,20
BRDA:228,20,0,1
BRDA:254,21,0,0
BRDA:230,22,0,3
BRDA:263,23,0,19
BRDA:274,24,0,0
BRDA:291,25,0,0
BRDA:291,26,0,0
BRDA:301,27,0,1
BRDA:321,28,0,19
BRDA:329,29,0,38
BRDA:330,30,0,0
BRDA:352,31,0,0
BRDA:366,32,0,0
BRDA:384,33,0,19
BRDA:390,34,0,0
BRDA:397,35,0,0
BRDA:397,36,0,0
BRDA:397,37,0,0
BRDA:404,38,0,0
BRDA:404,39,0,0
BRDA:404,40,0,0
BRDA:422,41,0,3
BRDA:426,42,0,2
BRDA:428,43,0,1
BRDA:428,44,0,0
BRDA:433,45,0,0
BRDA:437,46,0,0
BRDA:441,47,0,0
BRDA:445,48,0,1
BRDA:512,49,0,7
BRDA:519,50,0,5
BRDA:526,51,0,3
BRDA:532,52,0,0
BRDA:533,53,0,0
BRDA:540,54,0,2
BRF:55
BRH:31
end_of_record
TN:
SF:src/configWatcher.ts
FN:83,<instance_members_initializer>
FN:91,ConfigWatcher
FN:133,start
FN:199,stop
FN:228,addWatch
FN:241,removeWatch
FN:255,getWatchedFiles
FN:262,getConfigHistory
FN:269,validateFile
FN:296,setupWatcherEvents
FN:335,handleFileChange
FN:380,processFileChange
FN:455,loadConfigFile
FN:488,addToHistory
FN:504,backupConfiguration
FN:520,isConfigFile
FN:536,createConfigWatcher
FN:543,watchConfigFile
FNF:18
FNH:11
FNDA:2,<instance_members_initializer>
FNDA:2,ConfigWatcher
FNDA:2,start
FNDA:2,stop
FNDA:0,addWatch
FNDA:0,removeWatch
FNDA:0,getWatchedFiles
FNDA:0,getConfigHistory
FNDA:0,validateFile
FNDA:2,setupWatcherEvents
FNDA:2,handleFileChange
FNDA:2,processFileChange
FNDA:2,loadConfigFile
FNDA:2,addToHistory
FNDA:0,backupConfiguration
FNDA:0,isConfigFile
FNDA:2,createConfigWatcher
FNDA:2,watchConfigFile
DA:8,1
DA:9,1
DA:10,1
DA:11,1
DA:12,1
DA:13,1
DA:14,1
DA:82,1
DA:83,1
DA:84,2
DA:85,2
DA:86,2
DA:87,2
DA:88,2
DA:89,2
DA:91,1
DA:92,2
DA:94,2
DA:95,2
DA:96,2
DA:97,2
DA:98,2
DA:99,2
DA:100,2
DA:101,2
DA:102,2
DA:103,2
DA:104,2
DA:105,2
DA:106,2
DA:107,2
DA:108,2
DA:109,2
DA:110,2
DA:111,2
DA:112,2
DA:113,2
DA:114,2
DA:115,2
DA:116,2
DA:117,2
DA:118,2
DA:119,2
DA:120,2
DA:121,2
DA:122,2
DA:123,2
DA:124,2
DA:125,2
DA:127,2
DA:128,2
DA:133,1
DA:134,2
DA:135,0
DA:136,0
DA:137,0
DA:139,2
DA:140,0
DA:141,0
DA:142,0
DA:144,2
DA:146,2
DA:147,2
DA:148,2
DA:149,2
DA:151,2
DA:152,2
DA:153,2
DA:154,2
DA:155,2
DA:156,2
DA:157,2
DA:158,2
DA:159,2
DA:160,2
DA:162,2
DA:163,2
DA:166,2
DA:167,2
DA:168,0
DA:169,2
DA:171,2
DA:172,2
DA:173,2
DA:174,2
DA:176,2
DA:177,0
DA:178,0
DA:179,2
DA:180,2
DA:182,2
DA:183,2
DA:184,2
DA:185,0
DA:186,0
DA:187,0
DA:188,0
DA:189,0
DA:190,0
DA:191,0
DA:192,0
DA:193,0
DA:194,2
DA:199,1
DA:200,2
DA:201,0
DA:202,0
DA:204,2
DA:207,2
DA:208,2
DA:209,0
DA:210,0
DA:211,2
DA:213,2
DA:214,2
DA:216,2
DA:217,2
DA:218,2
DA:219,2
DA:221,2
DA:222,2
DA:223,2
DA:228,1
DA:229,0
DA:230,0
DA:231,0
DA:233,0
DA:234,0
DA:235,0
DA:236,0
DA:241,1
DA:242,0
DA:243,0
DA:244,0
DA:246,0
DA:247,0
DA:248,0
DA:249,0
DA:250,0
DA:255,1
DA:256,0
DA:257,0
DA:262,1
DA:263,0
DA:264,0
DA:269,1
DA:270,0
DA:272,0
DA:273,0
DA:274,0
DA:276,0
DA:277,0
DA:278,0
DA:279,0
DA:281,0
DA:282,0
DA:283,0
DA:284,0
DA:285,0
DA:286,0
DA:288,0
DA:289,0
DA:290,0
DA:291,0
DA:296,1
DA:297,2
DA:298,0
DA:299,0
DA:301,2
DA:302,0
DA:303,0
DA:304,0
DA:305,0
DA:306,2
DA:308,2
DA:309,2
DA:310,2
DA:311,2
DA:313,2
DA:314,0
DA:315,0
DA:316,0
DA:317,0
DA:318,0
DA:319,2
DA:321,2
DA:322,0
DA:323,0
DA:324,2
DA:326,2
DA:327,2
DA:328,2
DA:329,2
DA:330,2
DA:335,1
DA:336,2
DA:339,2
DA:340,2
DA:341,2
DA:342,2
DA:343,2
DA:344,2
DA:345,2
DA:346,2
DA:347,2
DA:348,2
DA:349,2
DA:352,2
DA:353,0
DA:354,0
DA:357,2
DA:358,2
DA:359,2
DA:362,2
DA:363,2
DA:364,2
DA:365,2
DA:366,2
DA:367,0
DA:368,0
DA:369,2
DA:372,2
DA:373,2
DA:374,2
DA:375,2
DA:380,1
DA:381,2
DA:382,2
DA:384,2
DA:385,2
DA:386,2
DA:387,2
DA:388,2
DA:390,2
DA:391,2
DA:392,2
DA:393,2
DA:394,2
DA:395,2
DA:396,2
DA:398,2
DA:399,2
DA:401,0
DA:402,0
DA:403,0
DA:404,0
DA:407,2
DA:408,0
DA:409,0
DA:412,2
DA:413,2
DA:414,2
DA:416,2
DA:417,2
DA:418,2
DA:420,2
DA:421,2
DA:422,2
DA:423,2
DA:425,2
DA:426,2
DA:428,0
DA:429,0
DA:430,0
DA:431,0
DA:432,0
DA:433,0
DA:435,2
DA:436,2
DA:437,0
DA:439,0
DA:440,0
DA:441,0
DA:442,0
DA:443,0
DA:444,0
DA:446,0
DA:447,0
DA:448,0
DA:449,0
DA:450,2
DA:455,1
DA:456,2
DA:457,0
DA:458,0
DA:460,2
DA:461,2
DA:464,2
DA:465,2
DA:466,2
DA:467,2
DA:470,0
DA:471,0
DA:473,0
DA:474,0
DA:475,2
DA:476,0
DA:477,0
DA:478,0
DA:479,0
DA:480,0
DA:481,0
DA:482,0
DA:483,2
DA:488,1
DA:489,2
DA:490,2
DA:491,2
DA:492,2
DA:493,2
DA:496,2
DA:497,0
DA:498,0
DA:499,2
DA:504,1
DA:505,0
DA:508,0
DA:511,0
DA:512,0
DA:513,0
DA:514,0
DA:515,0
DA:520,1
DA:521,0
DA:522,0
DA:523,0
DA:524,0
DA:525,0
DA:526,0
DA:527,0
DA:529,0
DA:530,0
DA:531,1
DA:536,1
DA:537,2
DA:538,2
DA:543,2
DA:544,2
DA:545,2
DA:546,2
DA:547,2
LF:341
LH:211
BRDA:83,0,0,2
BRDA:91,1,0,2
BRDA:133,2,0,2
BRDA:134,3,0,0
BRDA:139,4,0,0
BRDA:144,5,0,0
BRDA:184,6,0,0
BRDA:166,7,0,2
BRDA:171,8,0,2
BRDA:199,9,0,2
BRDA:200,10,0,0
BRDA:208,11,0,0
BRDA:296,12,0,2
BRDA:297,13,0,0
BRDA:308,14,0,2
BRDA:326,15,0,2
BRDA:335,16,0,2
BRDA:352,17,0,0
BRDA:366,18,0,0
BRDA:372,19,0,2
BRDA:380,20,0,2
BRDA:399,21,0,0
BRDA:407,22,0,0
BRDA:426,23,0,0
BRDA:436,24,0,0
BRDA:455,25,0,2
BRDA:456,26,0,0
BRDA:467,27,0,0
BRDA:475,28,0,0
BRDA:488,29,0,2
BRDA:496,30,0,0
BRDA:536,31,0,2
BRDA:543,32,0,2
BRF:33
BRH:16
end_of_record
TN:
SF:src/cssGeneration.ts
FN:175,CssGenerationError
FN:186,InvalidCssError
FN:197,ApplyDirectiveError
FN:208,PatternClassificationError
FN:294,validateCssGenerationOptions
FN:308,validateCssRule
FN:320,validateTailwindClass
FN:353,isValidCssSelector
FN:371,isValidCssPropertyValue
FN:402,sanitizeCssSelector
FN:422,extractSourceClasses
FN:428,calculateComplexity
FN:457,calculateCoOccurrenceStrength
FN:482,formatCssSelector
FN:492,formatCssDeclaration
FN:496,formatCssRule
FN:521,generateCssRules
FN:682,generateCssSelector
FN:724,generateShortName
FN:741,generateMediumName
FN:758,generateLongName
FN:770,generatePrettyName
FN:794,abbreviateClassName
FN:845,generateSemanticName
FN:873,analyzeSemanticGroups
FN:929,generateLayoutName
FN:948,generateTypographyName
FN:961,generateColorName
FN:976,generateSpacingName
FN:991,generateGenericName
FN:1004,generateCssDeclarations
FN:1022,tailwindClassToCssDeclaration
FN:1096,convertTailwindValue
FN:1123,convertTailwindColor
FN:1149,generateApplyDirective
FN:1200,validateApplyDirective
FN:1268,optimizeApplyDirective
FN:1322,parseClassWithVariants
FN:1378,groupClassesByVariants
FN:1412,getVariantPriority
FN:1474,getClassPriority
FN:1504,detectClassConflicts
FN:1538,getCssProperty
FN:1564,optimizeClassOrder
FN:1591,optimizeForAtomic
FN:1599,optimizeForUtility
FN:1611,optimizeForComponent
FN:1637,isRedundantInAtomic
FN:1657,getUtilityGroup
FN:1673,getComponentCategory
FN:1692,extractVariants
FN:1703,extractModifiers
FN:1715,classifyPattern
FN:1791,determinePrimarySemanticGroup
FN:1814,determinePatternType
FN:1855,hasMultipleSemanticGroups
FN:1868,isComponentLikePattern
FN:1917,calculateClassificationConfidence
FN:2005,generateRecommendedStrategy
FN:2068,analyzePatternCharacteristics
FN:2136,sortCssRulesAdvanced
FN:2199,analyzePatternRelationships
FN:2362,calculateSemanticSimilarity
FN:2403,sortCssRules
FN:2453,sortByFrequency
FN:2479,sortAlphabetically
FN:2493,sortBySpecificity
FN:2528,getPatternTypePriority
FN:2547,calculateCssSpecificity
FN:2603,createAdvancedSortFunction
FN:2647,createDeliverySortFunction
FN:2661,createDevelopmentSortFunction
FN:2675,validateRuleOrder
FN:2734,generateContextualSortFunction
FN:2780,generateCssComments
FN:2924,generateRuleSpecificComments
FN:2984,calculatePatternTypeBreakdown
FN:3003,calculateFrequencyDistribution
FN:3035,generateOptimizationRecommendations
FN:3126,generatePerformanceInsights
FN:3204,calculatePerformanceScore
FN:3252,generateSectionComments
FN:3286,getSectionDescription
FN:3302,generateRuleComment
FN:3333,generateCssDocumentation
FN:3381,integrateCssGeneration
FN:3632,calculateCompressionRatio
FN:3664,calculateOptimizationsSaved
FN:3703,generateOptimizedCss
FN:3796,formatCssOutput
FN:3849,EnhancedCSSGenerator
FN:3862,initializePostCSS
FN:3915,generateEnhancedCSS
FN:4015,generateBasicCSS
FN:4054,processWithPostCSS
FN:4140,getPostCSSMetrics
FN:4168,updatePostCSSConfig
FNF:97
FNH:62
FNDA:7,CssGenerationError
FNDA:1,InvalidCssError
FNDA:3,ApplyDirectiveError
FNDA:1,PatternClassificationError
FNDA:3,validateCssGenerationOptions
FNDA:0,validateCssRule
FNDA:131,validateTailwindClass
FNDA:6,isValidCssSelector
FNDA:4,isValidCssPropertyValue
FNDA:4,sanitizeCssSelector
FNDA:239,extractSourceClasses
FNDA:140,calculateComplexity
FNDA:140,calculateCoOccurrenceStrength
FNDA:16,formatCssSelector
FNDA:0,formatCssDeclaration
FNDA:12,formatCssRule
FNDA:8,generateCssRules
FNDA:121,generateCssSelector
FNDA:0,generateShortName
FNDA:0,generateMediumName
FNDA:0,generateLongName
FNDA:121,generatePrettyName
FNDA:0,abbreviateClassName
FNDA:0,generateSemanticName
FNDA:245,analyzeSemanticGroups
FNDA:8,generateLayoutName
FNDA:8,generateTypographyName
FNDA:8,generateColorName
FNDA:0,generateSpacingName
FNDA:97,generateGenericName
FNDA:0,generateCssDeclarations
FNDA:0,tailwindClassToCssDeclaration
FNDA:0,convertTailwindValue
FNDA:0,convertTailwindColor
FNDA:20,generateApplyDirective
FNDA:11,validateApplyDirective
FNDA:1,optimizeApplyDirective
FNDA:24,parseClassWithVariants
FNDA:19,groupClassesByVariants
FNDA:8,getVariantPriority
FNDA:6,getClassPriority
FNDA:19,detectClassConflicts
FNDA:24,getCssProperty
FNDA:19,optimizeClassOrder
FNDA:0,optimizeForAtomic
FNDA:0,optimizeForUtility
FNDA:0,optimizeForComponent
FNDA:0,isRedundantInAtomic
FNDA:0,getUtilityGroup
FNDA:0,getComponentCategory
FNDA:19,extractVariants
FNDA:19,extractModifiers
FNDA:124,classifyPattern
FNDA:124,determinePrimarySemanticGroup
FNDA:124,determinePatternType
FNDA:9,hasMultipleSemanticGroups
FNDA:18,isComponentLikePattern
FNDA:124,calculateClassificationConfidence
FNDA:124,generateRecommendedStrategy
FNDA:0,analyzePatternCharacteristics
FNDA:1,sortCssRulesAdvanced
FNDA:1,analyzePatternRelationships
FNDA:3,calculateSemanticSimilarity
FNDA:8,sortCssRules
FNDA:1,sortByFrequency
FNDA:1,sortAlphabetically
FNDA:6,sortBySpecificity
FNDA:0,getPatternTypePriority
FNDA:34,calculateCssSpecificity
FNDA:0,createAdvancedSortFunction
FNDA:0,createDeliverySortFunction
FNDA:0,createDevelopmentSortFunction
FNDA:5,validateRuleOrder
FNDA:0,generateContextualSortFunction
FNDA:10,generateCssComments
FNDA:4,generateRuleSpecificComments
FNDA:17,calculatePatternTypeBreakdown
FNDA:5,calculateFrequencyDistribution
FNDA:6,generateOptimizationRecommendations
FNDA:0,generatePerformanceInsights
FNDA:0,calculatePerformanceScore
FNDA:6,generateSectionComments
FNDA:12,getSectionDescription
FNDA:0,generateRuleComment
FNDA:0,generateCssDocumentation
FNDA:5,integrateCssGeneration
FNDA:5,calculateCompressionRatio
FNDA:5,calculateOptimizationsSaved
FNDA:1,generateOptimizedCss
FNDA:1,formatCssOutput
FNDA:0,EnhancedCSSGenerator
FNDA:0,initializePostCSS
FNDA:0,generateEnhancedCSS
FNDA:0,generateBasicCSS
FNDA:0,processWithPostCSS
FNDA:0,getPostCSSMetrics
FNDA:0,updatePostCSSConfig
DA:8,1
DA:14,1
DA:15,1
DA:17,1
DA:37,1
DA:38,1
DA:39,1
DA:40,1
DA:41,1
DA:42,1
DA:43,1
DA:44,1
DA:45,1
DA:46,1
DA:47,1
DA:48,1
DA:49,1
DA:50,1
DA:51,1
DA:52,1
DA:53,1
DA:54,1
DA:55,1
DA:56,1
DA:57,1
DA:58,1
DA:59,1
DA:60,1
DA:61,1
DA:62,1
DA:63,1
DA:64,1
DA:65,1
DA:66,1
DA:67,1
DA:68,1
DA:69,1
DA:71,1
DA:73,1
DA:74,1
DA:75,1
DA:76,1
DA:77,1
DA:78,1
DA:79,1
DA:80,1
DA:81,1
DA:82,1
DA:174,1
DA:175,1
DA:176,7
DA:177,7
DA:178,7
DA:179,7
DA:180,7
DA:181,7
DA:182,7
DA:183,1
DA:185,1
DA:186,1
DA:187,1
DA:188,1
DA:189,1
DA:190,1
DA:191,1
DA:192,1
DA:193,1
DA:194,1
DA:196,1
DA:197,1
DA:198,3
DA:199,3
DA:200,3
DA:201,3
DA:202,3
DA:203,3
DA:204,3
DA:205,1
DA:207,1
DA:208,1
DA:209,1
DA:210,1
DA:211,1
DA:212,1
DA:213,1
DA:214,1
DA:215,1
DA:219,1
DA:220,1
DA:221,1
DA:222,1
DA:223,1
DA:224,1
DA:225,1
DA:226,1
DA:227,1
DA:228,1
DA:229,1
DA:230,1
DA:231,1
DA:232,1
DA:233,1
DA:234,1
DA:235,1
DA:236,1
DA:238,1
DA:239,1
DA:240,1
DA:241,1
DA:242,1
DA:243,1
DA:244,1
DA:245,1
DA:246,1
DA:247,1
DA:248,1
DA:249,1
DA:250,1
DA:251,1
DA:252,1
DA:253,1
DA:254,1
DA:255,1
DA:256,1
DA:257,1
DA:258,1
DA:259,1
DA:260,1
DA:261,1
DA:262,1
DA:263,1
DA:265,1
DA:266,1
DA:267,1
DA:268,1
DA:269,1
DA:270,1
DA:271,1
DA:272,1
DA:273,1
DA:274,1
DA:276,1
DA:277,1
DA:278,1
DA:279,1
DA:280,1
DA:281,1
DA:282,1
DA:283,1
DA:284,1
DA:285,1
DA:286,1
DA:287,1
DA:288,1
DA:289,1
DA:290,1
DA:294,1
DA:295,3
DA:296,3
DA:297,3
DA:298,3
DA:299,3
DA:300,1
DA:301,1
DA:302,1
DA:303,1
DA:304,1
DA:305,1
DA:306,3
DA:308,1
DA:309,0
DA:310,0
DA:311,0
DA:312,0
DA:313,0
DA:314,0
DA:315,0
DA:316,0
DA:317,0
DA:318,0
DA:320,1
DA:322,131
DA:323,0
DA:324,0
DA:327,131
DA:328,131
DA:329,131
DA:330,131
DA:331,131
DA:332,131
DA:333,131
DA:336,131
DA:337,131
DA:338,131
DA:339,131
DA:340,131
DA:341,131
DA:342,131
DA:343,131
DA:344,131
DA:345,131
DA:346,131
DA:348,131
DA:349,131
DA:353,1
DA:354,6
DA:356,6
DA:359,5
DA:360,5
DA:362,5
DA:363,5
DA:364,2
DA:366,6
DA:367,0
DA:368,0
DA:369,6
DA:371,1
DA:372,4
DA:373,4
DA:374,4
DA:375,4
DA:376,4
DA:377,4
DA:378,4
DA:379,3
DA:380,3
DA:381,4
DA:382,1
DA:383,1
DA:386,4
DA:387,1
DA:388,1
DA:391,4
DA:392,1
DA:393,1
DA:396,1
DA:397,4
DA:398,0
DA:399,0
DA:400,4
DA:402,1
DA:403,4
DA:404,4
DA:406,4
DA:407,4
DA:408,4
DA:409,4
DA:412,4
DA:413,0
DA:414,0
DA:416,4
DA:417,4
DA:418,0
DA:419,0
DA:420,4
DA:422,1
DA:425,239
DA:426,239
DA:428,1
DA:429,140
DA:430,140
DA:431,140
DA:434,140
DA:437,140
DA:438,0
DA:439,0
DA:440,0
DA:443,140
DA:444,140
DA:445,112
DA:446,112
DA:447,18
DA:450,140
DA:451,26
DA:452,26
DA:454,140
DA:455,140
DA:457,1
DA:458,140
DA:459,140
DA:460,140
DA:461,140
DA:463,140
DA:466,140
DA:467,114
DA:468,114
DA:471,26
DA:472,140
DA:473,61
DA:474,61
DA:476,26
DA:477,26
DA:479,26
DA:480,26
DA:482,1
DA:484,16
DA:485,16
DA:486,16
DA:489,16
DA:490,16
DA:492,1
DA:493,0
DA:494,0
DA:496,1
DA:497,12
DA:498,12
DA:499,12
DA:500,12
DA:501,12
DA:502,12
DA:504,12
DA:506,12
DA:507,12
DA:508,12
DA:509,0
DA:510,0
DA:511,0
DA:512,0
DA:514,12
DA:516,12
DA:517,12
DA:521,1
DA:522,8
DA:525,8
DA:526,8
DA:527,8
DA:529,8
DA:531,8
DA:532,8
DA:534,8
DA:536,6
DA:537,6
DA:538,8
DA:540,2
DA:541,2
DA:544,2
DA:545,2
DA:547,6
DA:548,6
DA:549,6
DA:551,0
DA:552,0
DA:553,0
DA:554,0
DA:555,0
DA:556,0
DA:557,0
DA:558,0
DA:559,0
DA:560,0
DA:561,0
DA:562,0
DA:563,0
DA:564,0
DA:565,0
DA:566,0
DA:567,0
DA:568,0
DA:569,6
DA:570,2
DA:572,2
DA:575,2
DA:576,2
DA:577,2
DA:578,2
DA:581,8
DA:582,8
DA:583,8
DA:585,8
DA:587,121
DA:590,121
DA:591,121
DA:592,0
DA:593,121
DA:594,0
DA:595,0
DA:598,121
DA:601,121
DA:604,121
DA:605,121
DA:607,0
DA:608,0
DA:609,0
DA:611,0
DA:612,0
DA:613,0
DA:614,0
DA:615,0
DA:616,0
DA:617,121
DA:619,121
DA:620,121
DA:621,121
DA:622,121
DA:624,121
DA:625,105
DA:626,105
DA:629,16
DA:630,16
DA:631,16
DA:632,16
DA:633,16
DA:634,16
DA:635,16
DA:636,16
DA:637,16
DA:640,16
DA:641,16
DA:642,16
DA:643,16
DA:644,16
DA:645,16
DA:646,16
DA:647,16
DA:649,0
DA:650,0
DA:651,121
DA:652,0
DA:653,0
DA:656,121
DA:657,16
DA:658,16
DA:659,121
DA:662,8
DA:663,2
DA:664,2
DA:665,2
DA:666,2
DA:667,2
DA:669,8
DA:670,8
DA:671,0
DA:672,0
DA:673,0
DA:674,0
DA:675,0
DA:676,0
DA:677,8
DA:682,121
DA:683,121
DA:684,121
DA:685,121
DA:687,121
DA:688,0
DA:689,0
DA:692,121
DA:693,121
DA:694,0
DA:696,121
DA:698,0
DA:699,0
DA:700,0
DA:701,0
DA:702,0
DA:703,0
DA:704,0
DA:705,0
DA:706,0
DA:707,0
DA:709,121
DA:710,121
DA:712,121
DA:714,0
DA:716,121
DA:717,0
DA:718,121
DA:719,0
DA:724,0
DA:725,0
DA:726,0
DA:729,0
DA:730,0
DA:731,0
DA:732,0
DA:733,0
DA:735,0
DA:736,0
DA:741,0
DA:742,0
DA:743,0
DA:746,0
DA:747,0
DA:748,0
DA:749,0
DA:750,0
DA:752,0
DA:753,0
DA:758,0
DA:759,0
DA:760,0
DA:763,0
DA:764,0
DA:765,0
DA:770,121
DA:771,121
DA:772,121
DA:775,121
DA:778,121
DA:779,8
DA:780,121
DA:781,8
DA:782,113
DA:783,8
DA:784,105
DA:785,0
DA:786,97
DA:787,97
DA:788,97
DA:789,121
DA:794,0
DA:796,0
DA:797,0
DA:798,0
DA:799,0
DA:800,0
DA:801,0
DA:802,0
DA:803,0
DA:804,0
DA:805,0
DA:806,0
DA:807,0
DA:808,0
DA:809,0
DA:810,0
DA:811,0
DA:812,0
DA:813,0
DA:814,0
DA:815,0
DA:816,0
DA:817,0
DA:818,0
DA:819,0
DA:820,0
DA:821,0
DA:822,0
DA:823,0
DA:824,0
DA:827,0
DA:828,0
DA:829,0
DA:832,0
DA:833,0
DA:834,0
DA:835,0
DA:836,0
DA:839,0
DA:840,0
DA:845,0
DA:846,0
DA:849,0
DA:850,0
DA:851,0
DA:852,0
DA:853,0
DA:854,0
DA:855,0
DA:856,0
DA:857,0
DA:858,0
DA:859,0
DA:860,0
DA:861,0
DA:862,0
DA:863,0
DA:864,0
DA:865,0
DA:866,0
DA:867,0
DA:868,0
DA:873,245
DA:880,245
DA:881,245
DA:882,245
DA:883,245
DA:884,245
DA:885,245
DA:886,245
DA:887,245
DA:888,245
DA:890,245
DA:891,245
DA:892,245
DA:893,245
DA:894,245
DA:896,245
DA:897,245
DA:898,245
DA:899,245
DA:900,245
DA:901,17
DA:902,17
DA:903,228
DA:904,228
DA:905,228
DA:906,228
DA:907,17
DA:908,228
DA:909,17
DA:910,211
DA:911,0
DA:912,0
DA:913,194
DA:914,194
DA:915,194
DA:916,194
DA:917,0
DA:918,194
DA:919,194
DA:920,194
DA:921,245
DA:923,245
DA:924,245
DA:929,8
DA:930,8
DA:931,8
DA:932,8
DA:933,0
DA:934,0
DA:935,0
DA:936,0
DA:937,0
DA:938,0
DA:939,0
DA:940,0
DA:941,0
DA:942,0
DA:943,8
DA:948,8
DA:949,8
DA:950,8
DA:951,8
DA:952,0
DA:953,0
DA:954,0
DA:955,0
DA:956,8
DA:961,8
DA:962,8
DA:963,8
DA:964,8
DA:965,0
DA:966,0
DA:967,0
DA:968,0
DA:969,0
DA:970,0
DA:971,8
DA:976,0
DA:977,0
DA:978,0
DA:979,0
DA:980,0
DA:981,0
DA:982,0
DA:983,0
DA:984,0
DA:985,0
DA:986,0
DA:991,97
DA:992,97
DA:993,97
DA:994,97
DA:995,0
DA:996,0
DA:997,0
DA:998,0
DA:999,97
DA:1004,0
DA:1005,0
DA:1009,0
DA:1010,0
DA:1011,0
DA:1012,0
DA:1013,0
DA:1014,0
DA:1016,0
DA:1017,0
DA:1022,0
DA:1024,0
DA:1025,0
DA:1026,0
DA:1027,0
DA:1030,0
DA:1031,0
DA:1032,0
DA:1033,0
DA:1034,0
DA:1035,0
DA:1036,0
DA:1037,0
DA:1038,0
DA:1039,0
DA:1040,0
DA:1041,0
DA:1042,0
DA:1043,0
DA:1044,0
DA:1045,0
DA:1046,0
DA:1047,0
DA:1048,0
DA:1049,0
DA:1050,0
DA:1051,0
DA:1052,0
DA:1053,0
DA:1054,0
DA:1055,0
DA:1056,0
DA:1057,0
DA:1058,0
DA:1059,0
DA:1060,0
DA:1061,0
DA:1062,0
DA:1065,0
DA:1066,0
DA:1067,0
DA:1070,0
DA:1071,0
DA:1072,0
DA:1073,0
DA:1074,0
DA:1075,0
DA:1076,0
DA:1077,0
DA:1078,0
DA:1079,0
DA:1080,0
DA:1081,0
DA:1082,0
DA:1083,0
DA:1084,0
DA:1085,0
DA:1086,0
DA:1087,0
DA:1088,0
DA:1090,0
DA:1091,0
DA:1096,0
DA:1097,0
DA:1098,0
DA:1099,0
DA:1100,0
DA:1101,0
DA:1102,0
DA:1103,0
DA:1104,0
DA:1105,0
DA:1106,0
DA:1107,0
DA:1108,0
DA:1109,0
DA:1110,0
DA:1111,0
DA:1112,0
DA:1113,0
DA:1114,0
DA:1115,0
DA:1117,0
DA:1118,0
DA:1123,0
DA:1124,0
DA:1125,0
DA:1126,0
DA:1127,0
DA:1128,0
DA:1129,0
DA:1130,0
DA:1131,0
DA:1132,0
DA:1133,0
DA:1134,0
DA:1135,0
DA:1136,0
DA:1137,0
DA:1138,0
DA:1139,0
DA:1140,0
DA:1141,0
DA:1142,0
DA:1143,0
DA:1144,0
DA:1146,0
DA:1147,0
DA:1149,1
DA:1150,20
DA:1151,20
DA:1152,20
DA:1153,20
DA:1155,20
DA:1156,1
DA:1157,1
DA:1158,1
DA:1159,1
DA:1160,1
DA:1161,1
DA:1164,19
DA:1167,19
DA:1170,19
DA:1173,19
DA:1176,19
DA:1179,19
DA:1182,19
DA:1184,19
DA:1185,19
DA:1186,19
DA:1187,19
DA:1188,19
DA:1189,19
DA:1190,19
DA:1191,19
DA:1192,20
DA:1193,1
DA:1194,1
DA:1195,1
DA:1196,1
DA:1197,1
DA:1198,20
DA:1200,1
DA:1201,11
DA:1202,11
DA:1203,11
DA:1205,11
DA:1207,11
DA:1208,10
DA:1209,0
DA:1210,0
DA:1213,10
DA:1214,0
DA:1215,0
DA:1218,10
DA:1219,10
DA:1220,10
DA:1221,0
DA:1222,0
DA:1223,10
DA:1225,10
DA:1226,10
DA:1230,11
DA:1231,1
DA:1232,1
DA:1233,1
DA:1234,1
DA:1235,1
DA:1238,1
DA:1239,0
DA:1240,0
DA:1241,0
DA:1242,0
DA:1243,0
DA:1244,0
DA:1245,1
DA:1248,11
DA:1249,0
DA:1250,0
DA:1251,0
DA:1252,0
DA:1253,0
DA:1254,0
DA:1255,0
DA:1257,1
DA:1258,11
DA:1259,0
DA:1260,0
DA:1261,0
DA:1262,0
DA:1263,0
DA:1264,0
DA:1265,0
DA:1266,11
DA:1268,1
DA:1269,1
DA:1270,1
DA:1271,1
DA:1272,1
DA:1274,1
DA:1275,1
DA:1276,1
DA:1277,1
DA:1278,1
DA:1279,1
DA:1282,1
DA:1283,1
DA:1284,1
DA:1287,1
DA:1288,1
DA:1291,1
DA:1292,1
DA:1293,1
DA:1294,1
DA:1295,1
DA:1297,1
DA:1299,1
DA:1300,1
DA:1301,0
DA:1302,0
DA:1303,0
DA:1304,0
DA:1305,0
DA:1306,0
DA:1307,1
DA:1322,24
DA:1323,24
DA:1324,24
DA:1325,24
DA:1326,24
DA:1327,24
DA:1328,24
DA:1331,24
DA:1332,1
DA:1333,1
DA:1334,24
DA:1336,0
DA:1337,0
DA:1338,0
DA:1341,24
DA:1342,24
DA:1343,1
DA:1344,1
DA:1346,1
DA:1347,1
DA:1350,24
DA:1351,24
DA:1352,0
DA:1353,0
DA:1354,0
DA:1357,24
DA:1358,24
DA:1359,3
DA:1360,3
DA:1361,3
DA:1362,3
DA:1364,24
DA:1365,24
DA:1366,24
DA:1367,24
DA:1368,24
DA:1369,24
DA:1370,24
DA:1371,24
DA:1372,24
DA:1373,24
DA:1378,19
DA:1379,19
DA:1382,19
DA:1383,24
DA:1384,24
DA:1385,21
DA:1386,21
DA:1387,24
DA:1388,24
DA:1391,19
DA:1392,4
DA:1393,19
DA:1396,19
DA:1397,19
DA:1399,21
DA:1400,3
DA:1401,21
DA:1403,21
DA:1404,21
DA:1406,19
DA:1407,19
DA:1412,8
DA:1413,8
DA:1415,8
DA:1416,8
DA:1418,8
DA:1419,8
DA:1420,8
DA:1421,0
DA:1422,0
DA:1423,8
DA:1424,3
DA:1425,3
DA:1426,8
DA:1427,0
DA:1428,0
DA:1429,8
DA:1430,0
DA:1431,0
DA:1432,8
DA:1433,0
DA:1434,0
DA:1435,8
DA:1436,0
DA:1437,0
DA:1438,8
DA:1439,2
DA:1440,2
DA:1441,8
DA:1442,3
DA:1443,3
DA:1444,8
DA:1445,0
DA:1446,0
DA:1447,8
DA:1448,0
DA:1449,0
DA:1450,8
DA:1451,0
DA:1452,0
DA:1453,8
DA:1454,0
DA:1455,0
DA:1456,8
DA:1457,0
DA:1458,0
DA:1459,8
DA:1460,0
DA:1461,0
DA:1462,8
DA:1463,0
DA:1464,0
DA:1465,8
DA:1466,8
DA:1468,8
DA:1469,8
DA:1474,6
DA:1476,6
DA:1477,6
DA:1478,6
DA:1479,6
DA:1480,6
DA:1481,6
DA:1482,6
DA:1483,6
DA:1484,6
DA:1485,6
DA:1486,2
DA:1487,2
DA:1488,2
DA:1489,2
DA:1491,6
DA:1492,6
DA:1493,6
DA:1494,6
DA:1495,1
DA:1496,6
DA:1498,1
DA:1499,1
DA:1504,19
DA:1505,19
DA:1506,19
DA:1509,19
DA:1510,24
DA:1511,24
DA:1512,19
DA:1513,19
DA:1514,19
DA:1515,19
DA:1516,19
DA:1517,24
DA:1520,19
DA:1521,19
DA:1523,0
DA:1524,0
DA:1525,0
DA:1526,0
DA:1527,0
DA:1528,0
DA:1529,0
DA:1530,19
DA:1532,19
DA:1533,19
DA:1538,24
DA:1539,24
DA:1540,24
DA:1541,24
DA:1542,24
DA:1543,24
DA:1544,24
DA:1545,24
DA:1546,24
DA:1547,24
DA:1548,14
DA:1549,24
DA:1550,14
DA:1551,24
DA:1552,14
DA:1553,24
DA:1554,24
DA:1555,24
DA:1556,24
DA:1558,5
DA:1559,5
DA:1564,19
DA:1565,19
DA:1566,19
DA:1567,19
DA:1568,19
DA:1569,17
DA:1570,17
DA:1573,2
DA:1576,2
DA:1577,19
DA:1578,0
DA:1579,19
DA:1580,0
DA:1581,19
DA:1582,0
DA:1583,19
DA:1584,2
DA:1585,19
DA:1586,19
DA:1591,0
DA:1593,0
DA:1594,0
DA:1599,0
DA:1601,0
DA:1602,0
DA:1603,0
DA:1604,0
DA:1605,0
DA:1606,0
DA:1611,0
DA:1613,0
DA:1614,0
DA:1615,0
DA:1616,0
DA:1617,0
DA:1618,0
DA:1619,0
DA:1620,0
DA:1621,0
DA:1622,0
DA:1623,0
DA:1625,0
DA:1626,0
DA:1627,0
DA:1628,0
DA:1629,0
DA:1630,0
DA:1631,0
DA:1632,0
DA:1637,0
DA:1639,0
DA:1640,0
DA:1642,0
DA:1643,0
DA:1644,0
DA:1645,0
DA:1648,0
DA:1649,0
DA:1650,0
DA:1652,0
DA:1657,0
DA:1658,0
DA:1660,0
DA:1661,0
DA:1662,0
DA:1663,0
DA:1664,0
DA:1665,0
DA:1667,0
DA:1668,0
DA:1673,0
DA:1674,0
DA:1676,0
DA:1677,0
DA:1678,0
DA:1679,0
DA:1680,0
DA:1681,0
DA:1682,0
DA:1683,0
DA:1684,0
DA:1686,0
DA:1687,0
DA:1692,19
DA:1693,19
DA:1694,19
DA:1695,24
DA:1696,24
DA:1697,19
DA:1698,19
DA:1703,19
DA:1704,19
DA:1705,19
DA:1706,24
DA:1707,24
DA:1708,24
DA:1709,1
DA:1710,1
DA:1711,24
DA:1712,19
DA:1713,19
DA:1715,1
DA:1716,124
DA:1717,124
DA:1718,124
DA:1719,124
DA:1721,124
DA:1723,124
DA:1724,124
DA:1725,124
DA:1726,124
DA:1727,124
DA:1729,3
DA:1730,124
DA:1732,121
DA:1733,121
DA:1735,124
DA:1736,124
DA:1737,124
DA:1738,124
DA:1741,124
DA:1742,124
DA:1745,124
DA:1746,124
DA:1747,124
DA:1748,124
DA:1749,124
DA:1750,124
DA:1751,124
DA:1754,124
DA:1755,124
DA:1756,124
DA:1757,124
DA:1758,124
DA:1759,124
DA:1760,124
DA:1763,124
DA:1764,124
DA:1765,124
DA:1766,124
DA:1767,124
DA:1768,124
DA:1770,124
DA:1771,124
DA:1772,124
DA:1773,124
DA:1774,124
DA:1775,124
DA:1776,124
DA:1777,124
DA:1778,124
DA:1779,124
DA:1780,124
DA:1781,0
DA:1782,0
DA:1783,0
DA:1784,0
DA:1785,0
DA:1786,124
DA:1791,124
DA:1792,124
DA:1793,124
DA:1794,124
DA:1795,124
DA:1796,124
DA:1797,124
DA:1798,124
DA:1799,124
DA:1800,124
DA:1801,124
DA:1804,124
DA:1805,124
DA:1806,124
DA:1808,124
DA:1809,124
DA:1814,124
DA:1815,124
DA:1816,124
DA:1817,124
DA:1818,124
DA:1819,124
DA:1820,124
DA:1821,124
DA:1824,124
DA:1825,106
DA:1826,106
DA:1829,18
DA:1830,18
DA:1831,0
DA:1832,124
DA:1833,0
DA:1834,0
DA:1836,18
DA:1837,18
DA:1838,9
DA:1839,124
DA:1840,0
DA:1841,0
DA:1844,124
DA:1845,0
DA:1846,0
DA:1849,18
DA:1850,18
DA:1855,9
DA:1856,9
DA:1857,9
DA:1858,9
DA:1859,9
DA:1860,9
DA:1862,9
DA:1863,9
DA:1868,18
DA:1869,18
DA:1870,18
DA:1871,18
DA:1877,18
DA:1878,18
DA:1879,18
DA:1880,18
DA:1881,18
DA:1884,18
DA:1885,0
DA:1886,0
DA:1889,18
DA:1890,0
DA:1891,0
DA:1894,18
DA:1895,18
DA:1896,18
DA:1898,18
DA:1899,0
DA:1900,0
DA:1903,18
DA:1904,18
DA:1905,18
DA:1907,18
DA:1908,0
DA:1909,0
DA:1911,18
DA:1912,18
DA:1917,124
DA:1918,124
DA:1919,124
DA:1920,124
DA:1921,124
DA:1922,124
DA:1923,124
DA:1924,124
DA:1926,124
DA:1929,124
DA:1930,124
DA:1932,106
DA:1933,106
DA:1934,106
DA:1935,106
DA:1936,106
DA:1938,124
DA:1940,18
DA:1941,18
DA:1942,18
DA:1943,18
DA:1944,18
DA:1946,124
DA:1948,0
DA:1949,0
DA:1950,0
DA:1951,0
DA:1952,0
DA:1953,0
DA:1954,124
DA:1959,124
DA:1960,124
DA:1961,124
DA:1962,124
DA:1963,124
DA:1965,124
DA:1966,0
DA:1969,124
DA:1970,124
DA:1971,106
DA:1972,124
DA:1973,18
DA:1974,18
DA:1976,124
DA:1977,124
DA:1978,0
DA:1979,124
DA:1980,0
DA:1981,0
DA:1984,124
DA:1985,124
DA:1986,106
DA:1987,124
DA:1988,95
DA:1989,95
DA:1991,124
DA:1992,124
DA:1993,0
DA:1994,124
DA:1995,0
DA:1996,0
DA:1999,124
DA:2000,124
DA:2005,124
DA:2006,124
DA:2007,124
DA:2008,124
DA:2009,124
DA:2010,124
DA:2011,124
DA:2014,124
DA:2015,124
DA:2016,106
DA:2017,106
DA:2018,106
DA:2019,11
DA:2020,11
DA:2021,106
DA:2023,124
DA:2024,18
DA:2025,18
DA:2026,18
DA:2027,18
DA:2028,18
DA:2029,18
DA:2031,124
DA:2032,0
DA:2033,0
DA:2034,0
DA:2035,0
DA:2036,0
DA:2037,0
DA:2038,0
DA:2039,124
DA:2042,124
DA:2043,20
DA:2044,20
DA:2045,124
DA:2046,3
DA:2047,3
DA:2050,124
DA:2051,9
DA:2052,9
DA:2053,9
DA:2056,124
DA:2057,0
DA:2058,0
DA:2059,0
DA:2060,0
DA:2062,124
DA:2063,124
DA:2068,0
DA:2076,0
DA:2077,0
DA:2078,0
DA:2079,0
DA:2080,0
DA:2081,0
DA:2083,0
DA:2084,0
DA:2086,0
DA:2088,0
DA:2089,0
DA:2090,0
DA:2093,0
DA:2094,0
DA:2095,0
DA:2098,0
DA:2099,0
DA:2100,0
DA:2103,0
DA:2104,0
DA:2105,0
DA:2108,0
DA:2109,0
DA:2110,0
DA:2113,0
DA:2114,0
DA:2116,0
DA:2117,0
DA:2118,0
DA:2119,0
DA:2120,0
DA:2122,0
DA:2123,0
DA:2125,0
DA:2126,0
DA:2127,0
DA:2128,0
DA:2129,0
DA:2130,0
DA:2131,0
DA:2132,0
DA:2133,0
DA:2134,0
DA:2136,1
DA:2137,1
DA:2138,1
DA:2139,1
DA:2143,1
DA:2144,1
DA:2145,1
DA:2147,1
DA:2148,1
DA:2150,1
DA:2151,2
DA:2154,2
DA:2155,2
DA:2156,2
DA:2158,2
DA:2159,2
DA:2160,1
DA:2161,1
DA:2162,2
DA:2163,0
DA:2164,0
DA:2165,2
DA:2166,0
DA:2167,0
DA:2168,2
DA:2169,0
DA:2170,0
DA:2171,0
DA:2172,2
DA:2173,0
DA:2174,0
DA:2175,2
DA:2176,1
DA:2177,2
DA:2179,2
DA:2180,1
DA:2181,1
DA:2183,2
DA:2184,2
DA:2186,1
DA:2187,1
DA:2189,1
DA:2190,1
DA:2191,0
DA:2192,0
DA:2193,0
DA:2194,0
DA:2195,0
DA:2196,0
DA:2197,1
DA:2199,1
DA:2200,1
DA:2201,1
DA:2215,1
DA:2216,1
DA:2218,1
DA:2220,1
DA:2222,0
DA:2223,1
DA:2225,1
DA:2228,1
DA:2229,1
DA:2231,1
DA:2232,1
DA:2233,1
DA:2234,1
DA:2235,3
DA:2236,3
DA:2237,3
DA:2238,3
DA:2239,1
DA:2240,1
DA:2241,1
DA:2242,1
DA:2244,1
DA:2249,1
DA:2251,1
DA:2255,1
DA:2257,1
DA:2260,1
DA:2261,3
DA:2262,3
DA:2263,3
DA:2265,3
DA:2268,3
DA:2269,3
DA:2270,3
DA:2271,3
DA:2273,3
DA:2274,1
DA:2275,1
DA:2276,1
DA:2277,1
DA:2278,1
DA:2279,1
DA:2280,1
DA:2283,3
DA:2284,3
DA:2285,3
DA:2286,3
DA:2288,3
DA:2289,0
DA:2290,0
DA:2291,0
DA:2292,0
DA:2293,0
DA:2294,0
DA:2295,0
DA:2296,3
DA:2297,3
DA:2300,1
DA:2302,1
DA:2303,3
DA:2305,2
DA:2306,2
DA:2307,2
DA:2308,2
DA:2309,1
DA:2310,2
DA:2312,3
DA:2313,1
DA:2314,1
DA:2315,1
DA:2316,1
DA:2317,1
DA:2319,3
DA:2320,1
DA:2321,1
DA:2322,1
DA:2323,1
DA:2324,1
DA:2325,1
DA:2326,1
DA:2328,1
DA:2329,1
DA:2330,3
DA:2333,1
DA:2334,1
DA:2335,1
DA:2336,1
DA:2337,1
DA:2339,1
DA:2340,1
DA:2341,1
DA:2342,1
DA:2343,1
DA:2344,1
DA:2345,1
DA:2346,1
DA:2348,1
DA:2349,1
DA:2350,1
DA:2351,1
DA:2352,1
DA:2353,1
DA:2354,0
DA:2355,0
DA:2356,0
DA:2357,0
DA:2358,0
DA:2359,0
DA:2360,1
DA:2362,3
DA:2364,3
DA:2365,3
DA:2367,3
DA:2368,0
DA:2369,0
DA:2371,3
DA:2372,3
DA:2373,3
DA:2374,3
DA:2375,3
DA:2376,3
DA:2377,3
DA:2378,3
DA:2379,3
DA:2380,3
DA:2381,3
DA:2382,3
DA:2383,3
DA:2384,3
DA:2385,3
DA:2386,3
DA:2387,3
DA:2388,3
DA:2389,3
DA:2390,3
DA:2391,3
DA:2392,3
DA:2394,3
DA:2395,14
DA:2396,1
DA:2397,1
DA:2398,14
DA:2400,2
DA:2401,2
DA:2403,1
DA:2404,8
DA:2405,8
DA:2408,8
DA:2409,8
DA:2410,8
DA:2412,8
DA:2415,8
DA:2416,8
DA:2417,6
DA:2418,2
DA:2420,8
DA:2421,8
DA:2422,1
DA:2424,8
DA:2425,1
DA:2427,8
DA:2428,6
DA:2430,8
DA:2431,0
DA:2432,0
DA:2433,0
DA:2435,0
DA:2436,0
DA:2438,8
DA:2439,0
DA:2440,8
DA:2441,8
DA:2442,0
DA:2443,0
DA:2444,0
DA:2445,0
DA:2446,0
DA:2447,0
DA:2448,8
DA:2453,1
DA:2455,1
DA:2456,1
DA:2457,1
DA:2460,0
DA:2461,0
DA:2462,0
DA:2463,0
DA:2464,0
DA:2465,0
DA:2468,0
DA:2469,0
DA:2470,0
DA:2473,0
DA:2474,0
DA:2479,1
DA:2481,1
DA:2482,1
DA:2483,1
DA:2484,1
DA:2487,0
DA:2488,0
DA:2493,6
DA:2495,6
DA:2496,6
DA:2499,6
DA:2500,6
DA:2501,6
DA:2504,0
DA:2505,0
DA:2506,0
DA:2507,0
DA:2508,0
DA:2509,0
DA:2512,0
DA:2513,0
DA:2514,0
DA:2517,0
DA:2518,0
DA:2519,0
DA:2522,0
DA:2523,0
DA:2528,0
DA:2529,0
DA:2530,0
DA:2531,0
DA:2532,0
DA:2533,0
DA:2534,0
DA:2535,0
DA:2536,0
DA:2537,0
DA:2538,0
DA:2539,0
DA:2540,0
DA:2541,0
DA:2547,34
DA:2548,34
DA:2556,34
DA:2559,34
DA:2560,34
DA:2561,0
DA:2562,0
DA:2565,34
DA:2566,34
DA:2567,34
DA:2568,34
DA:2569,34
DA:2570,34
DA:2573,34
DA:2574,34
DA:2575,34
DA:2576,34
DA:2577,0
DA:2578,0
DA:2583,34
DA:2584,34
DA:2585,34
DA:2588,34
DA:2589,17
DA:2590,17
DA:2593,34
DA:2594,0
DA:2595,0
DA:2597,34
DA:2598,34
DA:2603,0
DA:2609,0
DA:2610,0
DA:2611,0
DA:2614,0
DA:2615,0
DA:2616,0
DA:2619,0
DA:2620,0
DA:2621,0
DA:2622,0
DA:2623,0
DA:2626,0
DA:2627,0
DA:2628,0
DA:2631,0
DA:2632,0
DA:2633,0
DA:2634,0
DA:2637,0
DA:2638,0
DA:2640,0
DA:2641,0
DA:2642,0
DA:2647,0
DA:2649,0
DA:2650,0
DA:2651,0
DA:2652,0
DA:2653,0
DA:2654,0
DA:2655,0
DA:2656,0
DA:2661,0
DA:2663,0
DA:2664,0
DA:2665,0
DA:2666,0
DA:2667,0
DA:2668,0
DA:2669,0
DA:2670,0
DA:2675,5
DA:2679,5
DA:2680,5
DA:2681,5
DA:2682,5
DA:2685,5
DA:2686,5
DA:2687,5
DA:2689,5
DA:2690,5
DA:2693,5
DA:2694,0
DA:2695,0
DA:2696,0
DA:2697,0
DA:2698,0
DA:2699,5
DA:2702,5
DA:2703,5
DA:2704,10
DA:2705,5
DA:2706,5
DA:2707,10
DA:2708,5
DA:2710,5
DA:2711,0
DA:2712,0
DA:2713,0
DA:2714,0
DA:2717,5
DA:2718,5
DA:2719,5
DA:2720,5
DA:2722,5
DA:2723,0
DA:2724,0
DA:2725,0
DA:2726,0
DA:2728,5
DA:2729,5
DA:2734,0
DA:2735,0
DA:2736,0
DA:2741,0
DA:2742,0
DA:2743,0
DA:2744,0
DA:2745,0
DA:2746,0
DA:2747,0
DA:2748,0
DA:2749,0
DA:2752,0
DA:2753,0
DA:2754,0
DA:2755,0
DA:2756,0
DA:2758,0
DA:2759,0
DA:2760,0
DA:2761,0
DA:2762,0
DA:2764,0
DA:2765,0
DA:2766,0
DA:2767,0
DA:2768,0
DA:2769,0
DA:2770,0
DA:2773,0
DA:2774,0
DA:2775,0
DA:2777,0
DA:2778,0
DA:2780,1
DA:2781,10
DA:2782,10
DA:2783,10
DA:2784,10
DA:2785,10
DA:2787,10
DA:2788,10
DA:2789,10
DA:2791,10
DA:2793,6
DA:2794,6
DA:2795,6
DA:2796,10
DA:2798,4
DA:2799,4
DA:2800,4
DA:2803,4
DA:2804,4
DA:2806,10
DA:2807,0
DA:2808,0
DA:2810,6
DA:2811,6
DA:2814,6
DA:2815,6
DA:2816,6
DA:2817,6
DA:2818,6
DA:2819,6
DA:2821,10
DA:2822,6
DA:2823,6
DA:2824,6
DA:2825,6
DA:2826,5
DA:2827,5
DA:2828,5
DA:2829,5
DA:2830,6
DA:2832,6
DA:2833,6
DA:2836,10
DA:2837,6
DA:2838,6
DA:2839,6
DA:2841,6
DA:2842,6
DA:2843,18
DA:2844,18
DA:2845,18
DA:2846,18
DA:2847,18
DA:2849,6
DA:2850,6
DA:2851,6
DA:2854,10
DA:2855,0
DA:2856,0
DA:2857,0
DA:2859,0
DA:2860,0
DA:2861,0
DA:2862,0
DA:2864,0
DA:2865,0
DA:2866,0
DA:2869,10
DA:2870,6
DA:2871,6
DA:2872,6
DA:2873,6
DA:2874,6
DA:2875,6
DA:2876,6
DA:2877,6
DA:2879,6
DA:2880,18
DA:2881,6
DA:2883,6
DA:2884,6
DA:2885,6
DA:2886,6
DA:2889,10
DA:2890,0
DA:2891,0
DA:2892,0
DA:2893,0
DA:2894,0
DA:2896,0
DA:2897,0
DA:2898,0
DA:2900,0
DA:2901,0
DA:2902,0
DA:2903,0
DA:2906,10
DA:2907,6
DA:2908,6
DA:2909,6
DA:2911,0
DA:2912,0
DA:2913,0
DA:2914,0
DA:2915,0
DA:2916,0
DA:2917,0
DA:2918,0
DA:2919,10
DA:2924,4
DA:2925,4
DA:2926,4
DA:2927,4
DA:2928,4
DA:2929,1
DA:2930,1
DA:2932,3
DA:2934,3
DA:2935,4
DA:2937,1
DA:2938,1
DA:2940,4
DA:2942,1
DA:2943,1
DA:2944,1
DA:2945,1
DA:2946,1
DA:2947,1
DA:2948,1
DA:2950,4
DA:2952,1
DA:2953,1
DA:2954,1
DA:2955,1
DA:2956,1
DA:2957,1
DA:2958,1
DA:2959,1
DA:2960,1
DA:2961,1
DA:2962,1
DA:2963,1
DA:2964,1
DA:2965,2
DA:2966,1
DA:2967,1
DA:2968,1
DA:2969,1
DA:2971,1
DA:2972,1
DA:2973,1
DA:2974,1
DA:2975,1
DA:2976,4
DA:2978,3
DA:2979,3
DA:2984,17
DA:2985,17
DA:2986,17
DA:2987,17
DA:2988,17
DA:2989,17
DA:2990,17
DA:2991,17
DA:2993,17
DA:2994,34
DA:2995,34
DA:2997,17
DA:2998,17
DA:3003,5
DA:3004,5
DA:3005,5
DA:3006,5
DA:3007,5
DA:3008,5
DA:3009,5
DA:3010,5
DA:3011,5
DA:3012,5
DA:3014,5
DA:3015,10
DA:3016,10
DA:3017,5
DA:3018,5
DA:3019,5
DA:3020,5
DA:3021,0
DA:3022,0
DA:3023,0
DA:3024,0
DA:3025,0
DA:3026,0
DA:3027,10
DA:3029,5
DA:3030,5
DA:3035,6
DA:3036,6
DA:3037,6
DA:3038,6
DA:3039,6
DA:3042,6
DA:3043,6
DA:3044,6
DA:3046,6
DA:3047,6
DA:3048,6
DA:3049,6
DA:3050,6
DA:3053,6
DA:3054,6
DA:3055,12
DA:3056,6
DA:3058,6
DA:3059,6
DA:3060,6
DA:3061,6
DA:3062,6
DA:3065,6
DA:3066,6
DA:3067,6
DA:3069,6
DA:3070,0
DA:3071,0
DA:3072,0
DA:3073,0
DA:3076,6
DA:3077,6
DA:3079,6
DA:3080,0
DA:3081,0
DA:3082,0
DA:3083,0
DA:3086,6
DA:3087,6
DA:3088,6
DA:3089,6
DA:3090,6
DA:3091,6
DA:3094,6
DA:3095,6
DA:3096,6
DA:3098,6
DA:3099,0
DA:3100,0
DA:3101,0
DA:3102,0
DA:3105,6
DA:3107,0
DA:3108,0
DA:3109,0
DA:3110,0
DA:3113,6
DA:3115,0
DA:3116,0
DA:3117,0
DA:3118,0
DA:3120,6
DA:3121,6
DA:3126,0
DA:3127,0
DA:3128,0
DA:3129,0
DA:3130,0
DA:3133,0
DA:3134,0
DA:3135,0
DA:3136,0
DA:3137,0
DA:3138,0
DA:3139,0
DA:3140,0
DA:3141,0
DA:3143,0
DA:3144,0
DA:3145,0
DA:3148,0
DA:3149,0
DA:3150,0
DA:3151,0
DA:3152,0
DA:3154,0
DA:3155,0
DA:3156,0
DA:3157,0
DA:3158,0
DA:3161,0
DA:3162,0
DA:3163,0
DA:3165,0
DA:3166,0
DA:3167,0
DA:3168,0
DA:3169,0
DA:3172,0
DA:3173,0
DA:3174,0
DA:3175,0
DA:3176,0
DA:3177,0
DA:3180,0
DA:3181,0
DA:3182,0
DA:3183,0
DA:3184,0
DA:3185,0
DA:3186,0
DA:3187,0
DA:3188,0
DA:3190,0
DA:3191,0
DA:3192,0
DA:3195,0
DA:3196,0
DA:3198,0
DA:3199,0
DA:3204,0
DA:3205,0
DA:3206,0
DA:3207,0
DA:3208,0
DA:3211,0
DA:3212,0
DA:3213,0
DA:3214,0
DA:3217,0
DA:3218,0
DA:3219,0
DA:3220,0
DA:3223,0
DA:3224,0
DA:3225,0
DA:3228,0
DA:3229,0
DA:3230,0
DA:3233,0
DA:3234,0
DA:3235,0
DA:3238,0
DA:3239,0
DA:3240,0
DA:3242,0
DA:3243,0
DA:3244,0
DA:3246,0
DA:3247,0
DA:3252,6
DA:3253,6
DA:3254,6
DA:3256,6
DA:3257,12
DA:3259,12
DA:3260,12
DA:3263,12
DA:3264,12
DA:3265,12
DA:3266,12
DA:3267,12
DA:3270,12
DA:3271,12
DA:3272,12
DA:3273,12
DA:3274,12
DA:3275,12
DA:3276,12
DA:3277,12
DA:3278,12
DA:3280,6
DA:3281,6
DA:3286,12
DA:3287,12
DA:3288,12
DA:3289,6
DA:3290,12
DA:3291,6
DA:3292,12
DA:3293,0
DA:3294,12
DA:3295,0
DA:3296,12
DA:3297,12
DA:3302,0
DA:3303,0
DA:3304,0
DA:3305,0
DA:3306,0
DA:3307,0
DA:3308,0
DA:3310,0
DA:3312,0
DA:3313,0
DA:3314,0
DA:3315,0
DA:3317,0
DA:3318,0
DA:3319,0
DA:3321,0
DA:3322,0
DA:3323,0
DA:3324,0
DA:3325,0
[...]
DA:711,0
DA:712,0
DA:713,0
DA:714,0
DA:715,0
DA:716,0
DA:717,0
DA:718,0
DA:719,0
DA:720,0
DA:721,0
DA:722,0
DA:723,0
DA:724,0
DA:725,0
DA:726,0
DA:727,0
DA:728,0
DA:729,0
DA:730,0
DA:731,0
DA:732,0
DA:733,0
DA:734,0
DA:735,0
DA:736,0
DA:737,0
DA:738,0
DA:739,0
DA:740,0
DA:741,0
DA:742,0
DA:743,0
DA:744,0
DA:745,0
DA:746,0
DA:747,0
DA:748,0
DA:749,0
DA:750,0
DA:751,0
DA:752,0
DA:753,0
DA:754,0
DA:755,0
DA:756,0
DA:757,0
DA:758,0
DA:759,0
DA:760,0
DA:761,0
DA:762,0
DA:763,0
DA:764,0
DA:765,0
DA:766,0
DA:767,0
DA:768,0
DA:769,0
DA:770,0
DA:771,0
DA:772,0
DA:773,0
DA:774,0
DA:775,0
DA:776,0
DA:777,0
DA:778,0
DA:779,0
DA:780,0
DA:781,0
DA:782,0
DA:783,0
DA:784,0
DA:785,0
DA:786,0
DA:787,0
DA:788,0
DA:789,0
DA:790,0
DA:791,0
DA:792,0
DA:793,0
DA:794,0
DA:795,0
DA:796,0
DA:797,0
DA:798,0
DA:799,0
DA:800,0
DA:801,0
DA:802,0
DA:803,0
DA:804,0
DA:805,0
DA:806,0
DA:807,0
DA:808,0
DA:809,0
DA:810,0
DA:811,0
DA:812,0
DA:813,0
DA:814,0
DA:815,0
DA:816,0
DA:817,0
DA:818,0
DA:819,0
DA:820,0
DA:821,0
DA:822,0
DA:823,0
DA:824,0
DA:825,0
DA:826,0
DA:827,0
DA:828,0
DA:829,0
DA:830,0
DA:831,0
DA:832,0
DA:833,0
DA:834,0
DA:835,0
DA:836,0
DA:837,0
DA:838,0
DA:839,0
DA:840,0
DA:841,0
DA:842,0
DA:843,0
DA:844,0
DA:845,0
DA:846,0
DA:847,0
DA:848,0
DA:849,0
DA:850,0
DA:851,0
DA:852,0
DA:853,0
DA:854,0
DA:855,0
DA:856,0
DA:857,0
DA:858,0
DA:859,0
DA:860,0
DA:861,0
DA:862,0
DA:863,0
DA:864,0
DA:865,0
DA:866,0
DA:867,0
DA:868,0
DA:869,0
DA:870,0
DA:871,0
DA:872,0
DA:873,0
DA:874,0
DA:875,0
DA:876,0
DA:877,0
DA:878,0
DA:879,0
DA:880,0
DA:881,0
DA:882,0
DA:883,0
DA:884,0
DA:885,0
DA:886,0
DA:887,0
DA:888,0
DA:889,0
DA:890,0
DA:891,0
DA:892,0
DA:893,0
DA:894,0
DA:895,0
DA:896,0
DA:897,0
DA:898,0
DA:899,0
DA:900,0
DA:901,0
DA:902,0
DA:903,0
DA:904,0
DA:905,0
DA:906,0
DA:907,0
DA:908,0
DA:909,0
DA:910,0
DA:911,0
DA:912,0
DA:913,0
DA:914,0
DA:915,0
DA:916,0
DA:917,0
DA:918,0
DA:919,0
DA:920,0
DA:921,0
DA:922,0
DA:923,0
DA:924,0
DA:925,0
DA:926,0
DA:927,0
DA:928,0
DA:929,0
DA:930,0
DA:931,0
DA:932,0
DA:933,0
DA:934,0
DA:935,0
DA:936,0
DA:937,0
DA:938,0
DA:939,0
DA:940,0
DA:941,0
DA:942,0
DA:943,0
DA:944,0
DA:945,0
DA:946,0
DA:947,0
DA:948,0
DA:949,0
DA:950,0
DA:951,0
DA:952,0
DA:953,0
DA:954,0
DA:955,0
DA:956,0
DA:957,0
DA:958,0
DA:959,0
DA:960,0
DA:961,0
DA:962,0
DA:963,0
DA:964,0
DA:965,0
DA:966,0
DA:967,0
DA:968,0
DA:969,0
DA:970,0
DA:971,0
DA:972,0
DA:973,0
DA:974,0
DA:975,0
DA:976,0
DA:977,0
DA:978,0
DA:979,0
DA:980,0
DA:981,0
DA:982,0
DA:983,0
DA:984,0
DA:985,0
DA:986,0
DA:987,0
DA:988,0
DA:989,0
DA:990,0
DA:991,0
DA:992,0
DA:993,0
DA:994,0
DA:995,0
DA:996,0
DA:997,0
DA:998,0
DA:999,0
DA:1000,0
DA:1001,0
DA:1002,0
DA:1003,0
DA:1004,0
DA:1005,0
DA:1006,0
DA:1007,0
DA:1008,0
DA:1009,0
DA:1010,0
DA:1011,0
DA:1012,0
LF:1012
LH:0
BRDA:1,0,0,0
BRF:1
BRH:0
end_of_record
TN:
SF:tests/fixtures/vite/edge-cases/src/DynamicStyles.vue
FN:1,(empty-report)
FNF:1
FNH:0
FNDA:0,(empty-report)
DA:1,0
DA:2,0
DA:3,0
DA:4,0
DA:5,0
DA:6,0
DA:7,0
DA:8,0
DA:9,0
DA:10,0
DA:11,0
DA:12,0
DA:13,0
DA:14,0
DA:15,0
DA:16,0
DA:17,0
DA:18,0
DA:19,0
DA:20,0
DA:21,0
DA:22,0
DA:23,0
DA:24,0
DA:25,0
DA:26,0
DA:27,0
DA:28,0
DA:29,0
DA:30,0
DA:31,0
DA:32,0
DA:33,0
DA:34,0
DA:35,0
DA:36,0
DA:37,0
DA:38,0
DA:39,0
DA:40,0
DA:41,0
DA:42,0
DA:43,0
DA:44,0
DA:45,0
DA:46,0
DA:47,0
DA:48,0
DA:49,0
DA:50,0
DA:51,0
DA:52,0
DA:53,0
DA:54,0
DA:55,0
DA:56,0
DA:57,0
DA:58,0
DA:59,0
DA:60,0
DA:61,0
DA:62,0
DA:63,0
DA:64,0
DA:65,0
DA:66,0
DA:67,0
DA:68,0
DA:69,0
DA:70,0
DA:71,0
DA:72,0
DA:73,0
DA:74,0
DA:75,0
DA:76,0
DA:77,0
DA:78,0
DA:79,0
DA:80,0
DA:81,0
DA:82,0
DA:83,0
DA:84,0
DA:85,0
DA:86,0
DA:87,0
DA:88,0
DA:89,0
DA:90,0
DA:91,0
DA:92,0
DA:93,0
DA:94,0
DA:95,0
DA:96,0
DA:97,0
DA:98,0
DA:99,0
DA:100,0
DA:101,0
DA:102,0
DA:103,0
DA:104,0
DA:105,0
DA:106,0
DA:107,0
DA:108,0
DA:109,0
DA:110,0
DA:111,0
DA:112,0
DA:113,0
DA:114,0
DA:115,0
DA:116,0
DA:117,0
DA:118,0
DA:119,0
DA:120,0
DA:121,0
DA:122,0
DA:123,0
DA:124,0
DA:125,0
DA:126,0
DA:127,0
DA:128,0
DA:129,0
DA:130,0
DA:131,0
DA:132,0
DA:133,0
DA:134,0
DA:135,0
DA:136,0
DA:137,0
DA:138,0
DA:139,0
DA:140,0
DA:141,0
DA:142,0
DA:143,0
DA:144,0
DA:145,0
DA:146,0
DA:147,0
DA:148,0
DA:149,0
DA:150,0
DA:151,0
DA:152,0
DA:153,0
DA:154,0
DA:155,0
DA:156,0
DA:157,0
DA:158,0
DA:159,0
DA:160,0
DA:161,0
DA:162,0
DA:163,0
DA:164,0
DA:165,0
DA:166,0
DA:167,0
DA:168,0
DA:169,0
DA:170,0
DA:171,0
DA:172,0
DA:173,0
DA:174,0
DA:175,0
DA:176,0
DA:177,0
DA:178,0
DA:179,0
DA:180,0
DA:181,0
DA:182,0
DA:183,0
DA:184,0
DA:185,0
DA:186,0
DA:187,0
DA:188,0
DA:189,0
DA:190,0
DA:191,0
DA:192,0
DA:193,0
DA:194,0
DA:195,0
DA:196,0
DA:197,0
DA:198,0
DA:199,0
DA:200,0
DA:201,0
DA:202,0
DA:203,0
DA:204,0
DA:205,0
DA:206,0
DA:207,0
DA:208,0
DA:209,0
DA:210,0
DA:211,0
DA:212,0
DA:213,0
DA:214,0
DA:215,0
DA:216,0
DA:217,0
DA:218,0
DA:219,0
DA:220,0
DA:221,0
DA:222,0
DA:223,0
DA:224,0
DA:225,0
DA:226,0
DA:227,0
DA:228,0
DA:229,0
DA:230,0
DA:231,0
DA:232,0
DA:233,0
DA:234,0
DA:235,0
DA:236,0
DA:237,0
DA:238,0
DA:239,0
DA:240,0
DA:241,0
DA:242,0
DA:243,0
DA:244,0
DA:245,0
DA:246,0
DA:247,0
DA:248,0
DA:249,0
DA:250,0
DA:251,0
DA:252,0
DA:253,0
DA:254,0
DA:255,0
DA:256,0
DA:257,0
DA:258,0
DA:259,0
DA:260,0
DA:261,0
DA:262,0
DA:263,0
DA:264,0
DA:265,0
DA:266,0
DA:267,0
DA:268,0
DA:269,0
DA:270,0
DA:271,0
DA:272,0
DA:273,0
DA:274,0
DA:275,0
DA:276,0
DA:277,0
DA:278,0
DA:279,0
DA:280,0
DA:281,0
DA:282,0
DA:283,0
DA:284,0
DA:285,0
DA:286,0
DA:287,0
DA:288,0
DA:289,0
DA:290,0
DA:291,0
DA:292,0
DA:293,0
DA:294,0
DA:295,0
DA:296,0
DA:297,0
DA:298,0
DA:299,0
DA:300,0
DA:301,0
DA:302,0
DA:303,0
DA:304,0
DA:305,0
DA:306,0
DA:307,0
DA:308,0
DA:309,0
DA:310,0
DA:311,0
DA:312,0
DA:313,0
DA:314,0
DA:315,0
DA:316,0
DA:317,0
DA:318,0
DA:319,0
DA:320,0
DA:321,0
DA:322,0
DA:323,0
DA:324,0
DA:325,0
DA:326,0
DA:327,0
DA:328,0
DA:329,0
DA:330,0
DA:331,0
DA:332,0
DA:333,0
DA:334,0
DA:335,0
DA:336,0
DA:337,0
DA:338,0
DA:339,0
DA:340,0
DA:341,0
DA:342,0
DA:343,0
DA:344,0
DA:345,0
DA:346,0
DA:347,0
DA:348,0
DA:349,0
DA:350,0
DA:351,0
DA:352,0
DA:353,0
DA:354,0
DA:355,0
DA:356,0
DA:357,0
DA:358,0
DA:359,0
DA:360,0
DA:361,0
DA:362,0
DA:363,0
DA:364,0
DA:365,0
DA:366,0
DA:367,0
DA:368,0
DA:369,0
DA:370,0
DA:371,0
DA:372,0
DA:373,0
DA:374,0
DA:375,0
DA:376,0
DA:377,0
DA:378,0
DA:379,0
DA:380,0
DA:381,0
DA:382,0
DA:383,0
DA:384,0
DA:385,0
DA:386,0
DA:387,0
DA:388,0
DA:389,0
DA:390,0
DA:391,0
DA:392,0
DA:393,0
DA:394,0
DA:395,0
DA:396,0
DA:397,0
DA:398,0
DA:399,0
DA:400,0
DA:401,0
DA:402,0
DA:403,0
DA:404,0
DA:405,0
DA:406,0
DA:407,0
DA:408,0
DA:409,0
DA:410,0
DA:411,0
DA:412,0
DA:413,0
DA:414,0
DA:415,0
DA:416,0
DA:417,0
DA:418,0
DA:419,0
DA:420,0
DA:421,0
DA:422,0
DA:423,0
DA:424,0
DA:425,0
DA:426,0
DA:427,0
DA:428,0
DA:429,0
DA:430,0
DA:431,0
DA:432,0
DA:433,0
DA:434,0
DA:435,0
DA:436,0
DA:437,0
DA:438,0
DA:439,0
DA:440,0
DA:441,0
DA:442,0
DA:443,0
DA:444,0
DA:445,0
DA:446,0
DA:447,0
LF:447
LH:0
BRDA:1,0,0,0
BRF:1
BRH:0
end_of_record
TN:
SF:tests/fixtures/vite/simple/src/App.vue
FN:1,(empty-report)
FNF:1
FNH:0
FNDA:0,(empty-report)
DA:1,0
DA:2,0
DA:3,0
DA:4,0
DA:5,0
DA:6,0
DA:7,0
DA:8,0
DA:9,0
DA:10,0
DA:11,0
DA:12,0
DA:13,0
DA:14,0
DA:15,0
DA:16,0
DA:17,0
DA:18,0
DA:19,0
DA:20,0
DA:21,0
DA:22,0
DA:23,0
DA:24,0
DA:25,0
DA:26,0
DA:27,0
DA:28,0
DA:29,0
DA:30,0
DA:31,0
DA:32,0
DA:33,0
DA:34,0
DA:35,0
DA:36,0
DA:37,0
DA:38,0
DA:39,0
DA:40,0
DA:41,0
DA:42,0
DA:43,0
DA:44,0
DA:45,0
DA:46,0
DA:47,0
DA:48,0
DA:49,0
DA:50,0
DA:51,0
DA:52,0
DA:53,0
DA:54,0
DA:55,0
DA:56,0
DA:57,0
DA:58,0
DA:59,0
DA:60,0
DA:61,0
DA:62,0
DA:63,0
DA:64,0
DA:65,0
DA:66,0
DA:67,0
DA:68,0
DA:69,0
DA:70,0
DA:71,0
DA:72,0
DA:73,0
DA:74,0
DA:75,0
DA:76,0
DA:77,0
DA:78,0
DA:79,0
DA:80,0
DA:81,0
DA:82,0
DA:83,0
DA:84,0
DA:85,0
DA:86,0
DA:87,0
DA:88,0
DA:89,0
DA:90,0
DA:91,0
DA:92,0
DA:93,0
DA:94,0
DA:95,0
DA:96,0
DA:97,0
DA:98,0
DA:99,0
DA:100,0
DA:101,0
DA:102,0
DA:103,0
DA:104,0
DA:105,0
DA:106,0
DA:107,0
DA:108,0
DA:109,0
DA:110,0
DA:111,0
DA:112,0
DA:113,0
DA:114,0
DA:115,0
DA:116,0
DA:117,0
DA:118,0
DA:119,0
DA:120,0
DA:121,0
DA:122,0
DA:123,0
DA:124,0
DA:125,0
DA:126,0
DA:127,0
DA:128,0
DA:129,0
DA:130,0
DA:131,0
DA:132,0
DA:133,0
DA:134,0
DA:135,0
DA:136,0
DA:137,0
DA:138,0
DA:139,0
DA:140,0
DA:141,0
DA:142,0
DA:143,0
DA:144,0
DA:145,0
DA:146,0
DA:147,0
DA:148,0
DA:149,0
DA:150,0
DA:151,0
DA:152,0
DA:153,0
DA:154,0
DA:155,0
DA:156,0
DA:157,0
DA:158,0
DA:159,0
DA:160,0
DA:161,0
DA:162,0
DA:163,0
DA:164,0
DA:165,0
DA:166,0
DA:167,0
DA:168,0
DA:169,0
DA:170,0
DA:171,0
DA:172,0
DA:173,0
DA:174,0
DA:175,0
DA:176,0
DA:177,0
DA:178,0
DA:179,0
DA:180,0
DA:181,0
DA:182,0
DA:183,0
DA:184,0
DA:185,0
DA:186,0
DA:187,0
DA:188,0
DA:189,0
DA:190,0
DA:191,0
DA:192,0
DA:193,0
DA:194,0
DA:195,0
DA:196,0
DA:197,0
DA:198,0
DA:199,0
DA:200,0
DA:201,0
DA:202,0
DA:203,0
DA:204,0
DA:205,0
DA:206,0
DA:207,0
DA:208,0
DA:209,0
DA:210,0
DA:211,0
DA:212,0
DA:213,0
DA:214,0
DA:215,0
DA:216,0
DA:217,0
DA:218,0
DA:219,0
DA:220,0
DA:221,0
DA:222,0
DA:223,0
DA:224,0
DA:225,0
DA:226,0
DA:227,0
DA:228,0
DA:229,0
DA:230,0
DA:231,0
DA:232,0
DA:233,0
DA:234,0
DA:235,0
DA:236,0
DA:237,0
DA:238,0
DA:239,0
DA:240,0
DA:241,0
DA:242,0
DA:243,0
DA:244,0
DA:245,0
DA:246,0
DA:247,0
DA:248,0
DA:249,0
DA:250,0
DA:251,0
DA:252,0
DA:253,0
DA:254,0
DA:255,0
DA:256,0
DA:257,0
DA:258,0
DA:259,0
DA:260,0
DA:261,0
DA:262,0
DA:263,0
DA:264,0
DA:265,0
DA:266,0
DA:267,0
DA:268,0
DA:269,0
DA:270,0
DA:271,0
DA:272,0
DA:273,0
DA:274,0
DA:275,0
DA:276,0
DA:277,0
DA:278,0
DA:279,0
DA:280,0
DA:281,0
DA:282,0
DA:283,0
DA:284,0
DA:285,0
DA:286,0
DA:287,0
DA:288,0
DA:289,0
DA:290,0
DA:291,0
DA:292,0
DA:293,0
DA:294,0
DA:295,0
DA:296,0
DA:297,0
DA:298,0
DA:299,0
DA:300,0
DA:301,0
DA:302,0
DA:303,0
DA:304,0
DA:305,0
DA:306,0
DA:307,0
DA:308,0
DA:309,0
DA:310,0
DA:311,0
DA:312,0
DA:313,0
DA:314,0
DA:315,0
DA:316,0
DA:317,0
DA:318,0
DA:319,0
DA:320,0
DA:321,0
DA:322,0
DA:323,0
DA:324,0
DA:325,0
DA:326,0
DA:327,0
DA:328,0
DA:329,0
DA:330,0
DA:331,0
DA:332,0
DA:333,0
DA:334,0
DA:335,0
DA:336,0
DA:337,0
DA:338,0
DA:339,0
DA:340,0
DA:341,0
DA:342,0
DA:343,0
DA:344,0
DA:345,0
DA:346,0
DA:347,0
DA:348,0
DA:349,0
DA:350,0
DA:351,0
DA:352,0
DA:353,0
DA:354,0
DA:355,0
DA:356,0
DA:357,0
DA:358,0
DA:359,0
DA:360,0
DA:361,0
DA:362,0
DA:363,0
DA:364,0
DA:365,0
DA:366,0
DA:367,0
DA:368,0
DA:369,0
DA:370,0
DA:371,0
DA:372,0
DA:373,0
DA:374,0
DA:375,0
DA:376,0
DA:377,0
DA:378,0
DA:379,0
DA:380,0
DA:381,0
DA:382,0
DA:383,0
DA:384,0
DA:385,0
DA:386,0
DA:387,0
DA:388,0
DA:389,0
DA:390,0
DA:391,0
DA:392,0
DA:393,0
DA:394,0
DA:395,0
DA:396,0
DA:397,0
DA:398,0
DA:399,0
DA:400,0
DA:401,0
DA:402,0
DA:403,0
DA:404,0
DA:405,0
DA:406,0
DA:407,0
DA:408,0
DA:409,0
DA:410,0
DA:411,0
DA:412,0
DA:413,0
DA:414,0
DA:415,0
DA:416,0
DA:417,0
DA:418,0
DA:419,0
DA:420,0
DA:421,0
DA:422,0
DA:423,0
DA:424,0
DA:425,0
DA:426,0
DA:427,0
DA:428,0
DA:429,0
DA:430,0
DA:431,0
DA:432,0
DA:433,0
DA:434,0
DA:435,0
DA:436,0
DA:437,0
DA:438,0
DA:439,0
DA:440,0
DA:441,0
DA:442,0
DA:443,0
DA:444,0
DA:445,0
DA:446,0
DA:447,0
DA:448,0
DA:449,0
DA:450,0
DA:451,0
DA:452,0
DA:453,0
DA:454,0
DA:455,0
DA:456,0
DA:457,0
LF:457
LH:0
BRDA:1,0,0,0
BRF:1
BRH:0
end_of_record
TN:
SF:tests/utils/fixture-loader.ts
FN:45,<instance_members_initializer>
FN:48,FixtureLoader
FN:55,loadAllFixtures
FN:87,loadFixture
FN:135,getAvailableFrameworks
FN:155,getAvailableComplexities
FN:176,loadProjectFiles
FN:198,walk
FN:261,loadConfigFiles
FN:300,getFileType
FN:329,getConfigType
FN:341,getFixtureStats
FN:371,filterFiles
FN:399,clearCache
FNF:14
FNH:13
FNDA:1,<instance_members_initializer>
FNDA:1,FixtureLoader
FNDA:1,loadAllFixtures
FNDA:9,loadFixture
FNDA:1,getAvailableFrameworks
FNDA:3,getAvailableComplexities
FNDA:9,loadProjectFiles
FNDA:19,walk
FNDA:9,loadConfigFiles
FNDA:11,getFileType
FNDA:1,getConfigType
FNDA:9,getFixtureStats
FNDA:79,filterFiles
FNDA:0,clearCache
DA:1,1
DA:2,1
DA:3,1
DA:44,1
DA:45,1
DA:46,1
DA:48,1
DA:49,1
DA:50,1
DA:55,1
DA:56,1
DA:57,1
DA:58,1
DA:59,1
DA:61,1
DA:62,3
DA:64,3
DA:65,9
DA:66,9
DA:67,9
DA:68,9
DA:69,9
DA:70,9
DA:71,9
DA:72,9
DA:73,0
DA:74,0
DA:75,0
DA:76,0
DA:77,0
DA:78,9
DA:79,3
DA:81,1
DA:82,1
DA:87,1
DA:88,9
DA:89,9
DA:90,9
DA:91,9
DA:92,9
DA:94,9
DA:95,0
DA:96,0
DA:98,9
DA:100,9
DA:101,0
DA:102,0
DA:104,9
DA:105,9
DA:106,9
DA:107,9
DA:108,9
DA:109,9
DA:110,9
DA:111,9
DA:114,9
DA:115,9
DA:116,1
DA:117,1
DA:118,1
DA:119,1
DA:120,0
DA:121,0
DA:122,1
DA:125,9
DA:126,9
DA:128,9
DA:129,9
DA:130,9
DA:135,1
DA:136,1
DA:137,1
DA:138,1
DA:139,1
DA:140,1
DA:141,1
DA:146,1
DA:147,0
DA:148,0
DA:149,0
DA:150,1
DA:155,1
DA:156,3
DA:157,3
DA:158,3
DA:159,3
DA:160,3
DA:161,3
DA:162,3
DA:163,3
DA:164,3
DA:165,9
DA:166,3
DA:167,3
DA:168,0
DA:169,0
DA:170,0
DA:171,3
DA:176,1
DA:177,9
DA:178,9
DA:179,9
DA:180,9
DA:181,9
DA:182,9
DA:183,9
DA:184,9
DA:185,9
DA:186,9
DA:187,9
DA:188,9
DA:189,9
DA:190,9
DA:191,9
DA:192,9
DA:193,9
DA:194,9
DA:195,9
DA:196,9
DA:198,9
DA:199,19
DA:201,19
DA:202,22
DA:203,22
DA:206,22
DA:207,22
DA:208,22
DA:209,22
DA:210,0
DA:211,0
DA:213,22
DA:214,10
DA:215,22
DA:216,12
DA:219,12
DA:220,12
DA:221,12
DA:222,12
DA:223,1
DA:224,1
DA:226,11
DA:227,11
DA:230,12
DA:231,0
DA:232,0
DA:233,0
DA:234,0
DA:235,0
DA:237,11
DA:239,11
DA:240,11
DA:241,11
DA:242,11
DA:243,11
DA:244,11
DA:245,11
DA:246,11
DA:247,12
DA:248,0
DA:249,0
DA:250,12
DA:251,22
DA:252,19
DA:254,9
DA:255,9
DA:256,9
DA:261,1
DA:262,9
DA:263,9
DA:264,9
DA:265,9
DA:266,9
DA:267,9
DA:268,9
DA:269,9
DA:270,9
DA:271,9
DA:272,9
DA:273,9
DA:274,9
DA:276,9
DA:277,90
DA:279,90
DA:280,1
DA:281,1
DA:282,1
DA:283,1
DA:284,1
DA:285,1
DA:286,1
DA:287,1
DA:288,1
DA:289,0
DA:290,0
DA:291,1
DA:292,90
DA:294,9
DA:295,9
DA:300,1
DA:301,11
DA:302,11
DA:303,11
DA:304,11
DA:305,0
DA:306,0
DA:308,11
DA:309,11
DA:310,11
DA:312,0
DA:313,0
DA:314,0
DA:316,0
DA:317,0
DA:318,0
DA:319,11
DA:320,0
DA:321,0
DA:323,0
DA:324,11
DA:329,1
DA:330,1
DA:331,0
DA:332,0
DA:333,0
DA:334,0
DA:335,0
DA:336,1
DA:341,1
DA:347,9
DA:348,9
DA:349,9
DA:350,9
DA:351,9
DA:352,9
DA:353,9
DA:354,9
DA:356,9
DA:357,11
DA:358,11
DA:359,11
DA:360,11
DA:362,9
DA:363,9
DA:365,9
DA:366,9
DA:371,1
DA:372,79
DA:373,79
DA:380,79
DA:381,79
DA:382,111
DA:383,111
DA:384,111
DA:385,111
DA:386,111
DA:387,111
DA:388,111
DA:389,0
DA:391,111
DA:392,111
DA:393,79
DA:394,79
DA:399,1
DA:400,0
DA:401,0
DA:402,1
LF:266
LH:219
BRDA:45,0,0,1
BRDA:48,1,0,1
BRDA:55,2,0,1
BRDA:61,3,0,3
BRDA:64,4,0,9
BRDA:72,5,0,0
BRDA:87,6,0,9
BRDA:94,7,0,0
BRDA:100,8,0,0
BRDA:115,9,0,1
BRDA:119,10,0,0
BRDA:135,11,0,1
BRDA:146,12,0,0
BRDA:139,13,0,3
BRDA:140,14,0,3
BRDA:141,15,0,3
BRDA:155,16,0,3
BRDA:167,17,0,0
BRDA:162,18,0,9
BRDA:163,19,0,9
BRDA:164,20,0,9
BRDA:176,21,0,9
BRDA:198,22,0,19
BRDA:201,23,0,22
BRDA:209,24,0,0
BRDA:213,25,0,10
BRDA:215,26,0,12
BRDA:222,27,0,1
BRDA:224,28,0,11
BRDA:230,29,0,0
BRDA:235,30,0,11
BRDA:247,31,0,0
BRDA:208,32,0,110
BRDA:261,33,0,9
BRDA:276,34,0,90
BRDA:279,35,0,1
BRDA:288,36,0,0
BRDA:300,37,0,11
BRDA:304,38,0,0
BRDA:310,39,0,0
BRDA:319,40,0,0
BRDA:304,41,0,22
BRDA:329,42,0,1
BRDA:330,43,0,0
BRDA:341,44,0,9
BRDA:356,45,0,11
BRDA:357,46,0,9
BRDA:359,47,0,9
BRDA:363,48,0,0
BRDA:350,49,0,11
BRDA:371,50,0,79
BRDA:381,51,0,111
BRDA:382,52,0,0
BRDA:383,53,0,0
BRDA:384,54,0,0
BRDA:385,55,0,0
BRDA:385,56,0,0
BRDA:386,57,0,0
BRDA:386,58,0,0
BRDA:388,59,0,0
BRDA:391,60,0,0
BRF:61
BRH:37
end_of_record
TN:
SF:tests/utils/performance-monitor.ts
FN:65,<instance_members_initializer>
FN:70,PerformanceMonitor
FN:77,startOperation
FN:86,end
FN:112,benchmark
FN:179,setBaseline
FN:186,getSystemMetrics
FN:217,startMonitoring
FN:236,stopMonitoring
FN:252,getMetrics
FN:263,clearMetrics
FN:270,exportMetrics
FN:291,importMetrics
FN:307,calculateSummary
FN:340,compareResults
FN:364,setupPerformanceObservers
FN:393,on
FN:400,emit
FN:416,dispose
FN:437,measureMemory
FN:461,time
FN:474,throttle
FN:513,formatBytes
FN:524,formatDuration
FNF:24
FNH:17
FNDA:1,<instance_members_initializer>
FNDA:1,PerformanceMonitor
FNDA:173,startOperation
FNDA:173,end
FNDA:3,benchmark
FNDA:0,setBaseline
FNDA:2,getSystemMetrics
FNDA:1,startMonitoring
FNDA:1,stopMonitoring
FNDA:0,getMetrics
FNDA:11,clearMetrics
FNDA:1,exportMetrics
FNDA:0,importMetrics
FNDA:3,calculateSummary
FNDA:0,compareResults
FNDA:1,setupPerformanceObservers
FNDA:0,on
FNDA:2,emit
FNDA:0,dispose
FNDA:168,measureMemory
FNDA:9,time
FNDA:0,throttle
FNDA:9,formatBytes
FNDA:4,formatDuration
DA:1,1
DA:2,1
DA:64,1
DA:65,1
DA:66,1
DA:67,1
DA:68,1
DA:70,1
DA:71,1
DA:72,1
DA:77,1
DA:78,173
DA:79,173
DA:80,173
DA:81,173
DA:82,173
DA:83,173
DA:85,173
DA:86,173
DA:87,173
DA:88,173
DA:89,173
DA:91,173
DA:92,173
DA:93,173
DA:94,173
DA:95,173
DA:96,173
DA:97,173
DA:98,173
DA:99,173
DA:100,173
DA:101,173
DA:103,173
DA:104,173
DA:105,173
DA:106,173
DA:107,173
DA:112,1
DA:113,3
DA:114,3
DA:115,3
DA:119,3
DA:120,3
DA:121,3
DA:124,3
DA:125,6
DA:126,6
DA:129,3
DA:130,0
DA:131,0
DA:134,3
DA:136,3
DA:137,15
DA:138,15
DA:139,15
DA:140,15
DA:142,15
DA:143,15
DA:144,15
DA:145,0
DA:146,0
DA:147,0
DA:149,15
DA:150,15
DA:153,15
DA:154,3
DA:155,3
DA:156,15
DA:158,15
DA:160,15
DA:161,15
DA:162,15
DA:163,15
DA:164,15
DA:167,15
DA:168,3
DA:169,0
DA:170,0
DA:171,0
DA:173,3
DA:174,3
DA:179,1
DA:180,0
DA:181,0
DA:186,1
DA:187,2
DA:188,2
DA:189,2
DA:191,2
DA:192,2
DA:193,2
DA:194,2
DA:195,2
DA:196,2
DA:197,2
DA:198,2
DA:199,2
DA:200,2
DA:201,2
DA:202,2
DA:203,2
DA:204,2
DA:205,2
DA:206,2
DA:207,2
DA:208,2
DA:209,2
DA:210,2
DA:211,2
DA:212,2
DA:217,1
DA:218,1
DA:219,0
DA:220,0
DA:222,1
DA:224,1
DA:225,2
DA:226,2
DA:227,1
DA:230,1
DA:231,1
DA:236,1
DA:237,1
DA:238,0
DA:239,0
DA:241,1
DA:243,1
DA:244,1
DA:245,1
DA:246,1
DA:247,1
DA:252,1
DA:253,0
DA:254,0
DA:255,0
DA:257,0
DA:258,0
DA:263,1
DA:264,11
DA:265,11
DA:270,1
DA:271,1
DA:272,1
DA:273,1
DA:274,1
DA:275,1
DA:276,1
DA:277,1
DA:278,1
DA:279,1
DA:280,1
DA:281,1
DA:282,1
DA:283,1
DA:284,1
DA:285,1
DA:286,1
DA:291,1
DA:292,0
DA:293,0
DA:294,0
DA:296,0
DA:297,0
DA:298,0
DA:299,0
DA:300,0
DA:301,0
DA:302,0
DA:307,1
DA:308,3
DA:309,3
DA:310,3
DA:311,3
DA:313,3
DA:314,3
DA:315,3
DA:316,3
DA:318,3
DA:319,3
DA:320,3
DA:323,3
DA:325,3
DA:326,3
DA:327,3
DA:328,3
DA:329,3
DA:330,3
DA:331,3
DA:332,3
DA:333,3
DA:334,3
DA:335,3
DA:340,1
DA:341,0
DA:342,0
DA:343,0
DA:344,0
DA:345,0
DA:346,0
DA:347,0
DA:348,0
DA:349,0
DA:350,0
DA:351,0
DA:352,0
DA:354,0
DA:355,0
DA:356,0
DA:357,0
DA:358,0
DA:359,0
DA:364,1
DA:366,1
DA:367,0
DA:368,0
DA:369,0
DA:370,0
DA:371,1
DA:373,1
DA:374,1
DA:377,1
DA:378,0
DA:379,0
DA:380,0
DA:381,0
DA:382,1
DA:384,1
DA:385,1
DA:386,1
DA:391,1
DA:393,1
DA:394,0
DA:395,0
DA:396,0
DA:397,0
DA:398,0
DA:400,1
DA:401,2
DA:402,2
DA:403,0
DA:404,0
DA:405,0
DA:406,0
DA:407,0
DA:408,0
DA:409,0
DA:410,0
DA:411,2
DA:416,1
DA:417,0
DA:419,0
DA:420,0
DA:421,0
DA:423,0
DA:424,0
DA:425,0
DA:426,1
DA:433,1
DA:437,1
DA:438,168
DA:439,168
DA:441,168
DA:442,0
DA:443,0
DA:445,168
DA:446,168
DA:448,168
DA:449,0
DA:450,0
DA:452,168
DA:453,168
DA:455,168
DA:456,168
DA:461,1
DA:462,9
DA:463,9
DA:464,9
DA:465,9
DA:466,9
DA:468,9
DA:469,9
DA:474,1
DA:475,0
DA:476,0
DA:477,0
DA:478,0
DA:479,0
DA:481,0
DA:482,0
DA:484,0
DA:485,0
DA:486,0
DA:487,0
DA:488,0
DA:489,0
DA:490,0
DA:492,0
DA:493,0
DA:494,0
DA:495,0
DA:496,0
DA:497,0
DA:498,0
DA:500,0
DA:501,0
DA:502,0
DA:503,0
DA:504,0
DA:505,0
DA:507,0
DA:508,0
DA:513,1
DA:514,9
DA:515,9
DA:517,9
DA:518,9
DA:519,9
DA:524,1
DA:525,4
DA:526,3
DA:527,0
DA:528,0
DA:529,4
DA:530,1
DA:533,1
LF:326
LH:216
BRDA:65,0,0,1
BRDA:70,1,0,1
BRDA:77,2,0,173
BRDA:86,3,0,173
BRDA:112,4,0,3
BRDA:124,5,0,6
BRDA:129,6,0,0
BRDA:136,7,0,15
BRDA:144,8,0,0
BRDA:153,9,0,3
BRDA:168,10,0,0
BRDA:154,11,0,3
BRDA:186,12,0,2
BRDA:202,13,0,0
BRDA:203,14,0,0
BRDA:217,15,0,1
BRDA:218,16,0,0
BRDA:224,17,0,2
BRDA:236,18,0,1
BRDA:237,19,0,0
BRDA:263,20,0,11
BRDA:270,21,0,1
BRDA:307,22,0,3
BRDA:310,23,0,15
BRDA:311,24,0,15
BRDA:313,25,0,15
BRDA:320,26,0,15
BRDA:364,27,0,1
BRDA:400,28,0,2
BRDA:402,29,0,0
BRDA:437,30,0,168
BRDA:441,31,0,0
BRDA:448,32,0,0
BRDA:461,33,0,9
BRDA:513,34,0,9
BRDA:515,35,0,0
BRDA:524,36,0,4
BRDA:525,37,0,1
BRDA:525,38,0,3
BRDA:526,39,0,0
BRF:40
BRH:28
end_of_record
TN:
SF:types/tailwind-enigma.d.ts
FN:1,(empty-report)
FNF:1
FNH:1
FNDA:1,(empty-report)
LF:0
LH:0
BRDA:1,0,0,1
BRF:1
BRH:1
end_of_record
